Looking for git in: git
Using git 2.27.0 from git
> git rev-parse --show-toplevel
> git rev-parse --git-dir
Open repository: /home/jast/Documents/Uni/Vorlesungen/Semester4/ss20propa
> git fetch
> git status -z -u
> git symbolic-ref --short HEAD
> git rev-parse master
> git rev-parse --symbolic-full-name master@{u}
> git rev-list --left-right master...refs/remotes/origin/master
> git for-each-ref --format %(refname) %(objectname) --sort -committerdate
> git remote --verbose
> git config --get commit.template
> git show :exercise5/task2/expression5.json
> git ls-files --stage -- /home/jast/Documents/Uni/Vorlesungen/Semester4/ss20propa/exercise5/task2/expression5.json
> git cat-file -s 654204a142c46bf1fac34fd57cf05aae4ec6740b
> git check-ignore -v -z --stdin
> git status -z -u
> git symbolic-ref --short HEAD
> git rev-parse master
> git rev-parse --symbolic-full-name master@{u}
> git rev-list --left-right master...refs/remotes/origin/master
> git for-each-ref --format %(refname) %(objectname) --sort -committerdate
> git remote --verbose
> git config --get commit.template
> git ls-files --stage -- /home/jast/Documents/Uni/Vorlesungen/Semester4/ss20propa/exercise5/task2/expression5.json
> git cat-file -s 654204a142c46bf1fac34fd57cf05aae4ec6740b
> git show :exercise5/task2/expression5.json
> git status -z -u
> git symbolic-ref --short HEAD
> git rev-parse master
> git rev-parse --symbolic-full-name master@{u}
> git rev-list --left-right master...refs/remotes/origin/master
> git for-each-ref --format %(refname) %(objectname) --sort -committerdate
> git remote --verbose
> git config --get commit.template
> git status -z -u
> git symbolic-ref --short HEAD
> git rev-parse master
> git rev-parse --symbolic-full-name master@{u}
> git rev-list --left-right master...refs/remotes/origin/master
> git for-each-ref --format %(refname) %(objectname) --sort -committerdate
> git remote --verbose
> git config --get commit.template
> git status -z -u
> git symbolic-ref --short HEAD
> git rev-parse master
> git rev-parse --symbolic-full-name master@{u}
> git rev-list --left-right master...refs/remotes/origin/master
> git for-each-ref --format %(refname) %(objectname) --sort -committerdate
> git remote --verbose
> git config --get commit.template
> git add -A -- /home/jast/Documents/Uni/Vorlesungen/Semester4/ss20propa/exercise5/task2/expression5.json
> git status -z -u
> git symbolic-ref --short HEAD
> git rev-parse master
> git rev-parse --symbolic-full-name master@{u}
> git rev-list --left-right master...refs/remotes/origin/master
> git for-each-ref --format %(refname) %(objectname) --sort -committerdate
> git remote --verbose
> git config --get commit.template
> git ls-files --stage -- /home/jast/Documents/Uni/Vorlesungen/Semester4/ss20propa/exercise5/task2/expression5.json
> git cat-file -s e92b5a24274619fe70037553f99a2c978dfe3db3
> git show :exercise5/task2/expression5.json
> git status -z -u
> git symbolic-ref --short HEAD
> git rev-parse master
> git rev-parse --symbolic-full-name master@{u}
> git rev-list --left-right master...refs/remotes/origin/master
> git for-each-ref --format %(refname) %(objectname) --sort -committerdate
> git remote --verbose
> git config --get commit.template
> git commit --quiet --allow-empty-message --file -
> git status -z -u
> git symbolic-ref --short HEAD
> git rev-parse master
> git rev-parse --symbolic-full-name master@{u}
> git rev-list --left-right master...refs/remotes/origin/master
> git for-each-ref --format %(refname) %(objectname) --sort -committerdate
> git remote --verbose
> git config --get commit.template
> git config --get commit.template
> git ls-files --stage -- /home/jast/Documents/Uni/Vorlesungen/Semester4/ss20propa/exercise5/task2/expression5.json
> git cat-file -s e92b5a24274619fe70037553f99a2c978dfe3db3
> git show :exercise5/task2/expression5.json
> git pull --tags origin master
From https://github.com/jast38/ss20propa
 * branch            master     -> FETCH_HEAD
> git push origin master:master
> git ls-files --stage -- /home/jast/Documents/Uni/Vorlesungen/Semester4/ss20propa/exercise5/task2/expression5.json
> git cat-file -s e92b5a24274619fe70037553f99a2c978dfe3db3
> git show :exercise5/task2/expression5.json
remote: This repository moved. Please use the new location:        
remote:   https://github.com/Jast38/ss20propa.git        
To https://github.com/jast38/ss20propa.git
   830f698..5328bba  master -> master
> git status -z -u
> git symbolic-ref --short HEAD
> git rev-parse master
> git rev-parse --symbolic-full-name master@{u}
> git rev-list --left-right master...refs/remotes/origin/master
> git for-each-ref --format %(refname) %(objectname) --sort -committerdate
> git remote --verbose
> git config --get commit.template
> git status -z -u
> git symbolic-ref --short HEAD
> git rev-parse master
> git rev-parse --symbolic-full-name master@{u}
> git rev-list --left-right master...refs/remotes/origin/master
> git for-each-ref --format %(refname) %(objectname) --sort -committerdate
> git remote --verbose
> git config --get commit.template
