[11:55:25] Initializing LaTeX Workshop.
[11:55:25] Creating PDF file watcher.
[11:55:25] Creating LaTeX Workshop http and websocket server.
[11:55:25] LaTeX Workshop initialized.
[11:55:25] Server created on 127.0.0.1:40865
[11:55:25] Snippet data loaded.
[11:55:25] LaTeX Workshop version: 8.11.1
[11:55:25] Found root file from parent: /home/jast/Documents/Uni/Vorlesungen/Semester4/ss20NumGl/NumGl_Blatt06/numGl_Blatt06.tex
[11:55:25] Root file changed: from undefined to /home/jast/Documents/Uni/Vorlesungen/Semester4/ss20NumGl/NumGl_Blatt06/numGl_Blatt06.tex
[11:55:25] Start to find all dependencies.
[11:55:25] Instantiating a new file watcher for /home/jast/Documents/Uni/Vorlesungen/Semester4/ss20NumGl/NumGl_Blatt06/numGl_Blatt06.tex
[11:55:25] Creating Bib file watcher.
[11:55:25] Parsing a file and its subfiles: /home/jast/Documents/Uni/Vorlesungen/Semester4/ss20NumGl/NumGl_Blatt06/numGl_Blatt06.tex
[11:55:25] Parsing a file and its subfiles: /home/jast/Documents/Uni/Vorlesungen/Semester4/ss20NumGl/NumGl_Blatt06/tex/B6A1.tex
[11:55:25] Parsing a file and its subfiles: /home/jast/Documents/Uni/Vorlesungen/Semester4/ss20NumGl/NumGl_Blatt06/tex/a.tex
[11:55:25] Parse fls file.
[11:55:25] Cannot find fls file: /home/jast/Documents/Uni/Vorlesungen/Semester4/ss20NumGl/NumGl_Blatt06/tex/a.fls
[11:55:25] Parsing a file and its subfiles: /home/jast/Documents/Uni/Vorlesungen/Semester4/ss20NumGl/NumGl_Blatt06/tex/b.tex
[11:55:25] Parse fls file.
[11:55:25] Cannot find fls file: /home/jast/Documents/Uni/Vorlesungen/Semester4/ss20NumGl/NumGl_Blatt06/tex/b.fls
[11:55:25] Parsing a file and its subfiles: /home/jast/Documents/Uni/Vorlesungen/Semester4/ss20NumGl/NumGl_Blatt06/tex/c.tex
[11:55:25] Parse fls file.
[11:55:25] Cannot find fls file: /home/jast/Documents/Uni/Vorlesungen/Semester4/ss20NumGl/NumGl_Blatt06/tex/c.fls
[11:55:25] Parsing a file and its subfiles: /home/jast/Documents/Uni/Vorlesungen/Semester4/ss20NumGl/NumGl_Blatt06/tex/d.tex
[11:55:25] Parse fls file.
[11:55:25] Cannot find fls file: /home/jast/Documents/Uni/Vorlesungen/Semester4/ss20NumGl/NumGl_Blatt06/tex/d.fls
[11:55:25] Parse fls file.
[11:55:25] Cannot find fls file: /home/jast/Documents/Uni/Vorlesungen/Semester4/ss20NumGl/NumGl_Blatt06/tex/B6A1.fls
[11:55:25] Parse fls file.
[11:55:25] Cannot find fls file: /home/jast/Documents/Uni/Vorlesungen/Semester4/ss20NumGl/NumGl_Blatt06/numGl_Blatt06.fls
[11:55:25] Added to file watcher: /home/jast/Documents/Uni/Vorlesungen/Semester4/ss20NumGl/NumGl_Blatt06/numGl_Blatt06.tex
[11:55:25] Added to file watcher: /home/jast/Documents/Uni/Vorlesungen/Semester4/ss20NumGl/NumGl_Blatt06/tex/B6A1.tex
[11:55:25] Added to file watcher: /home/jast/Documents/Uni/Vorlesungen/Semester4/ss20NumGl/NumGl_Blatt06/tex/a.tex
[11:55:25] Added to file watcher: /home/jast/Documents/Uni/Vorlesungen/Semester4/ss20NumGl/NumGl_Blatt06/tex/b.tex
[11:55:25] Added to file watcher: /home/jast/Documents/Uni/Vorlesungen/Semester4/ss20NumGl/NumGl_Blatt06/tex/c.tex
[11:55:25] Added to file watcher: /home/jast/Documents/Uni/Vorlesungen/Semester4/ss20NumGl/NumGl_Blatt06/tex/d.tex
[11:55:27] VIEW command invoked.
[11:55:27] Keep using the same root file: /home/jast/Documents/Uni/Vorlesungen/Semester4/ss20NumGl/NumGl_Blatt06/numGl_Blatt06.tex.
[11:55:27] Serving PDF file at http://localhost:40865/viewer.html?file=pdf..JTJGaG9tZSUyRmphc3QlMkZEb2N1bWVudHMlMkZVbmklMkZWb3JsZXN1bmdlbiUyRlNlbWVzdGVyNCUyRnNzMjBOdW1HbCUyRk51bUdsX0JsYXR0MDYlMkZudW1HbF9CbGF0dDA2LnBkZg
[11:55:27] The encoded path is /home/jast/Documents/Uni/Vorlesungen/Semester4/ss20NumGl/NumGl_Blatt06/numGl_Blatt06.pdf
[11:55:27] Open PDF tab for /home/jast/Documents/Uni/Vorlesungen/Semester4/ss20NumGl/NumGl_Blatt06/numGl_Blatt06.pdf
[11:55:28] Handle data type: open
[11:55:28] Preview PDF file: /home/jast/Documents/Uni/Vorlesungen/Semester4/ss20NumGl/NumGl_Blatt06/numGl_Blatt06.pdf
[11:55:28] Handle data type: request_params
[11:55:28] Keep using the same root file: /home/jast/Documents/Uni/Vorlesungen/Semester4/ss20NumGl/NumGl_Blatt06/numGl_Blatt06.tex.
[11:55:28] Handle data type: loaded
[11:55:33] Handle data type: reverse_synctex
[11:55:33] Synctex file, .synctex and .synctex.gz, not found in the file system for /home/jast/Documents/Uni/Vorlesungen/Semester4/ss20NumGl/NumGl_Blatt06/numGl_Blatt06.pdf
[11:55:33] SyncTexJsError: Synctex file, .synctex and .synctex.gz, not found in the file system for /home/jast/Documents/Uni/Vorlesungen/Semester4/ss20NumGl/NumGl_Blatt06/numGl_Blatt06.pdf
	at parseSyncTexForPdf (/home/jast/.vscode-oss/extensions/james-yu.latex-workshop-8.11.1/out/src/components/synctex.js:44:11)
	at Object.syncTexJsBackward (/home/jast/.vscode-oss/extensions/james-yu.latex-workshop-8.11.1/out/src/components/synctex.js:163:27)
	at Locator.locate (/home/jast/.vscode-oss/extensions/james-yu.latex-workshop-8.11.1/out/src/components/locator.js:272:36)
	at Viewer.handler (/home/jast/.vscode-oss/extensions/james-yu.latex-workshop-8.11.1/out/src/components/viewer.js:384:40)
	at WebSocket.<anonymous> (/home/jast/.vscode-oss/extensions/james-yu.latex-workshop-8.11.1/out/src/components/server.js:55:68)
	at WebSocket.emit (events.js:203:13)
	at Receiver.receiverOnMessage (/home/jast/.vscode-oss/extensions/james-yu.latex-workshop-8.11.1/node_modules/ws/lib/websocket.js:720:20)
	at Receiver.emit (events.js:203:13)
	at Receiver.dataMessage (/home/jast/.vscode-oss/extensions/james-yu.latex-workshop-8.11.1/node_modules/ws/lib/receiver.js:414:14)
	at Receiver.getData (/home/jast/.vscode-oss/extensions/james-yu.latex-workshop-8.11.1/node_modules/ws/lib/receiver.js:346:17)
	at Receiver.startLoop (/home/jast/.vscode-oss/extensions/james-yu.latex-workshop-8.11.1/node_modules/ws/lib/receiver.js:133:22)
	at Receiver._write (/home/jast/.vscode-oss/extensions/james-yu.latex-workshop-8.11.1/node_modules/ws/lib/receiver.js:69:10)
	at doWrite (_stream_writable.js:418:12)
	at writeOrBuffer (_stream_writable.js:402:5)
	at Receiver.Writable.write (_stream_writable.js:302:11)
	at Socket.socketOnData (/home/jast/.vscode-oss/extensions/james-yu.latex-workshop-8.11.1/node_modules/ws/lib/websocket.js:795:35)
	at Socket.emit (events.js:203:13)
	at addChunk (_stream_readable.js:295:12)
	at readableAddChunk (_stream_readable.js:276:11)
	at Socket.Readable.push (_stream_readable.js:210:10)
	at TCP.onStreamRead (internal/stream_base_commons.js:166:17)
[11:55:35] Keep using the same root file: /home/jast/Documents/Uni/Vorlesungen/Semester4/ss20NumGl/NumGl_Blatt06/numGl_Blatt06.tex.
[11:55:39] Keep using the same root file: /home/jast/Documents/Uni/Vorlesungen/Semester4/ss20NumGl/NumGl_Blatt06/numGl_Blatt06.tex.
[11:55:39] Keep using the same root file: /home/jast/Documents/Uni/Vorlesungen/Semester4/ss20NumGl/NumGl_Blatt06/numGl_Blatt06.tex.
[11:56:39] Handle data type: reverse_synctex
[11:56:39] Synctex file, .synctex and .synctex.gz, not found in the file system for /home/jast/Documents/Uni/Vorlesungen/Semester4/ss20NumGl/NumGl_Blatt06/numGl_Blatt06.pdf
[11:56:39] SyncTexJsError: Synctex file, .synctex and .synctex.gz, not found in the file system for /home/jast/Documents/Uni/Vorlesungen/Semester4/ss20NumGl/NumGl_Blatt06/numGl_Blatt06.pdf
	at parseSyncTexForPdf (/home/jast/.vscode-oss/extensions/james-yu.latex-workshop-8.11.1/out/src/components/synctex.js:44:11)
	at Object.syncTexJsBackward (/home/jast/.vscode-oss/extensions/james-yu.latex-workshop-8.11.1/out/src/components/synctex.js:163:27)
	at Locator.locate (/home/jast/.vscode-oss/extensions/james-yu.latex-workshop-8.11.1/out/src/components/locator.js:272:36)
	at Viewer.handler (/home/jast/.vscode-oss/extensions/james-yu.latex-workshop-8.11.1/out/src/components/viewer.js:384:40)
	at WebSocket.<anonymous> (/home/jast/.vscode-oss/extensions/james-yu.latex-workshop-8.11.1/out/src/components/server.js:55:68)
	at WebSocket.emit (events.js:203:13)
	at Receiver.receiverOnMessage (/home/jast/.vscode-oss/extensions/james-yu.latex-workshop-8.11.1/node_modules/ws/lib/websocket.js:720:20)
	at Receiver.emit (events.js:203:13)
	at Receiver.dataMessage (/home/jast/.vscode-oss/extensions/james-yu.latex-workshop-8.11.1/node_modules/ws/lib/receiver.js:414:14)
	at Receiver.getData (/home/jast/.vscode-oss/extensions/james-yu.latex-workshop-8.11.1/node_modules/ws/lib/receiver.js:346:17)
	at Receiver.startLoop (/home/jast/.vscode-oss/extensions/james-yu.latex-workshop-8.11.1/node_modules/ws/lib/receiver.js:133:22)
	at Receiver._write (/home/jast/.vscode-oss/extensions/james-yu.latex-workshop-8.11.1/node_modules/ws/lib/receiver.js:69:10)
	at doWrite (_stream_writable.js:418:12)
	at writeOrBuffer (_stream_writable.js:402:5)
	at Receiver.Writable.write (_stream_writable.js:302:11)
	at Socket.socketOnData (/home/jast/.vscode-oss/extensions/james-yu.latex-workshop-8.11.1/node_modules/ws/lib/websocket.js:795:35)
	at Socket.emit (events.js:203:13)
	at addChunk (_stream_readable.js:295:12)
	at readableAddChunk (_stream_readable.js:276:11)
	at Socket.Readable.push (_stream_readable.js:210:10)
	at TCP.onStreamRead (internal/stream_base_commons.js:166:17)
[11:56:41] Keep using the same root file: /home/jast/Documents/Uni/Vorlesungen/Semester4/ss20NumGl/NumGl_Blatt06/numGl_Blatt06.tex.
[11:56:42] Handle data type: reverse_synctex
[11:56:42] Synctex file, .synctex and .synctex.gz, not found in the file system for /home/jast/Documents/Uni/Vorlesungen/Semester4/ss20NumGl/NumGl_Blatt06/numGl_Blatt06.pdf
[11:56:42] SyncTexJsError: Synctex file, .synctex and .synctex.gz, not found in the file system for /home/jast/Documents/Uni/Vorlesungen/Semester4/ss20NumGl/NumGl_Blatt06/numGl_Blatt06.pdf
	at parseSyncTexForPdf (/home/jast/.vscode-oss/extensions/james-yu.latex-workshop-8.11.1/out/src/components/synctex.js:44:11)
	at Object.syncTexJsBackward (/home/jast/.vscode-oss/extensions/james-yu.latex-workshop-8.11.1/out/src/components/synctex.js:163:27)
	at Locator.locate (/home/jast/.vscode-oss/extensions/james-yu.latex-workshop-8.11.1/out/src/components/locator.js:272:36)
	at Viewer.handler (/home/jast/.vscode-oss/extensions/james-yu.latex-workshop-8.11.1/out/src/components/viewer.js:384:40)
	at WebSocket.<anonymous> (/home/jast/.vscode-oss/extensions/james-yu.latex-workshop-8.11.1/out/src/components/server.js:55:68)
	at WebSocket.emit (events.js:203:13)
	at Receiver.receiverOnMessage (/home/jast/.vscode-oss/extensions/james-yu.latex-workshop-8.11.1/node_modules/ws/lib/websocket.js:720:20)
	at Receiver.emit (events.js:203:13)
	at Receiver.dataMessage (/home/jast/.vscode-oss/extensions/james-yu.latex-workshop-8.11.1/node_modules/ws/lib/receiver.js:414:14)
	at Receiver.getData (/home/jast/.vscode-oss/extensions/james-yu.latex-workshop-8.11.1/node_modules/ws/lib/receiver.js:346:17)
	at Receiver.startLoop (/home/jast/.vscode-oss/extensions/james-yu.latex-workshop-8.11.1/node_modules/ws/lib/receiver.js:133:22)
	at Receiver._write (/home/jast/.vscode-oss/extensions/james-yu.latex-workshop-8.11.1/node_modules/ws/lib/receiver.js:69:10)
	at doWrite (_stream_writable.js:418:12)
	at writeOrBuffer (_stream_writable.js:402:5)
	at Receiver.Writable.write (_stream_writable.js:302:11)
	at Socket.socketOnData (/home/jast/.vscode-oss/extensions/james-yu.latex-workshop-8.11.1/node_modules/ws/lib/websocket.js:795:35)
	at Socket.emit (events.js:203:13)
	at addChunk (_stream_readable.js:295:12)
	at readableAddChunk (_stream_readable.js:276:11)
	at Socket.Readable.push (_stream_readable.js:210:10)
	at TCP.onStreamRead (internal/stream_base_commons.js:166:17)
[11:56:47] Keep using the same root file: /home/jast/Documents/Uni/Vorlesungen/Semester4/ss20NumGl/NumGl_Blatt06/numGl_Blatt06.tex.
[11:56:47] Keep using the same root file: /home/jast/Documents/Uni/Vorlesungen/Semester4/ss20NumGl/NumGl_Blatt06/numGl_Blatt06.tex.
[11:56:50] Keep using the same root file: /home/jast/Documents/Uni/Vorlesungen/Semester4/ss20NumGl/NumGl_Blatt06/numGl_Blatt06.tex.
[11:56:52] Keep using the same root file: /home/jast/Documents/Uni/Vorlesungen/Semester4/ss20NumGl/NumGl_Blatt06/numGl_Blatt06.tex.
[11:56:52] Keep using the same root file: /home/jast/Documents/Uni/Vorlesungen/Semester4/ss20NumGl/NumGl_Blatt06/numGl_Blatt06.tex.
[11:57:47] Handle data type: reverse_synctex
[11:57:47] Synctex file, .synctex and .synctex.gz, not found in the file system for /home/jast/Documents/Uni/Vorlesungen/Semester4/ss20NumGl/NumGl_Blatt06/numGl_Blatt06.pdf
[11:57:47] SyncTexJsError: Synctex file, .synctex and .synctex.gz, not found in the file system for /home/jast/Documents/Uni/Vorlesungen/Semester4/ss20NumGl/NumGl_Blatt06/numGl_Blatt06.pdf
	at parseSyncTexForPdf (/home/jast/.vscode-oss/extensions/james-yu.latex-workshop-8.11.1/out/src/components/synctex.js:44:11)
	at Object.syncTexJsBackward (/home/jast/.vscode-oss/extensions/james-yu.latex-workshop-8.11.1/out/src/components/synctex.js:163:27)
	at Locator.locate (/home/jast/.vscode-oss/extensions/james-yu.latex-workshop-8.11.1/out/src/components/locator.js:272:36)
	at Viewer.handler (/home/jast/.vscode-oss/extensions/james-yu.latex-workshop-8.11.1/out/src/components/viewer.js:384:40)
	at WebSocket.<anonymous> (/home/jast/.vscode-oss/extensions/james-yu.latex-workshop-8.11.1/out/src/components/server.js:55:68)
	at WebSocket.emit (events.js:203:13)
	at Receiver.receiverOnMessage (/home/jast/.vscode-oss/extensions/james-yu.latex-workshop-8.11.1/node_modules/ws/lib/websocket.js:720:20)
	at Receiver.emit (events.js:203:13)
	at Receiver.dataMessage (/home/jast/.vscode-oss/extensions/james-yu.latex-workshop-8.11.1/node_modules/ws/lib/receiver.js:414:14)
	at Receiver.getData (/home/jast/.vscode-oss/extensions/james-yu.latex-workshop-8.11.1/node_modules/ws/lib/receiver.js:346:17)
	at Receiver.startLoop (/home/jast/.vscode-oss/extensions/james-yu.latex-workshop-8.11.1/node_modules/ws/lib/receiver.js:133:22)
	at Receiver._write (/home/jast/.vscode-oss/extensions/james-yu.latex-workshop-8.11.1/node_modules/ws/lib/receiver.js:69:10)
	at doWrite (_stream_writable.js:418:12)
	at writeOrBuffer (_stream_writable.js:402:5)
	at Receiver.Writable.write (_stream_writable.js:302:11)
	at Socket.socketOnData (/home/jast/.vscode-oss/extensions/james-yu.latex-workshop-8.11.1/node_modules/ws/lib/websocket.js:795:35)
	at Socket.emit (events.js:203:13)
	at addChunk (_stream_readable.js:295:12)
	at readableAddChunk (_stream_readable.js:276:11)
	at Socket.Readable.push (_stream_readable.js:210:10)
	at TCP.onStreamRead (internal/stream_base_commons.js:166:17)
[11:58:08] Handle data type: reverse_synctex
[11:58:08] Synctex file, .synctex and .synctex.gz, not found in the file system for /home/jast/Documents/Uni/Vorlesungen/Semester4/ss20NumGl/NumGl_Blatt06/numGl_Blatt06.pdf
[11:58:08] SyncTexJsError: Synctex file, .synctex and .synctex.gz, not found in the file system for /home/jast/Documents/Uni/Vorlesungen/Semester4/ss20NumGl/NumGl_Blatt06/numGl_Blatt06.pdf
	at parseSyncTexForPdf (/home/jast/.vscode-oss/extensions/james-yu.latex-workshop-8.11.1/out/src/components/synctex.js:44:11)
	at Object.syncTexJsBackward (/home/jast/.vscode-oss/extensions/james-yu.latex-workshop-8.11.1/out/src/components/synctex.js:163:27)
	at Locator.locate (/home/jast/.vscode-oss/extensions/james-yu.latex-workshop-8.11.1/out/src/components/locator.js:272:36)
	at Viewer.handler (/home/jast/.vscode-oss/extensions/james-yu.latex-workshop-8.11.1/out/src/components/viewer.js:384:40)
	at WebSocket.<anonymous> (/home/jast/.vscode-oss/extensions/james-yu.latex-workshop-8.11.1/out/src/components/server.js:55:68)
	at WebSocket.emit (events.js:203:13)
	at Receiver.receiverOnMessage (/home/jast/.vscode-oss/extensions/james-yu.latex-workshop-8.11.1/node_modules/ws/lib/websocket.js:720:20)
	at Receiver.emit (events.js:203:13)
	at Receiver.dataMessage (/home/jast/.vscode-oss/extensions/james-yu.latex-workshop-8.11.1/node_modules/ws/lib/receiver.js:414:14)
	at Receiver.getData (/home/jast/.vscode-oss/extensions/james-yu.latex-workshop-8.11.1/node_modules/ws/lib/receiver.js:346:17)
	at Receiver.startLoop (/home/jast/.vscode-oss/extensions/james-yu.latex-workshop-8.11.1/node_modules/ws/lib/receiver.js:133:22)
	at Receiver._write (/home/jast/.vscode-oss/extensions/james-yu.latex-workshop-8.11.1/node_modules/ws/lib/receiver.js:69:10)
	at doWrite (_stream_writable.js:418:12)
	at writeOrBuffer (_stream_writable.js:402:5)
	at Receiver.Writable.write (_stream_writable.js:302:11)
	at Socket.socketOnData (/home/jast/.vscode-oss/extensions/james-yu.latex-workshop-8.11.1/node_modules/ws/lib/websocket.js:795:35)
	at Socket.emit (events.js:203:13)
	at addChunk (_stream_readable.js:295:12)
	at readableAddChunk (_stream_readable.js:276:11)
	at Socket.Readable.push (_stream_readable.js:210:10)
	at TCP.onStreamRead (internal/stream_base_commons.js:166:17)
[11:58:09] Keep using the same root file: /home/jast/Documents/Uni/Vorlesungen/Semester4/ss20NumGl/NumGl_Blatt06/numGl_Blatt06.tex.
[11:58:09] Keep using the same root file: /home/jast/Documents/Uni/Vorlesungen/Semester4/ss20NumGl/NumGl_Blatt06/numGl_Blatt06.tex.
[11:58:12] Keep using the same root file: /home/jast/Documents/Uni/Vorlesungen/Semester4/ss20NumGl/NumGl_Blatt06/numGl_Blatt06.tex.
[11:58:12] Keep using the same root file: /home/jast/Documents/Uni/Vorlesungen/Semester4/ss20NumGl/NumGl_Blatt06/numGl_Blatt06.tex.
[11:58:28] Keep using the same root file: /home/jast/Documents/Uni/Vorlesungen/Semester4/ss20NumGl/NumGl_Blatt06/numGl_Blatt06.tex.
[11:58:28] Keep using the same root file: /home/jast/Documents/Uni/Vorlesungen/Semester4/ss20NumGl/NumGl_Blatt06/numGl_Blatt06.tex.
[11:59:08] File watcher - file changed: /home/jast/Documents/Uni/Vorlesungen/Semester4/ss20NumGl/NumGl_Blatt06/tex/c.tex
[11:59:08] Parsing a file and its subfiles: /home/jast/Documents/Uni/Vorlesungen/Semester4/ss20NumGl/NumGl_Blatt06/tex/c.tex
[11:59:08] Parse fls file.
[11:59:08] Cannot find fls file: /home/jast/Documents/Uni/Vorlesungen/Semester4/ss20NumGl/NumGl_Blatt06/tex/c.fls
[11:59:08] Auto build started detecting the change of a file: /home/jast/Documents/Uni/Vorlesungen/Semester4/ss20NumGl/NumGl_Blatt06/tex/c.tex
[11:59:08] BUILD command invoked.
[11:59:08] Building root file: /home/jast/Documents/Uni/Vorlesungen/Semester4/ss20NumGl/NumGl_Blatt06/numGl_Blatt06.tex
[11:59:08] Build root file /home/jast/Documents/Uni/Vorlesungen/Semester4/ss20NumGl/NumGl_Blatt06/numGl_Blatt06.tex
[11:59:08] Recipe step 1: latexmk, --shell-escape,-synctex=1,-interaction=nonstopmode,-file-line-error,-pdf,/home/jast/Documents/Uni/Vorlesungen/Semester4/ss20NumGl/NumGl_Blatt06/numGl_Blatt06
[11:59:08] cwd: /home/jast/Documents/Uni/Vorlesungen/Semester4/ss20NumGl/NumGl_Blatt06
[11:59:08] LaTeX build process spawned. PID: 40252.
[11:59:08] File watcher - file changed: /home/jast/Documents/Uni/Vorlesungen/Semester4/ss20NumGl/NumGl_Blatt06/tex/b.tex
[11:59:08] Parsing a file and its subfiles: /home/jast/Documents/Uni/Vorlesungen/Semester4/ss20NumGl/NumGl_Blatt06/tex/b.tex
[11:59:08] Parse fls file.
[11:59:08] Cannot find fls file: /home/jast/Documents/Uni/Vorlesungen/Semester4/ss20NumGl/NumGl_Blatt06/tex/b.fls
[11:59:08] Auto Build Run is temporarily disabled during a second.
[11:59:08] File watcher - file changed: /home/jast/Documents/Uni/Vorlesungen/Semester4/ss20NumGl/NumGl_Blatt06/tex/B6A1.tex
[11:59:08] Parsing a file and its subfiles: /home/jast/Documents/Uni/Vorlesungen/Semester4/ss20NumGl/NumGl_Blatt06/tex/B6A1.tex
[11:59:08] Parse fls file.
[11:59:08] Cannot find fls file: /home/jast/Documents/Uni/Vorlesungen/Semester4/ss20NumGl/NumGl_Blatt06/tex/B6A1.fls
[11:59:08] Auto Build Run is temporarily disabled during a second.
[11:59:10] LaTeX log parsed with 156 messages.
[11:59:10] Recipe returns with error: 12/null. PID: 40252. message: Rc files read:
  NONE
Latexmk: This is Latexmk, John Collins, 17 Apr. 2020, version: 4.69a.
Rule 'pdflatex': The following rules & subrules became out-of-date:
      'pdflatex'
------------
Run number 1 of rule 'pdflatex'
------------
------------
Running 'pdflatex  --shell-escape -synctex=1 -interaction=nonstopmode -file-line-error -recorder  "/home/jast/Documents/Uni/Vorlesungen/Semester4/ss20NumGl/NumGl_Blatt06/numGl_Blatt06.tex"'
------------
Latexmk: References changed.
Latexmk: References changed.
Latexmk: List of undefined refs and citations:
  Reference `LastPage' on page 1 undefined on input line 72
  Reference `LastPage' on page 2 undefined on input line 98
  Reference `plot_one' on page 3 undefined on input line 56
  Reference `plot_two' on page 3 undefined on input line 56
Latexmk: Summary of warnings from last run of (pdf)latex:
  Latex failed to resolve 4 reference(s)
  =====Latex reported missing or unavailable character(s).
=====See log file for details.
Collected error summary (may duplicate other messages):
  pdflatex: Command for 'pdflatex' gave return code 1
      Refer to 'numGl_Blatt06.log' for details
Latexmk: Use the -f option to force complete processing,
 unless error was exceeding maximum runs, or warnings treated as errors.
.
[11:59:10] Cleaning auxiliary files and retrying build after toolchain error.
[11:59:10] File cleaned: /home/jast/Documents/Uni/Vorlesungen/Semester4/ss20NumGl/NumGl_Blatt06/numGl_Blatt06.aux
[11:59:10] File cleaned: /home/jast/Documents/Uni/Vorlesungen/Semester4/ss20NumGl/NumGl_Blatt06/numGl_Blatt06.fls
[11:59:10] File cleaned: /home/jast/Documents/Uni/Vorlesungen/Semester4/ss20NumGl/NumGl_Blatt06/numGl_Blatt06.fdb_latexmk
[11:59:10] File cleaned: /home/jast/Documents/Uni/Vorlesungen/Semester4/ss20NumGl/NumGl_Blatt06/numGl_Blatt06.log
[11:59:10] Recipe step 1: latexmk, --shell-escape,-synctex=1,-interaction=nonstopmode,-file-line-error,-pdf,/home/jast/Documents/Uni/Vorlesungen/Semester4/ss20NumGl/NumGl_Blatt06/numGl_Blatt06
[11:59:10] cwd: /home/jast/Documents/Uni/Vorlesungen/Semester4/ss20NumGl/NumGl_Blatt06
[11:59:10] LaTeX build process spawned. PID: 40260.
[11:59:13] LaTeX log parsed with 156 messages.
[11:59:13] Recipe returns with error: 12/null. PID: 40260. message: Rc files read:
  NONE
Latexmk: This is Latexmk, John Collins, 17 Apr. 2020, version: 4.69a.
Rule 'pdflatex': The following rules & subrules became out-of-date:
      'pdflatex'
------------
Run number 1 of rule 'pdflatex'
------------
------------
Running 'pdflatex  --shell-escape -synctex=1 -interaction=nonstopmode -file-line-error -recorder  "/home/jast/Documents/Uni/Vorlesungen/Semester4/ss20NumGl/NumGl_Blatt06/numGl_Blatt06.tex"'
------------
Latexmk: References changed.
Latexmk: References changed.
Latexmk: List of undefined refs and citations:
  Reference `LastPage' on page 1 undefined on input line 72
  Reference `LastPage' on page 2 undefined on input line 98
  Reference `plot_one' on page 3 undefined on input line 56
  Reference `plot_two' on page 3 undefined on input line 56
Latexmk: Summary of warnings from last run of (pdf)latex:
  Latex failed to resolve 4 reference(s)
  =====Latex reported missing or unavailable character(s).
=====See log file for details.
Collected error summary (may duplicate other messages):
  pdflatex: Command for 'pdflatex' gave return code 1
      Refer to 'numGl_Blatt06.log' for details
Latexmk: Use the -f option to force complete processing,
 unless error was exceeding maximum runs, or warnings treated as errors.
.
[11:59:50] File watcher - file changed: /home/jast/Documents/Uni/Vorlesungen/Semester4/ss20NumGl/NumGl_Blatt06/tex/c.tex
[11:59:50] Parsing a file and its subfiles: /home/jast/Documents/Uni/Vorlesungen/Semester4/ss20NumGl/NumGl_Blatt06/tex/c.tex
[11:59:50] Parse fls file.
[11:59:50] Cannot find fls file: /home/jast/Documents/Uni/Vorlesungen/Semester4/ss20NumGl/NumGl_Blatt06/tex/c.fls
[11:59:50] Auto build started detecting the change of a file: /home/jast/Documents/Uni/Vorlesungen/Semester4/ss20NumGl/NumGl_Blatt06/tex/c.tex
[11:59:50] BUILD command invoked.
[11:59:50] Building root file: /home/jast/Documents/Uni/Vorlesungen/Semester4/ss20NumGl/NumGl_Blatt06/numGl_Blatt06.tex
[11:59:50] Build root file /home/jast/Documents/Uni/Vorlesungen/Semester4/ss20NumGl/NumGl_Blatt06/numGl_Blatt06.tex
[11:59:50] Recipe step 1: latexmk, --shell-escape,-synctex=1,-interaction=nonstopmode,-file-line-error,-pdf,/home/jast/Documents/Uni/Vorlesungen/Semester4/ss20NumGl/NumGl_Blatt06/numGl_Blatt06
[11:59:50] cwd: /home/jast/Documents/Uni/Vorlesungen/Semester4/ss20NumGl/NumGl_Blatt06
[11:59:50] LaTeX build process spawned. PID: 40342.
[11:59:52] LaTeX log parsed with 152 messages.
[11:59:52] Recipe returns with error: 12/null. PID: 40342. message: Rc files read:
  NONE
Latexmk: This is Latexmk, John Collins, 17 Apr. 2020, version: 4.69a.
Rule 'pdflatex': File changes, etc:
   Changed files, or newly in use since previous run(s):
      'numGl_Blatt06.aux'
------------
Run number 1 of rule 'pdflatex'
------------
------------
Running 'pdflatex  --shell-escape -synctex=1 -interaction=nonstopmode -file-line-error -recorder  "/home/jast/Documents/Uni/Vorlesungen/Semester4/ss20NumGl/NumGl_Blatt06/numGl_Blatt06.tex"'
------------
Latexmk: List of undefined refs and citations:
  Reference `plot_one' on page 3 undefined on input line 56
  Reference `plot_two' on page 3 undefined on input line 56
Latexmk: Summary of warnings from last run of (pdf)latex:
  Latex failed to resolve 2 reference(s)
  =====Latex reported missing or unavailable character(s).
=====See log file for details.
Collected error summary (may duplicate other messages):
  pdflatex: Command for 'pdflatex' gave return code 1
      Refer to 'numGl_Blatt06.log' for details
Latexmk: Use the -f option to force complete processing,
 unless error was exceeding maximum runs, or warnings treated as errors.
.
[11:59:52] Cleaning auxiliary files and retrying build after toolchain error.
[11:59:52] File cleaned: /home/jast/Documents/Uni/Vorlesungen/Semester4/ss20NumGl/NumGl_Blatt06/numGl_Blatt06.aux
[11:59:52] File cleaned: /home/jast/Documents/Uni/Vorlesungen/Semester4/ss20NumGl/NumGl_Blatt06/numGl_Blatt06.fls
[11:59:52] File cleaned: /home/jast/Documents/Uni/Vorlesungen/Semester4/ss20NumGl/NumGl_Blatt06/numGl_Blatt06.fdb_latexmk
[11:59:52] File cleaned: /home/jast/Documents/Uni/Vorlesungen/Semester4/ss20NumGl/NumGl_Blatt06/numGl_Blatt06.log
[11:59:52] Recipe step 1: latexmk, --shell-escape,-synctex=1,-interaction=nonstopmode,-file-line-error,-pdf,/home/jast/Documents/Uni/Vorlesungen/Semester4/ss20NumGl/NumGl_Blatt06/numGl_Blatt06
[11:59:52] cwd: /home/jast/Documents/Uni/Vorlesungen/Semester4/ss20NumGl/NumGl_Blatt06
[11:59:52] LaTeX build process spawned. PID: 40348.
[11:59:53] File watcher - file changed: /home/jast/Documents/Uni/Vorlesungen/Semester4/ss20NumGl/NumGl_Blatt06/tex/c.tex
[11:59:53] Parsing a file and its subfiles: /home/jast/Documents/Uni/Vorlesungen/Semester4/ss20NumGl/NumGl_Blatt06/tex/c.tex
[11:59:53] Parse fls file.
[11:59:53] Cannot find fls file: /home/jast/Documents/Uni/Vorlesungen/Semester4/ss20NumGl/NumGl_Blatt06/tex/c.fls
[11:59:53] Auto build started detecting the change of a file: /home/jast/Documents/Uni/Vorlesungen/Semester4/ss20NumGl/NumGl_Blatt06/tex/c.tex
[11:59:53] BUILD command invoked.
[11:59:53] Building root file: /home/jast/Documents/Uni/Vorlesungen/Semester4/ss20NumGl/NumGl_Blatt06/numGl_Blatt06.tex
[11:59:54] File watcher - file changed: /home/jast/Documents/Uni/Vorlesungen/Semester4/ss20NumGl/NumGl_Blatt06/tex/c.tex
[11:59:54] Parsing a file and its subfiles: /home/jast/Documents/Uni/Vorlesungen/Semester4/ss20NumGl/NumGl_Blatt06/tex/c.tex
[11:59:54] Parse fls file.
[11:59:54] Cannot find fls file: /home/jast/Documents/Uni/Vorlesungen/Semester4/ss20NumGl/NumGl_Blatt06/tex/c.fls
[11:59:54] Auto Build Run is temporarily disabled during a second.
[11:59:55] LaTeX log parsed with 156 messages.
[11:59:55] Recipe returns with error: 12/null. PID: 40348. message: Rc files read:
  NONE
Latexmk: This is Latexmk, John Collins, 17 Apr. 2020, version: 4.69a.
Rule 'pdflatex': The following rules & subrules became out-of-date:
      'pdflatex'
------------
Run number 1 of rule 'pdflatex'
------------
------------
Running 'pdflatex  --shell-escape -synctex=1 -interaction=nonstopmode -file-line-error -recorder  "/home/jast/Documents/Uni/Vorlesungen/Semester4/ss20NumGl/NumGl_Blatt06/numGl_Blatt06.tex"'
------------
Latexmk: References changed.
Latexmk: References changed.
Latexmk: List of undefined refs and citations:
  Reference `LastPage' on page 1 undefined on input line 72
  Reference `LastPage' on page 2 undefined on input line 98
  Reference `plot_one' on page 3 undefined on input line 56
  Reference `plot_two' on page 3 undefined on input line 56
Latexmk: Summary of warnings from last run of (pdf)latex:
  Latex failed to resolve 4 reference(s)
  =====Latex reported missing or unavailable character(s).
=====See log file for details.
Collected error summary (may duplicate other messages):
  pdflatex: Command for 'pdflatex' gave return code 1
      Refer to 'numGl_Blatt06.log' for details
Latexmk: Use the -f option to force complete processing,
 unless error was exceeding maximum runs, or warnings treated as errors.
.
[11:59:55] Build root file /home/jast/Documents/Uni/Vorlesungen/Semester4/ss20NumGl/NumGl_Blatt06/numGl_Blatt06.tex
[11:59:55] Recipe step 1: latexmk, --shell-escape,-synctex=1,-interaction=nonstopmode,-file-line-error,-pdf,/home/jast/Documents/Uni/Vorlesungen/Semester4/ss20NumGl/NumGl_Blatt06/numGl_Blatt06
[11:59:55] cwd: /home/jast/Documents/Uni/Vorlesungen/Semester4/ss20NumGl/NumGl_Blatt06
[11:59:55] LaTeX build process spawned. PID: 40353.
[11:59:57] LaTeX log parsed with 152 messages.
[11:59:57] Recipe returns with error: 12/null. PID: 40353. message: Rc files read:
  NONE
Latexmk: This is Latexmk, John Collins, 17 Apr. 2020, version: 4.69a.
Rule 'pdflatex': File changes, etc:
   Changed files, or newly in use since previous run(s):
      'numGl_Blatt06.aux'
------------
Run number 1 of rule 'pdflatex'
------------
------------
Running 'pdflatex  --shell-escape -synctex=1 -interaction=nonstopmode -file-line-error -recorder  "/home/jast/Documents/Uni/Vorlesungen/Semester4/ss20NumGl/NumGl_Blatt06/numGl_Blatt06.tex"'
------------
Latexmk: List of undefined refs and citations:
  Reference `plot_one' on page 3 undefined on input line 56
  Reference `plot_two' on page 3 undefined on input line 56
Latexmk: Summary of warnings from last run of (pdf)latex:
  Latex failed to resolve 2 reference(s)
  =====Latex reported missing or unavailable character(s).
=====See log file for details.
Collected error summary (may duplicate other messages):
  pdflatex: Command for 'pdflatex' gave return code 1
      Refer to 'numGl_Blatt06.log' for details
Latexmk: Use the -f option to force complete processing,
 unless error was exceeding maximum runs, or warnings treated as errors.
.
[11:59:57] Cleaning auxiliary files and retrying build after toolchain error.
[11:59:57] File cleaned: /home/jast/Documents/Uni/Vorlesungen/Semester4/ss20NumGl/NumGl_Blatt06/numGl_Blatt06.aux
[11:59:57] File cleaned: /home/jast/Documents/Uni/Vorlesungen/Semester4/ss20NumGl/NumGl_Blatt06/numGl_Blatt06.fls
[11:59:57] File cleaned: /home/jast/Documents/Uni/Vorlesungen/Semester4/ss20NumGl/NumGl_Blatt06/numGl_Blatt06.log
[11:59:57] File cleaned: /home/jast/Documents/Uni/Vorlesungen/Semester4/ss20NumGl/NumGl_Blatt06/numGl_Blatt06.fdb_latexmk
[11:59:57] Recipe step 1: latexmk, --shell-escape,-synctex=1,-interaction=nonstopmode,-file-line-error,-pdf,/home/jast/Documents/Uni/Vorlesungen/Semester4/ss20NumGl/NumGl_Blatt06/numGl_Blatt06
[11:59:57] cwd: /home/jast/Documents/Uni/Vorlesungen/Semester4/ss20NumGl/NumGl_Blatt06
[11:59:57] LaTeX build process spawned. PID: 40359.
[11:59:59] LaTeX log parsed with 156 messages.
[11:59:59] Recipe returns with error: 12/null. PID: 40359. message: Rc files read:
  NONE
Latexmk: This is Latexmk, John Collins, 17 Apr. 2020, version: 4.69a.
Rule 'pdflatex': The following rules & subrules became out-of-date:
      'pdflatex'
------------
Run number 1 of rule 'pdflatex'
------------
------------
Running 'pdflatex  --shell-escape -synctex=1 -interaction=nonstopmode -file-line-error -recorder  "/home/jast/Documents/Uni/Vorlesungen/Semester4/ss20NumGl/NumGl_Blatt06/numGl_Blatt06.tex"'
------------
Latexmk: References changed.
Latexmk: References changed.
Latexmk: List of undefined refs and citations:
  Reference `LastPage' on page 1 undefined on input line 72
  Reference `LastPage' on page 2 undefined on input line 98
  Reference `plot_one' on page 3 undefined on input line 56
  Reference `plot_two' on page 3 undefined on input line 56
Latexmk: Summary of warnings from last run of (pdf)latex:
  Latex failed to resolve 4 reference(s)
  =====Latex reported missing or unavailable character(s).
=====See log file for details.
Collected error summary (may duplicate other messages):
  pdflatex: Command for 'pdflatex' gave return code 1
      Refer to 'numGl_Blatt06.log' for details
Latexmk: Use the -f option to force complete processing,
 unless error was exceeding maximum runs, or warnings treated as errors.
.
