[09:48:33] Initializing LaTeX Workshop.
[09:48:33] Creating PDF file watcher.
[09:48:33] Creating LaTeX Workshop http and websocket server.
[09:48:33] LaTeX Workshop initialized.
[09:48:33] Server created on 127.0.0.1:41025
[09:48:33] Snippet data loaded.
[09:48:33] LaTeX Workshop version: 8.11.1
[09:48:33] Found files that might be root, choose the first one: /home/jast/Documents/Uni/Vorlesungen/Semester4/ss20theo2/Abgaben/Blatt9/Blatt9/TI_Blatt9.tex
[09:48:33] Root file changed: from undefined to /home/jast/Documents/Uni/Vorlesungen/Semester4/ss20theo2/Abgaben/Blatt9/Blatt9/TI_Blatt9.tex
[09:48:33] Start to find all dependencies.
[09:48:33] Instantiating a new file watcher for /home/jast/Documents/Uni/Vorlesungen/Semester4/ss20theo2/Abgaben/Blatt9/Blatt9/TI_Blatt9.tex
[09:48:33] Creating Bib file watcher.
[09:48:33] Parsing a file and its subfiles: /home/jast/Documents/Uni/Vorlesungen/Semester4/ss20theo2/Abgaben/Blatt9/Blatt9/TI_Blatt9.tex
[09:48:33] Parsing a file and its subfiles: /home/jast/Documents/Uni/Vorlesungen/Semester4/ss20theo2/Abgaben/Blatt9/Blatt9/tex/problem1.tex
[09:48:33] Parse fls file.
[09:48:33] Cannot find fls file: /home/jast/Documents/Uni/Vorlesungen/Semester4/ss20theo2/Abgaben/Blatt9/Blatt9/tex/problem1.fls
[09:48:33] Parsing a file and its subfiles: /home/jast/Documents/Uni/Vorlesungen/Semester4/ss20theo2/Abgaben/Blatt9/Blatt9/tex/problem2.tex
[09:48:33] Parse fls file.
[09:48:33] Cannot find fls file: /home/jast/Documents/Uni/Vorlesungen/Semester4/ss20theo2/Abgaben/Blatt9/Blatt9/tex/problem2.fls
[09:48:33] Parsing a file and its subfiles: /home/jast/Documents/Uni/Vorlesungen/Semester4/ss20theo2/Abgaben/Blatt9/Blatt9/tex/problem3.tex
[09:48:33] Parse fls file.
[09:48:33] Cannot find fls file: /home/jast/Documents/Uni/Vorlesungen/Semester4/ss20theo2/Abgaben/Blatt9/Blatt9/tex/problem3.fls
[09:48:33] Parse fls file.
[09:48:33] Cannot find fls file: /home/jast/Documents/Uni/Vorlesungen/Semester4/ss20theo2/Abgaben/Blatt9/Blatt9/TI_Blatt9.fls
[09:48:33] Added to file watcher: /home/jast/Documents/Uni/Vorlesungen/Semester4/ss20theo2/Abgaben/Blatt9/Blatt9/TI_Blatt9.tex
[09:48:33] Added to file watcher: /home/jast/Documents/Uni/Vorlesungen/Semester4/ss20theo2/Abgaben/Blatt9/Blatt9/tex/problem1.tex
[09:48:33] Added to file watcher: /home/jast/Documents/Uni/Vorlesungen/Semester4/ss20theo2/Abgaben/Blatt9/Blatt9/tex/problem2.tex
[09:48:33] Added to file watcher: /home/jast/Documents/Uni/Vorlesungen/Semester4/ss20theo2/Abgaben/Blatt9/Blatt9/tex/problem3.tex
[09:48:33] Handle data type: open
[09:48:33] Preview PDF file: /home/jast/Documents/Uni/Vorlesungen/Semester4/ss20theo2/Abgaben/Blatt9/Blatt9/TI_Blatt9.pdf
[09:48:33] Handle data type: request_params
[09:48:34] Handle data type: loaded
