Looking for git in: git
Using git 2.27.0 from git
> git rev-parse --show-toplevel
> git rev-parse --git-dir
Open repository: /home/jast/Documents/Uni/Vorlesungen/Semester4/ss20theo2
> git fetch
> git status -z -u
> git symbolic-ref --short HEAD
> git rev-parse master
> git rev-parse --symbolic-full-name master@{u}
> git rev-list --left-right master...refs/remotes/origin/master
> git for-each-ref --format %(refname) %(objectname) --sort -committerdate
> git remote --verbose
> git config --get commit.template
> git show :Abgaben/Blatt9/Blatt9/tex/problem2.tex
> git ls-files --stage -- /home/jast/Documents/Uni/Vorlesungen/Semester4/ss20theo2/Abgaben/Blatt9/Blatt9/tex/problem2.tex
> git cat-file -s 39a5f0c036f29e7ad3708bafb2b25a6285773fbe
> git check-ignore -v -z --stdin
> git ls-files --stage -- /home/jast/Documents/Uni/Vorlesungen/Semester4/ss20theo2/Abgaben/Blatt9/Blatt9/tex/problem2.tex
> git cat-file -s 39a5f0c036f29e7ad3708bafb2b25a6285773fbe
> git show :Abgaben/Blatt9/Blatt9/tex/problem2.tex
From https://github.com/jast38/ss20theo2
   e7cd408..9368c7b  master     -> origin/master
> git status -z -u
> git symbolic-ref --short HEAD
> git rev-parse master
> git rev-parse --symbolic-full-name master@{u}
> git rev-list --left-right master...refs/remotes/origin/master
> git for-each-ref --format %(refname) %(objectname) --sort -committerdate
> git remote --verbose
> git config --get commit.template
