[16:41:12] Initializing LaTeX Workshop.
[16:41:12] Creating PDF file watcher.
[16:41:12] Creating LaTeX Workshop http and websocket server.
[16:41:12] LaTeX Workshop initialized.
[16:41:12] Server created on 127.0.0.1:42289
[16:41:12] LaTeX Workshop version: 8.11.1
[16:41:12] Snippet data loaded.
[16:41:12] Found files that might be root, choose the first one: /home/jast/Documents/Uni/Vorlesungen/Semester4/ss20NumGl/NumGl_Blatt06/numGl_Blatt06.tex
[16:41:12] Root file changed: from undefined to /home/jast/Documents/Uni/Vorlesungen/Semester4/ss20NumGl/NumGl_Blatt06/numGl_Blatt06.tex
[16:41:12] Start to find all dependencies.
[16:41:12] Instantiating a new file watcher for /home/jast/Documents/Uni/Vorlesungen/Semester4/ss20NumGl/NumGl_Blatt06/numGl_Blatt06.tex
[16:41:12] Creating Bib file watcher.
[16:41:12] Parsing a file and its subfiles: /home/jast/Documents/Uni/Vorlesungen/Semester4/ss20NumGl/NumGl_Blatt06/numGl_Blatt06.tex
[16:41:12] Parsing a file and its subfiles: /home/jast/Documents/Uni/Vorlesungen/Semester4/ss20NumGl/NumGl_Blatt06/tex/B6A1.tex
[16:41:12] Parsing a file and its subfiles: /home/jast/Documents/Uni/Vorlesungen/Semester4/ss20NumGl/NumGl_Blatt06/tex/a.tex
[16:41:12] Parse fls file.
[16:41:12] Cannot find fls file: /home/jast/Documents/Uni/Vorlesungen/Semester4/ss20NumGl/NumGl_Blatt06/tex/a.fls
[16:41:12] Parsing a file and its subfiles: /home/jast/Documents/Uni/Vorlesungen/Semester4/ss20NumGl/NumGl_Blatt06/tex/b.tex
[16:41:12] Parse fls file.
[16:41:12] Cannot find fls file: /home/jast/Documents/Uni/Vorlesungen/Semester4/ss20NumGl/NumGl_Blatt06/tex/b.fls
[16:41:12] Parsing a file and its subfiles: /home/jast/Documents/Uni/Vorlesungen/Semester4/ss20NumGl/NumGl_Blatt06/tex/c.tex
[16:41:12] Parse fls file.
[16:41:12] Cannot find fls file: /home/jast/Documents/Uni/Vorlesungen/Semester4/ss20NumGl/NumGl_Blatt06/tex/c.fls
[16:41:12] Parsing a file and its subfiles: /home/jast/Documents/Uni/Vorlesungen/Semester4/ss20NumGl/NumGl_Blatt06/tex/d.tex
[16:41:12] Parse fls file.
[16:41:12] Cannot find fls file: /home/jast/Documents/Uni/Vorlesungen/Semester4/ss20NumGl/NumGl_Blatt06/tex/d.fls
[16:41:12] Parse fls file.
[16:41:12] Cannot find fls file: /home/jast/Documents/Uni/Vorlesungen/Semester4/ss20NumGl/NumGl_Blatt06/tex/B6A1.fls
[16:41:12] Parse fls file.
[16:41:12] Cannot find fls file: /home/jast/Documents/Uni/Vorlesungen/Semester4/ss20NumGl/NumGl_Blatt06/numGl_Blatt06.fls
[16:41:12] Added to file watcher: /home/jast/Documents/Uni/Vorlesungen/Semester4/ss20NumGl/NumGl_Blatt06/numGl_Blatt06.tex
[16:41:12] Added to file watcher: /home/jast/Documents/Uni/Vorlesungen/Semester4/ss20NumGl/NumGl_Blatt06/tex/B6A1.tex
[16:41:12] Added to file watcher: /home/jast/Documents/Uni/Vorlesungen/Semester4/ss20NumGl/NumGl_Blatt06/tex/a.tex
[16:41:12] Added to file watcher: /home/jast/Documents/Uni/Vorlesungen/Semester4/ss20NumGl/NumGl_Blatt06/tex/b.tex
[16:41:12] Added to file watcher: /home/jast/Documents/Uni/Vorlesungen/Semester4/ss20NumGl/NumGl_Blatt06/tex/c.tex
[16:41:12] Added to file watcher: /home/jast/Documents/Uni/Vorlesungen/Semester4/ss20NumGl/NumGl_Blatt06/tex/d.tex
[16:41:28] Keep using the same root file: /home/jast/Documents/Uni/Vorlesungen/Semester4/ss20NumGl/NumGl_Blatt06/numGl_Blatt06.tex.
[16:41:28] Keep using the same root file: /home/jast/Documents/Uni/Vorlesungen/Semester4/ss20NumGl/NumGl_Blatt06/numGl_Blatt06.tex.
[16:41:37] Keep using the same root file: /home/jast/Documents/Uni/Vorlesungen/Semester4/ss20NumGl/NumGl_Blatt06/numGl_Blatt06.tex.
[16:41:37] Keep using the same root file: /home/jast/Documents/Uni/Vorlesungen/Semester4/ss20NumGl/NumGl_Blatt06/numGl_Blatt06.tex.
[16:42:16] Keep using the same root file: /home/jast/Documents/Uni/Vorlesungen/Semester4/ss20NumGl/NumGl_Blatt06/numGl_Blatt06.tex.
[16:42:16] Keep using the same root file: /home/jast/Documents/Uni/Vorlesungen/Semester4/ss20NumGl/NumGl_Blatt06/numGl_Blatt06.tex.
[16:42:19] Keep using the same root file: /home/jast/Documents/Uni/Vorlesungen/Semester4/ss20NumGl/NumGl_Blatt06/numGl_Blatt06.tex.
[16:42:50] Keep using the same root file: /home/jast/Documents/Uni/Vorlesungen/Semester4/ss20NumGl/NumGl_Blatt06/numGl_Blatt06.tex.
[16:42:50] Keep using the same root file: /home/jast/Documents/Uni/Vorlesungen/Semester4/ss20NumGl/NumGl_Blatt06/numGl_Blatt06.tex.
[16:42:59] File watcher - file changed: /home/jast/Documents/Uni/Vorlesungen/Semester4/ss20NumGl/NumGl_Blatt06/tex/c.tex
[16:42:59] Parsing a file and its subfiles: /home/jast/Documents/Uni/Vorlesungen/Semester4/ss20NumGl/NumGl_Blatt06/tex/c.tex
[16:42:59] Parse fls file.
[16:42:59] Cannot find fls file: /home/jast/Documents/Uni/Vorlesungen/Semester4/ss20NumGl/NumGl_Blatt06/tex/c.fls
[16:42:59] Auto build started detecting the change of a file: /home/jast/Documents/Uni/Vorlesungen/Semester4/ss20NumGl/NumGl_Blatt06/tex/c.tex
[16:42:59] BUILD command invoked.
[16:42:59] Building root file: /home/jast/Documents/Uni/Vorlesungen/Semester4/ss20NumGl/NumGl_Blatt06/numGl_Blatt06.tex
[16:42:59] Build root file /home/jast/Documents/Uni/Vorlesungen/Semester4/ss20NumGl/NumGl_Blatt06/numGl_Blatt06.tex
[16:42:59] Recipe step 1: latexmk, --shell-escape,-synctex=1,-interaction=nonstopmode,-file-line-error,-pdf,-outdir=/home/jast/Documents/Uni/Vorlesungen/Semester4/ss20NumGl/NumGl_Blatt06,/home/jast/Documents/Uni/Vorlesungen/Semester4/ss20NumGl/NumGl_Blatt06/numGl_Blatt06
[16:42:59] cwd: /home/jast/Documents/Uni/Vorlesungen/Semester4/ss20NumGl/NumGl_Blatt06
[16:42:59] LaTeX build process spawned. PID: 631740.
[16:42:59] File watcher - file changed: /home/jast/Documents/Uni/Vorlesungen/Semester4/ss20NumGl/NumGl_Blatt06/tex/a.tex
[16:42:59] Parsing a file and its subfiles: /home/jast/Documents/Uni/Vorlesungen/Semester4/ss20NumGl/NumGl_Blatt06/tex/a.tex
[16:42:59] Parse fls file.
[16:42:59] Cannot find fls file: /home/jast/Documents/Uni/Vorlesungen/Semester4/ss20NumGl/NumGl_Blatt06/tex/a.fls
[16:42:59] Auto Build Run is temporarily disabled during a second.
[16:42:59] File watcher - file changed: /home/jast/Documents/Uni/Vorlesungen/Semester4/ss20NumGl/NumGl_Blatt06/tex/b.tex
[16:42:59] Parsing a file and its subfiles: /home/jast/Documents/Uni/Vorlesungen/Semester4/ss20NumGl/NumGl_Blatt06/tex/b.tex
[16:42:59] Parse fls file.
[16:42:59] Cannot find fls file: /home/jast/Documents/Uni/Vorlesungen/Semester4/ss20NumGl/NumGl_Blatt06/tex/b.fls
[16:42:59] Auto Build Run is temporarily disabled during a second.
[16:43:04] Keep using the same root file: /home/jast/Documents/Uni/Vorlesungen/Semester4/ss20NumGl/NumGl_Blatt06/numGl_Blatt06.tex.
[16:43:05] File watcher - file changed: /home/jast/Documents/Uni/Vorlesungen/Semester4/ss20NumGl/NumGl_Blatt06/tex/a.tex
[16:43:05] Parsing a file and its subfiles: /home/jast/Documents/Uni/Vorlesungen/Semester4/ss20NumGl/NumGl_Blatt06/tex/a.tex
[16:43:05] Parse fls file.
[16:43:05] Cannot find fls file: /home/jast/Documents/Uni/Vorlesungen/Semester4/ss20NumGl/NumGl_Blatt06/tex/a.fls
[16:43:05] Auto build started detecting the change of a file: /home/jast/Documents/Uni/Vorlesungen/Semester4/ss20NumGl/NumGl_Blatt06/tex/a.tex
[16:43:05] BUILD command invoked.
[16:43:05] Building root file: /home/jast/Documents/Uni/Vorlesungen/Semester4/ss20NumGl/NumGl_Blatt06/numGl_Blatt06.tex
[16:43:12] LaTeX log parsed with 94 messages.
[16:43:12] Recipe returns with error: 12/null. PID: 631740. message: Rc files read:
  NONE
Latexmk: This is Latexmk, John Collins, 17 Apr. 2020, version: 4.69a.
Rule 'pdflatex': The following rules & subrules became out-of-date:
      'pdflatex'
------------
Run number 1 of rule 'pdflatex'
------------
------------
Running 'pdflatex  --shell-escape -synctex=1 -interaction=nonstopmode -file-line-error -recorder -output-directory="/home/jast/Documents/Uni/Vorlesungen/Semester4/ss20NumGl/NumGl_Blatt06"  "/home/jast/Documents/Uni/Vorlesungen/Semester4/ss20NumGl/NumGl_Blatt06/numGl_Blatt06.tex"'
------------
system returned with code 256
system returned with code 256
system returned with code 256
Latexmk: References changed.
Latexmk: References changed.
Latexmk: List of undefined refs and citations:
  Reference `LastPage' on page 1 undefined on input line 54
  Reference `LastPage' on page 2 undefined on input line 41
  Reference `LastPage' on page 3 undefined on input line 58
  Reference `LastPage' on page 4 undefined on input line 62
  Reference `LastPage' on page 5 undefined on input line 66
Latexmk: Summary of warnings from last run of (pdf)latex:
  Latex failed to resolve 5 reference(s)
  =====Latex reported missing or unavailable character(s).
=====See log file for details.
Collected error summary (may duplicate other messages):
  pdflatex: Command for 'pdflatex' gave return code 1
      Refer to '/home/jast/Documents/Uni/Vorlesungen/Semester4/ss20NumGl/NumGl_Blatt06/numGl_Blatt06.log' for details
Latexmk: Use the -f option to force complete processing,
 unless error was exceeding maximum runs, or warnings treated as errors.
.
[16:43:12] Cleaning auxiliary files and retrying build after toolchain error.
[16:43:12] File cleaned: /home/jast/Documents/Uni/Vorlesungen/Semester4/ss20NumGl/NumGl_Blatt06/numGl_Blatt06.fls
[16:43:12] File cleaned: /home/jast/Documents/Uni/Vorlesungen/Semester4/ss20NumGl/NumGl_Blatt06/numGl_Blatt06.aux
[16:43:12] File cleaned: /home/jast/Documents/Uni/Vorlesungen/Semester4/ss20NumGl/NumGl_Blatt06/numGl_Blatt06.log
[16:43:12] File cleaned: /home/jast/Documents/Uni/Vorlesungen/Semester4/ss20NumGl/NumGl_Blatt06/numGl_Blatt06.fdb_latexmk
[16:43:12] Recipe step 1: latexmk, --shell-escape,-synctex=1,-interaction=nonstopmode,-file-line-error,-pdf,-outdir=/home/jast/Documents/Uni/Vorlesungen/Semester4/ss20NumGl/NumGl_Blatt06,/home/jast/Documents/Uni/Vorlesungen/Semester4/ss20NumGl/NumGl_Blatt06/numGl_Blatt06
[16:43:12] cwd: /home/jast/Documents/Uni/Vorlesungen/Semester4/ss20NumGl/NumGl_Blatt06
[16:43:12] LaTeX build process spawned. PID: 632058.
[16:43:16] LaTeX log parsed with 94 messages.
[16:43:16] Recipe returns with error: 12/null. PID: 632058. message: Rc files read:
  NONE
Latexmk: This is Latexmk, John Collins, 17 Apr. 2020, version: 4.69a.
Rule 'pdflatex': The following rules & subrules became out-of-date:
      'pdflatex'
------------
Run number 1 of rule 'pdflatex'
------------
------------
Running 'pdflatex  --shell-escape -synctex=1 -interaction=nonstopmode -file-line-error -recorder -output-directory="/home/jast/Documents/Uni/Vorlesungen/Semester4/ss20NumGl/NumGl_Blatt06"  "/home/jast/Documents/Uni/Vorlesungen/Semester4/ss20NumGl/NumGl_Blatt06/numGl_Blatt06.tex"'
------------
system returned with code 256
system returned with code 256
system returned with code 256
Latexmk: References changed.
Latexmk: References changed.
Latexmk: List of undefined refs and citations:
  Reference `LastPage' on page 1 undefined on input line 54
  Reference `LastPage' on page 2 undefined on input line 41
  Reference `LastPage' on page 3 undefined on input line 58
  Reference `LastPage' on page 4 undefined on input line 62
  Reference `LastPage' on page 5 undefined on input line 66
Latexmk: Summary of warnings from last run of (pdf)latex:
  Latex failed to resolve 5 reference(s)
  =====Latex reported missing or unavailable character(s).
=====See log file for details.
Collected error summary (may duplicate other messages):
  pdflatex: Command for 'pdflatex' gave return code 1
      Refer to '/home/jast/Documents/Uni/Vorlesungen/Semester4/ss20NumGl/NumGl_Blatt06/numGl_Blatt06.log' for details
Latexmk: Use the -f option to force complete processing,
 unless error was exceeding maximum runs, or warnings treated as errors.
.
[16:43:16] Build root file /home/jast/Documents/Uni/Vorlesungen/Semester4/ss20NumGl/NumGl_Blatt06/numGl_Blatt06.tex
[16:43:16] Recipe step 1: latexmk, --shell-escape,-synctex=1,-interaction=nonstopmode,-file-line-error,-pdf,-outdir=/home/jast/Documents/Uni/Vorlesungen/Semester4/ss20NumGl/NumGl_Blatt06,/home/jast/Documents/Uni/Vorlesungen/Semester4/ss20NumGl/NumGl_Blatt06/numGl_Blatt06
[16:43:16] cwd: /home/jast/Documents/Uni/Vorlesungen/Semester4/ss20NumGl/NumGl_Blatt06
[16:43:16] LaTeX build process spawned. PID: 632144.
[16:43:19] Keep using the same root file: /home/jast/Documents/Uni/Vorlesungen/Semester4/ss20NumGl/NumGl_Blatt06/numGl_Blatt06.tex.
[16:43:20] LaTeX log parsed with 86 messages.
[16:43:20] Recipe returns with error: 12/null. PID: 632144. message: Rc files read:
  NONE
Latexmk: This is Latexmk, John Collins, 17 Apr. 2020, version: 4.69a.
Rule 'pdflatex': File changes, etc:
   Changed files, or newly in use since previous run(s):
      '/home/jast/Documents/Uni/Vorlesungen/Semester4/ss20NumGl/NumGl_Blatt06/numGl_Blatt06.aux'
------------
Run number 1 of rule 'pdflatex'
------------
------------
Running 'pdflatex  --shell-escape -synctex=1 -interaction=nonstopmode -file-line-error -recorder -output-directory="/home/jast/Documents/Uni/Vorlesungen/Semester4/ss20NumGl/NumGl_Blatt06"  "/home/jast/Documents/Uni/Vorlesungen/Semester4/ss20NumGl/NumGl_Blatt06/numGl_Blatt06.tex"'
------------
system returned with code 256
system returned with code 256
system returned with code 256
Latexmk: Summary of warnings from last run of (pdf)latex:
  =====Latex reported missing or unavailable character(s).
=====See log file for details.
Collected error summary (may duplicate other messages):
  pdflatex: Command for 'pdflatex' gave return code 1
      Refer to '/home/jast/Documents/Uni/Vorlesungen/Semester4/ss20NumGl/NumGl_Blatt06/numGl_Blatt06.log' for details
Latexmk: Use the -f option to force complete processing,
 unless error was exceeding maximum runs, or warnings treated as errors.
.
[16:43:20] Cleaning auxiliary files and retrying build after toolchain error.
[16:43:20] File cleaned: /home/jast/Documents/Uni/Vorlesungen/Semester4/ss20NumGl/NumGl_Blatt06/numGl_Blatt06.aux
[16:43:20] File cleaned: /home/jast/Documents/Uni/Vorlesungen/Semester4/ss20NumGl/NumGl_Blatt06/numGl_Blatt06.fls
[16:43:20] File cleaned: /home/jast/Documents/Uni/Vorlesungen/Semester4/ss20NumGl/NumGl_Blatt06/numGl_Blatt06.fdb_latexmk
[16:43:20] File cleaned: /home/jast/Documents/Uni/Vorlesungen/Semester4/ss20NumGl/NumGl_Blatt06/numGl_Blatt06.log
[16:43:20] Recipe step 1: latexmk, --shell-escape,-synctex=1,-interaction=nonstopmode,-file-line-error,-pdf,-outdir=/home/jast/Documents/Uni/Vorlesungen/Semester4/ss20NumGl/NumGl_Blatt06,/home/jast/Documents/Uni/Vorlesungen/Semester4/ss20NumGl/NumGl_Blatt06/numGl_Blatt06
[16:43:20] cwd: /home/jast/Documents/Uni/Vorlesungen/Semester4/ss20NumGl/NumGl_Blatt06
[16:43:20] LaTeX build process spawned. PID: 632195.
[16:43:24] LaTeX log parsed with 94 messages.
[16:43:24] Recipe returns with error: 12/null. PID: 632195. message: Rc files read:
  NONE
Latexmk: This is Latexmk, John Collins, 17 Apr. 2020, version: 4.69a.
Rule 'pdflatex': The following rules & subrules became out-of-date:
      'pdflatex'
------------
Run number 1 of rule 'pdflatex'
------------
------------
Running 'pdflatex  --shell-escape -synctex=1 -interaction=nonstopmode -file-line-error -recorder -output-directory="/home/jast/Documents/Uni/Vorlesungen/Semester4/ss20NumGl/NumGl_Blatt06"  "/home/jast/Documents/Uni/Vorlesungen/Semester4/ss20NumGl/NumGl_Blatt06/numGl_Blatt06.tex"'
------------
system returned with code 256
system returned with code 256
system returned with code 256
Latexmk: References changed.
Latexmk: References changed.
Latexmk: List of undefined refs and citations:
  Reference `LastPage' on page 1 undefined on input line 54
  Reference `LastPage' on page 2 undefined on input line 41
  Reference `LastPage' on page 3 undefined on input line 58
  Reference `LastPage' on page 4 undefined on input line 62
  Reference `LastPage' on page 5 undefined on input line 66
Latexmk: Summary of warnings from last run of (pdf)latex:
  Latex failed to resolve 5 reference(s)
  =====Latex reported missing or unavailable character(s).
=====See log file for details.
Collected error summary (may duplicate other messages):
  pdflatex: Command for 'pdflatex' gave return code 1
      Refer to '/home/jast/Documents/Uni/Vorlesungen/Semester4/ss20NumGl/NumGl_Blatt06/numGl_Blatt06.log' for details
Latexmk: Use the -f option to force complete processing,
 unless error was exceeding maximum runs, or warnings treated as errors.
.
[16:43:40] Keep using the same root file: /home/jast/Documents/Uni/Vorlesungen/Semester4/ss20NumGl/NumGl_Blatt06/numGl_Blatt06.tex.
[16:43:40] Keep using the same root file: /home/jast/Documents/Uni/Vorlesungen/Semester4/ss20NumGl/NumGl_Blatt06/numGl_Blatt06.tex.
[16:44:22] File watcher - file changed: /home/jast/Documents/Uni/Vorlesungen/Semester4/ss20NumGl/NumGl_Blatt06/tex/d.tex
[16:44:22] Parsing a file and its subfiles: /home/jast/Documents/Uni/Vorlesungen/Semester4/ss20NumGl/NumGl_Blatt06/tex/d.tex
[16:44:22] Parse fls file.
[16:44:22] Cannot find fls file: /home/jast/Documents/Uni/Vorlesungen/Semester4/ss20NumGl/NumGl_Blatt06/tex/d.fls
[16:44:22] Auto build started detecting the change of a file: /home/jast/Documents/Uni/Vorlesungen/Semester4/ss20NumGl/NumGl_Blatt06/tex/d.tex
[16:44:22] BUILD command invoked.
[16:44:22] Building root file: /home/jast/Documents/Uni/Vorlesungen/Semester4/ss20NumGl/NumGl_Blatt06/numGl_Blatt06.tex
[16:44:22] Build root file /home/jast/Documents/Uni/Vorlesungen/Semester4/ss20NumGl/NumGl_Blatt06/numGl_Blatt06.tex
[16:44:22] Recipe step 1: latexmk, --shell-escape,-synctex=1,-interaction=nonstopmode,-file-line-error,-pdf,-outdir=/home/jast/Documents/Uni/Vorlesungen/Semester4/ss20NumGl/NumGl_Blatt06,/home/jast/Documents/Uni/Vorlesungen/Semester4/ss20NumGl/NumGl_Blatt06/numGl_Blatt06
[16:44:22] cwd: /home/jast/Documents/Uni/Vorlesungen/Semester4/ss20NumGl/NumGl_Blatt06
[16:44:22] LaTeX build process spawned. PID: 634218.
[16:44:30] LaTeX log parsed with 0 messages.
[16:44:30] Recipe of length 1 finished. PID: 634218.
[16:44:30] Successfully built /home/jast/Documents/Uni/Vorlesungen/Semester4/ss20NumGl/NumGl_Blatt06/numGl_Blatt06.tex.
[16:44:30] No PDF viewer connected for /home/jast/Documents/Uni/Vorlesungen/Semester4/ss20NumGl/NumGl_Blatt06/numGl_Blatt06.pdf
[16:44:30] Parse fls file.
[16:44:30] Fls file found: /home/jast/Documents/Uni/Vorlesungen/Semester4/ss20NumGl/NumGl_Blatt06/numGl_Blatt06.fls
[16:44:30] Parse aux file: /home/jast/Documents/Uni/Vorlesungen/Semester4/ss20NumGl/NumGl_Blatt06/numGl_Blatt06.aux
[16:44:30] Added to file watcher: /home/jast/Documents/Uni/Vorlesungen/Semester4/ss20NumGl/NumGl_Blatt06/mystyle.sty
[16:44:30] Added to file watcher: /home/jast/Documents/Uni/Vorlesungen/Semester4/ss20NumGl/NumGl_Blatt06/tikz/numGl_Blatt06-figure0.md5
[16:44:30] Added to file watcher: /home/jast/Documents/Uni/Vorlesungen/Semester4/ss20NumGl/NumGl_Blatt06/tikz/numGl_Blatt06-figure0.pdf
[16:44:30] Added to file watcher: /home/jast/Documents/Uni/Vorlesungen/Semester4/ss20NumGl/NumGl_Blatt06/tikz/numGl_Blatt06-figure0.dpth
[16:44:30] Added to file watcher: /home/jast/Documents/Uni/Vorlesungen/Semester4/ss20NumGl/NumGl_Blatt06/tikz/numGl_Blatt06-figure1.md5
[16:44:30] Added to file watcher: /home/jast/Documents/Uni/Vorlesungen/Semester4/ss20NumGl/NumGl_Blatt06/tikz/numGl_Blatt06-figure1.pdf
[16:44:30] Added to file watcher: /home/jast/Documents/Uni/Vorlesungen/Semester4/ss20NumGl/NumGl_Blatt06/tikz/numGl_Blatt06-figure1.dpth
[16:44:30] Added to file watcher: /home/jast/Documents/Uni/Vorlesungen/Semester4/ss20NumGl/NumGl_Blatt06/tikz/numGl_Blatt06-figure2.md5
[16:44:30] Added to file watcher: /home/jast/Documents/Uni/Vorlesungen/Semester4/ss20NumGl/NumGl_Blatt06/tikz/numGl_Blatt06-figure2.pdf
[16:44:30] Added to file watcher: /home/jast/Documents/Uni/Vorlesungen/Semester4/ss20NumGl/NumGl_Blatt06/tikz/numGl_Blatt06-figure2.dpth
[16:44:30] Added to file watcher: /home/jast/Documents/Uni/Vorlesungen/Semester4/ss20NumGl/NumGl_Blatt06/tikz/numGl_Blatt06-figure3.md5
[16:44:30] Added to file watcher: /home/jast/Documents/Uni/Vorlesungen/Semester4/ss20NumGl/NumGl_Blatt06/tikz/numGl_Blatt06-figure3.pdf
[16:44:30] Added to file watcher: /home/jast/Documents/Uni/Vorlesungen/Semester4/ss20NumGl/NumGl_Blatt06/tikz/numGl_Blatt06-figure3.dpth
[16:44:30] Added to file watcher: /home/jast/Documents/Uni/Vorlesungen/Semester4/ss20NumGl/NumGl_Blatt06/tikz/numGl_Blatt06-figure4.md5
[16:44:30] Added to file watcher: /home/jast/Documents/Uni/Vorlesungen/Semester4/ss20NumGl/NumGl_Blatt06/tikz/numGl_Blatt06-figure4.pdf
[16:44:30] Added to file watcher: /home/jast/Documents/Uni/Vorlesungen/Semester4/ss20NumGl/NumGl_Blatt06/tikz/numGl_Blatt06-figure4.dpth
[16:44:30] Added to file watcher: /home/jast/Documents/Uni/Vorlesungen/Semester4/ss20NumGl/NumGl_Blatt06/tikz/numGl_Blatt06-figure5.md5
[16:44:30] Added to file watcher: /home/jast/Documents/Uni/Vorlesungen/Semester4/ss20NumGl/NumGl_Blatt06/tikz/numGl_Blatt06-figure5.pdf
[16:44:30] Added to file watcher: /home/jast/Documents/Uni/Vorlesungen/Semester4/ss20NumGl/NumGl_Blatt06/tikz/numGl_Blatt06-figure5.dpth
[16:44:30] Added to file watcher: /home/jast/Documents/Uni/Vorlesungen/Semester4/ss20NumGl/NumGl_Blatt06/tikz/numGl_Blatt06-figure6.md5
[16:44:30] Added to file watcher: /home/jast/Documents/Uni/Vorlesungen/Semester4/ss20NumGl/NumGl_Blatt06/tikz/numGl_Blatt06-figure6.pdf
[16:44:30] Added to file watcher: /home/jast/Documents/Uni/Vorlesungen/Semester4/ss20NumGl/NumGl_Blatt06/tikz/numGl_Blatt06-figure6.dpth
[16:44:30] Added to file watcher: /home/jast/Documents/Uni/Vorlesungen/Semester4/ss20NumGl/NumGl_Blatt06/img/EulerVsHeun.pdf
[16:44:33] VIEW command invoked.
[16:44:33] Keep using the same root file: /home/jast/Documents/Uni/Vorlesungen/Semester4/ss20NumGl/NumGl_Blatt06/numGl_Blatt06.tex.
[16:44:33] Serving PDF file at http://localhost:42289/viewer.html?file=pdf..JTJGaG9tZSUyRmphc3QlMkZEb2N1bWVudHMlMkZVbmklMkZWb3JsZXN1bmdlbiUyRlNlbWVzdGVyNCUyRnNzMjBOdW1HbCUyRk51bUdsX0JsYXR0MDYlMkZudW1HbF9CbGF0dDA2LnBkZg
[16:44:33] The encoded path is /home/jast/Documents/Uni/Vorlesungen/Semester4/ss20NumGl/NumGl_Blatt06/numGl_Blatt06.pdf
[16:44:33] Open PDF tab for /home/jast/Documents/Uni/Vorlesungen/Semester4/ss20NumGl/NumGl_Blatt06/numGl_Blatt06.pdf
[16:44:34] Handle data type: open
[16:44:34] Preview PDF file: /home/jast/Documents/Uni/Vorlesungen/Semester4/ss20NumGl/NumGl_Blatt06/numGl_Blatt06.pdf
[16:44:34] Handle data type: request_params
[16:44:34] Handle data type: loaded
[16:44:55] Handle data type: reverse_synctex
[16:44:55] SyncTeX to file /home/jast/Documents/Uni/Vorlesungen/Semester4/ss20NumGl/NumGl_Blatt06/tex/b.tex
[16:44:55] Keep using the same root file: /home/jast/Documents/Uni/Vorlesungen/Semester4/ss20NumGl/NumGl_Blatt06/numGl_Blatt06.tex.
[16:44:55] Keep using the same root file: /home/jast/Documents/Uni/Vorlesungen/Semester4/ss20NumGl/NumGl_Blatt06/numGl_Blatt06.tex.
[16:45:11] CLEAN command invoked.
[16:45:11] Keep using the same root file: /home/jast/Documents/Uni/Vorlesungen/Semester4/ss20NumGl/NumGl_Blatt06/numGl_Blatt06.tex.
[16:45:11] File cleaned: /home/jast/Documents/Uni/Vorlesungen/Semester4/ss20NumGl/NumGl_Blatt06/numGl_Blatt06.aux
[16:45:11] File cleaned: /home/jast/Documents/Uni/Vorlesungen/Semester4/ss20NumGl/NumGl_Blatt06/numGl_Blatt06.log
[16:45:11] File cleaned: /home/jast/Documents/Uni/Vorlesungen/Semester4/ss20NumGl/NumGl_Blatt06/numGl_Blatt06.fls
[16:45:11] File cleaned: /home/jast/Documents/Uni/Vorlesungen/Semester4/ss20NumGl/NumGl_Blatt06/numGl_Blatt06.fdb_latexmk
