[2020-07-27 16:27:03.508] [exthost] [info] extension host started
[2020-07-27 16:27:03.531] [exthost] [info] ExtensionService#_doActivateExtension vscode.configuration-editing {"startup":false,"extensionId":{"value":"vscode.configuration-editing","_lower":"vscode.configuration-editing"},"activationEvent":"onLanguage:jsonc"}
[2020-07-27 16:27:03.532] [exthost] [info] ExtensionService#loadCommonJSModule file:///usr/lib/code/extensions/configuration-editing/dist/configurationEditingMain
[2020-07-27 16:27:03.535] [exthost] [info] ExtensionService#_doActivateExtension vscode.json-language-features {"startup":false,"extensionId":{"value":"vscode.json-language-features","_lower":"vscode.json-language-features"},"activationEvent":"onLanguage:jsonc"}
[2020-07-27 16:27:03.535] [exthost] [info] ExtensionService#loadCommonJSModule file:///usr/lib/code/extensions/json-language-features/client/dist/node/jsonClientMain
[2020-07-27 16:27:03.549] [exthost] [info] ExtensionService#_doActivateExtension vscode.typescript-language-features {"startup":false,"extensionId":{"value":"vscode.typescript-language-features","_lower":"vscode.typescript-language-features"},"activationEvent":"onLanguage:jsonc"}
[2020-07-27 16:27:03.549] [exthost] [info] ExtensionService#loadCommonJSModule file:///usr/lib/code/extensions/typescript-language-features/dist/extension
[2020-07-27 16:27:03.558] [exthost] [info] ExtensionService#_doActivateExtension vscode.debug-auto-launch {"startup":true,"extensionId":{"value":"vscode.debug-auto-launch","_lower":"vscode.debug-auto-launch"},"activationEvent":"*"}
[2020-07-27 16:27:03.558] [exthost] [info] ExtensionService#loadCommonJSModule file:///usr/lib/code/extensions/debug-auto-launch/dist/extension
[2020-07-27 16:27:03.559] [exthost] [info] ExtensionService#_doActivateExtension vscode.emmet {"startup":true,"extensionId":{"value":"vscode.emmet","_lower":"vscode.emmet"},"activationEvent":"*"}
[2020-07-27 16:27:03.559] [exthost] [info] ExtensionService#loadCommonJSModule file:///usr/lib/code/extensions/emmet/dist/extension
[2020-07-27 16:27:03.564] [exthost] [info] ExtensionService#_doActivateExtension vscode.git {"startup":true,"extensionId":{"value":"vscode.github","_lower":"vscode.github"},"activationEvent":"*"}
[2020-07-27 16:27:03.564] [exthost] [info] ExtensionService#loadCommonJSModule file:///usr/lib/code/extensions/git/dist/main
[2020-07-27 16:27:03.572] [exthost] [info] ExtensionService#_doActivateExtension vscode.github-authentication {"startup":true,"extensionId":{"value":"vscode.github-authentication","_lower":"vscode.github-authentication"},"activationEvent":"*"}
[2020-07-27 16:27:03.572] [exthost] [info] ExtensionService#loadCommonJSModule file:///usr/lib/code/extensions/github-authentication/dist/extension.js
[2020-07-27 16:27:03.578] [exthost] [info] ExtensionService#_doActivateExtension vscode.merge-conflict {"startup":true,"extensionId":{"value":"vscode.merge-conflict","_lower":"vscode.merge-conflict"},"activationEvent":"*"}
[2020-07-27 16:27:03.578] [exthost] [info] ExtensionService#loadCommonJSModule file:///usr/lib/code/extensions/merge-conflict/dist/mergeConflictMain
[2020-07-27 16:27:03.579] [exthost] [info] ExtensionService#_doActivateExtension vscode.microsoft-authentication {"startup":true,"extensionId":{"value":"vscode.microsoft-authentication","_lower":"vscode.microsoft-authentication"},"activationEvent":"*"}
[2020-07-27 16:27:03.579] [exthost] [info] ExtensionService#loadCommonJSModule file:///usr/lib/code/extensions/microsoft-authentication/dist/extension.js
[2020-07-27 16:27:03.581] [exthost] [info] ExtensionService#_doActivateExtension vscode.search-result {"startup":true,"extensionId":{"value":"vscode.search-result","_lower":"vscode.search-result"},"activationEvent":"*"}
[2020-07-27 16:27:03.581] [exthost] [info] ExtensionService#loadCommonJSModule file:///usr/lib/code/extensions/search-result/dist/extension.js
[2020-07-27 16:27:03.582] [exthost] [info] ExtensionService#_doActivateExtension PKief.material-icon-theme {"startup":true,"extensionId":{"value":"PKief.material-icon-theme","_lower":"pkief.material-icon-theme"},"activationEvent":"*"}
[2020-07-27 16:27:03.582] [exthost] [info] ExtensionService#loadCommonJSModule file:///home/jast/.vscode-oss/extensions/pkief.material-icon-theme-4.2.0/dist/extension
[2020-07-27 16:27:03.585] [exthost] [info] ExtensionService#_doActivateExtension zhuangtongfa.material-theme {"startup":true,"extensionId":{"value":"zhuangtongfa.material-theme","_lower":"zhuangtongfa.material-theme"},"activationEvent":"*"}
[2020-07-27 16:27:03.585] [exthost] [info] ExtensionService#loadCommonJSModule file:///home/jast/.vscode-oss/extensions/zhuangtongfa.material-theme-3.8.5/out/extension.js
[2020-07-27 16:27:03.705] [exthost] [info] ExtensionService#_doActivateExtension vscode.github {"startup":true,"extensionId":{"value":"vscode.github","_lower":"vscode.github"},"activationEvent":"*"}
[2020-07-27 16:27:03.705] [exthost] [info] ExtensionService#loadCommonJSModule file:///usr/lib/code/extensions/github/dist/extension.js
[2020-07-27 16:27:03.742] [exthost] [info] ExtensionService#_doActivateExtension ms-vscode-remote.remote-containers {"startup":false,"extensionId":{"value":"ms-vscode-remote.remote-containers","_lower":"ms-vscode-remote.remote-containers"},"activationEvent":"onStartupFinished"}
[2020-07-27 16:27:03.742] [exthost] [info] ExtensionService#loadCommonJSModule file:///home/jast/.vscode-oss/extensions/ms-vscode-remote.remote-containers-0.128.0/dist/extension
[2020-07-27 16:27:03.753] [exthost] [info] eager extensions activated
[2020-07-27 16:27:03.762] [exthost] [error] Activating extension ms-vscode-remote.remote-containers failed due to an error:
[2020-07-27 16:27:03.763] [exthost] [error] Error: [ms-vscode-remote.remote-containers]: Proposed API is only available when running out of dev or with the following command line switch: --enable-proposed-api ms-vscode-remote.remote-containers
	at a (/usr/lib/code/out/vs/workbench/services/extensions/node/extensionHostProcess.js:594:75)
	at Object.t.checkProposedApiEnabled (/usr/lib/code/out/vs/workbench/services/extensions/node/extensionHostProcess.js:594:437)
	at Object.registerRemoteAuthorityResolver (/usr/lib/code/out/vs/workbench/services/extensions/node/extensionHostProcess.js:922:143)
	at t.activate (/home/jast/.vscode-oss/extensions/ms-vscode-remote.remote-containers-0.128.0/dist/extension.js:1:262176)
	at Function._callActivateOptional (/usr/lib/code/out/vs/workbench/services/extensions/node/extensionHostProcess.js:837:509)
	at Function._callActivate (/usr/lib/code/out/vs/workbench/services/extensions/node/extensionHostProcess.js:837:160)
	at /usr/lib/code/out/vs/workbench/services/extensions/node/extensionHostProcess.js:835:703
	at async Promise.all (index 0)
[2020-07-27 16:27:28.123] [exthost] [info] ExtensionService#_doActivateExtension James-Yu.latex-workshop {"startup":false,"extensionId":{"value":"James-Yu.latex-workshop","_lower":"james-yu.latex-workshop"},"activationEvent":"onLanguage:latex"}
[2020-07-27 16:27:28.124] [exthost] [info] ExtensionService#loadCommonJSModule file:///home/jast/.vscode-oss/extensions/james-yu.latex-workshop-8.11.1/out/src/main.js
[2020-07-27 16:35:17.853] [exthost] [error] [James-Yu.latex-workshop] provider FAILED
[2020-07-27 16:35:17.853] [exthost] [error] Error: Worker is terminated
	at t.exec (/home/jast/.vscode-oss/extensions/james-yu.latex-workshop-8.11.1/node_modules/workerpool/dist/workerpool.min.js:25:10515)
	at u._next (/home/jast/.vscode-oss/extensions/james-yu.latex-workshop-8.11.1/node_modules/workerpool/dist/workerpool.min.js:25:5283)
	at u.exec (/home/jast/.vscode-oss/extensions/james-yu.latex-workshop-8.11.1/node_modules/workerpool/dist/workerpool.min.js:25:4711)
	at Object.r.<computed> [as typeset] (/home/jast/.vscode-oss/extensions/james-yu.latex-workshop-8.11.1/node_modules/workerpool/dist/workerpool.min.js:25:5075)
	at MathJaxPool.typeset (/home/jast/.vscode-oss/extensions/james-yu.latex-workshop-8.11.1/out/src/providers/preview/mathjaxpool.js:32:35)
	at runMicrotasks (<anonymous>)
	at processTicksAndRejections (internal/process/task_queues.js:85:5)
	at async MathPreview.provideHoverOnTex (/home/jast/.vscode-oss/extensions/james-yu.latex-workshop-8.11.1/out/src/providers/preview/mathpreview.js:151:25)
	at async HoverProvider.provideHover (/home/jast/.vscode-oss/extensions/james-yu.latex-workshop-8.11.1/out/src/providers/hover.js:40:31)
[2020-07-27 16:36:36.222] [exthost] [info] ExtensionService#_doActivateExtension vscode.python {"startup":false,"extensionId":{"value":"vscode.python","_lower":"vscode.python"},"activationEvent":"onLanguage:python"}
[2020-07-27 16:36:36.223] [exthost] [info] ExtensionService#loadCommonJSModule file:///usr/lib/code/extensions/python/dist/pythonMain
