[2020-07-03 14:36:12.983] [exthost] [info] extension host started
[2020-07-03 14:36:13.004] [exthost] [info] ExtensionService#_doActivateExtension vscode.configuration-editing {"startup":false,"extensionId":{"value":"vscode.configuration-editing","_lower":"vscode.configuration-editing"},"activationEvent":"onLanguage:json"}
[2020-07-03 14:36:13.004] [exthost] [info] ExtensionService#loadCommonJSModule file:///usr/lib/code/extensions/configuration-editing/dist/extension
[2020-07-03 14:36:13.010] [exthost] [info] ExtensionService#_doActivateExtension vscode.extension-editing {"startup":false,"extensionId":{"value":"vscode.extension-editing","_lower":"vscode.extension-editing"},"activationEvent":"onLanguage:json"}
[2020-07-03 14:36:13.010] [exthost] [info] ExtensionService#loadCommonJSModule file:///usr/lib/code/extensions/extension-editing/dist/extension
[2020-07-03 14:36:13.018] [exthost] [info] ExtensionService#_doActivateExtension vscode.json-language-features {"startup":false,"extensionId":{"value":"vscode.json-language-features","_lower":"vscode.json-language-features"},"activationEvent":"onLanguage:json"}
[2020-07-03 14:36:13.018] [exthost] [info] ExtensionService#loadCommonJSModule file:///usr/lib/code/extensions/json-language-features/client/dist/jsonMain
[2020-07-03 14:36:13.036] [exthost] [info] ExtensionService#_doActivateExtension ms-vscode.js-debug {"startup":false,"extensionId":{"value":"ms-vscode.js-debug","_lower":"ms-vscode.js-debug"},"activationEvent":"onLanguage:json"}
[2020-07-03 14:36:13.036] [exthost] [info] ExtensionService#loadCommonJSModule file:///usr/lib/code/extensions/ms-vscode.js-debug/src/extension.js
[2020-07-03 14:36:13.223] [exthost] [info] ExtensionService#_doActivateExtension vscode.npm {"startup":false,"extensionId":{"value":"vscode.npm","_lower":"vscode.npm"},"activationEvent":"onLanguage:json"}
[2020-07-03 14:36:13.223] [exthost] [info] ExtensionService#loadCommonJSModule file:///usr/lib/code/extensions/npm/dist/main
[2020-07-03 14:36:13.228] [exthost] [info] ExtensionService#_doActivateExtension vscode.debug-auto-launch {"startup":true,"extensionId":{"value":"vscode.debug-auto-launch","_lower":"vscode.debug-auto-launch"},"activationEvent":"*"}
[2020-07-03 14:36:13.228] [exthost] [info] ExtensionService#loadCommonJSModule file:///usr/lib/code/extensions/debug-auto-launch/dist/extension
[2020-07-03 14:36:13.231] [exthost] [info] ExtensionService#_doActivateExtension vscode.emmet {"startup":true,"extensionId":{"value":"vscode.emmet","_lower":"vscode.emmet"},"activationEvent":"*"}
[2020-07-03 14:36:13.231] [exthost] [info] ExtensionService#loadCommonJSModule file:///usr/lib/code/extensions/emmet/dist/extension
[2020-07-03 14:36:13.239] [exthost] [info] ExtensionService#_doActivateExtension vscode.git {"startup":true,"extensionId":{"value":"vscode.github","_lower":"vscode.github"},"activationEvent":"*"}
[2020-07-03 14:36:13.240] [exthost] [info] ExtensionService#loadCommonJSModule file:///usr/lib/code/extensions/git/dist/main
[2020-07-03 14:36:13.256] [exthost] [info] ExtensionService#_doActivateExtension vscode.github-authentication {"startup":true,"extensionId":{"value":"vscode.github-authentication","_lower":"vscode.github-authentication"},"activationEvent":"*"}
[2020-07-03 14:36:13.256] [exthost] [info] ExtensionService#loadCommonJSModule file:///usr/lib/code/extensions/github-authentication/dist/extension.js
[2020-07-03 14:36:13.261] [exthost] [info] ExtensionService#_doActivateExtension vscode.merge-conflict {"startup":true,"extensionId":{"value":"vscode.merge-conflict","_lower":"vscode.merge-conflict"},"activationEvent":"*"}
[2020-07-03 14:36:13.261] [exthost] [info] ExtensionService#loadCommonJSModule file:///usr/lib/code/extensions/merge-conflict/dist/extension
[2020-07-03 14:36:13.264] [exthost] [info] ExtensionService#_doActivateExtension vscode.microsoft-authentication {"startup":true,"extensionId":{"value":"vscode.microsoft-authentication","_lower":"vscode.microsoft-authentication"},"activationEvent":"*"}
[2020-07-03 14:36:13.264] [exthost] [info] ExtensionService#loadCommonJSModule file:///usr/lib/code/extensions/microsoft-authentication/dist/extension.js
[2020-07-03 14:36:13.268] [exthost] [info] ExtensionService#_doActivateExtension vscode.search-result {"startup":true,"extensionId":{"value":"vscode.search-result","_lower":"vscode.search-result"},"activationEvent":"*"}
[2020-07-03 14:36:13.268] [exthost] [info] ExtensionService#loadCommonJSModule file:///usr/lib/code/extensions/search-result/dist/extension.js
[2020-07-03 14:36:13.270] [exthost] [info] ExtensionService#_doActivateExtension PKief.material-icon-theme {"startup":true,"extensionId":{"value":"PKief.material-icon-theme","_lower":"pkief.material-icon-theme"},"activationEvent":"*"}
[2020-07-03 14:36:13.270] [exthost] [info] ExtensionService#loadCommonJSModule file:///home/jast/.vscode-oss/extensions/pkief.material-icon-theme-4.2.0/dist/extension
[2020-07-03 14:36:13.275] [exthost] [info] ExtensionService#_doActivateExtension zhuangtongfa.material-theme {"startup":true,"extensionId":{"value":"zhuangtongfa.material-theme","_lower":"zhuangtongfa.material-theme"},"activationEvent":"*"}
[2020-07-03 14:36:13.275] [exthost] [info] ExtensionService#loadCommonJSModule file:///home/jast/.vscode-oss/extensions/zhuangtongfa.material-theme-3.8.2/out/extension.js
[2020-07-03 14:36:13.411] [exthost] [info] ExtensionService#_doActivateExtension vscode.github {"startup":true,"extensionId":{"value":"vscode.github","_lower":"vscode.github"},"activationEvent":"*"}
[2020-07-03 14:36:13.411] [exthost] [info] ExtensionService#loadCommonJSModule file:///usr/lib/code/extensions/github/dist/extension.js
[2020-07-03 14:36:13.462] [exthost] [info] eager extensions activated
