[16:39:58] Initializing LaTeX Workshop.
[16:39:58] Creating PDF file watcher.
[16:39:58] Creating LaTeX Workshop http and websocket server.
[16:39:58] LaTeX Workshop initialized.
[16:39:58] Found root file from active editor: /home/jast/Documents/Uni/Vorlesungen/Semester4/ss20NumGl/Spickzettel/Spickzettel.tex
[16:39:58] Root file changed: from undefined to /home/jast/Documents/Uni/Vorlesungen/Semester4/ss20NumGl/Spickzettel/Spickzettel.tex
[16:39:58] Start to find all dependencies.
[16:39:58] Instantiating a new file watcher for /home/jast/Documents/Uni/Vorlesungen/Semester4/ss20NumGl/Spickzettel/Spickzettel.tex
[16:39:58] Creating Bib file watcher.
[16:39:58] Parsing a file and its subfiles: /home/jast/Documents/Uni/Vorlesungen/Semester4/ss20NumGl/Spickzettel/Spickzettel.tex
[16:39:58] Parsing a file and its subfiles: /home/jast/Documents/Uni/Vorlesungen/Semester4/ss20NumGl/Spickzettel/tex/NormEinheitskugel.tex
[16:39:58] Parse fls file.
[16:39:58] Cannot find fls file: /home/jast/Documents/Uni/Vorlesungen/Semester4/ss20NumGl/Spickzettel/tex/NormEinheitskugel.fls
[16:39:58] Parse fls file.
[16:39:58] Cannot find fls file: /home/jast/Documents/Uni/Vorlesungen/Semester4/ss20NumGl/Spickzettel/Spickzettel.fls
[16:39:58] Server created on 127.0.0.1:43575
[16:39:58] Added to file watcher: /home/jast/Documents/Uni/Vorlesungen/Semester4/ss20NumGl/Spickzettel/Spickzettel.tex
[16:39:58] Added to file watcher: /home/jast/Documents/Uni/Vorlesungen/Semester4/ss20NumGl/Spickzettel/tex/NormEinheitskugel.tex
[16:39:58] Snippet data loaded.
[16:39:58] LaTeX Workshop version: 8.11.1
[16:40:00] File watcher - file changed: /home/jast/Documents/Uni/Vorlesungen/Semester4/ss20NumGl/Spickzettel/Spickzettel.tex
[16:40:00] Parsing a file and its subfiles: /home/jast/Documents/Uni/Vorlesungen/Semester4/ss20NumGl/Spickzettel/Spickzettel.tex
[16:40:00] Parse fls file.
[16:40:00] Cannot find fls file: /home/jast/Documents/Uni/Vorlesungen/Semester4/ss20NumGl/Spickzettel/Spickzettel.fls
[16:40:00] Auto build started detecting the change of a file: /home/jast/Documents/Uni/Vorlesungen/Semester4/ss20NumGl/Spickzettel/Spickzettel.tex
[16:40:00] BUILD command invoked.
[16:40:00] Building root file: /home/jast/Documents/Uni/Vorlesungen/Semester4/ss20NumGl/Spickzettel/Spickzettel.tex
[16:40:00] Build root file /home/jast/Documents/Uni/Vorlesungen/Semester4/ss20NumGl/Spickzettel/Spickzettel.tex
[16:40:00] Recipe step 1: latexmk, --shell-escape,-synctex=1,-interaction=nonstopmode,-file-line-error,-pdf,-outdir=/home/jast/Documents/Uni/Vorlesungen/Semester4/ss20NumGl/Spickzettel,/home/jast/Documents/Uni/Vorlesungen/Semester4/ss20NumGl/Spickzettel/Spickzettel
[16:40:00] cwd: /home/jast/Documents/Uni/Vorlesungen/Semester4/ss20NumGl/Spickzettel
[16:40:00] LaTeX build process spawned. PID: 627101.
[16:40:02] LaTeX log parsed with 0 messages.
[16:40:02] Recipe of length 1 finished. PID: 627101.
[16:40:02] Successfully built /home/jast/Documents/Uni/Vorlesungen/Semester4/ss20NumGl/Spickzettel/Spickzettel.tex.
[16:40:02] No PDF viewer connected for /home/jast/Documents/Uni/Vorlesungen/Semester4/ss20NumGl/Spickzettel/Spickzettel.pdf
[16:40:02] Parse fls file.
[16:40:02] Fls file found: /home/jast/Documents/Uni/Vorlesungen/Semester4/ss20NumGl/Spickzettel/Spickzettel.fls
[16:40:02] Parse aux file: /home/jast/Documents/Uni/Vorlesungen/Semester4/ss20NumGl/Spickzettel/Spickzettel.aux
[16:40:02] Parse aux file: /home/jast/Documents/Uni/Vorlesungen/Semester4/ss20NumGl/Spickzettel/tex/NormEinheitskugel.aux
[16:40:02] Added to file watcher: /home/jast/Documents/Uni/Vorlesungen/Semester4/ss20NumGl/Spickzettel/mystyle.sty
[16:40:04] VIEW command invoked.
[16:40:04] Found root file from active editor: /home/jast/Documents/Uni/Vorlesungen/Semester4/ss20NumGl/Spickzettel/Spickzettel.tex
[16:40:04] Keep using the same root file: /home/jast/Documents/Uni/Vorlesungen/Semester4/ss20NumGl/Spickzettel/Spickzettel.tex.
[16:40:04] Serving PDF file at http://localhost:43575/viewer.html?file=pdf..JTJGaG9tZSUyRmphc3QlMkZEb2N1bWVudHMlMkZVbmklMkZWb3JsZXN1bmdlbiUyRlNlbWVzdGVyNCUyRnNzMjBOdW1HbCUyRlNwaWNremV0dGVsJTJGU3BpY2t6ZXR0ZWwucGRm
[16:40:04] The encoded path is /home/jast/Documents/Uni/Vorlesungen/Semester4/ss20NumGl/Spickzettel/Spickzettel.pdf
[16:40:04] Open PDF tab for /home/jast/Documents/Uni/Vorlesungen/Semester4/ss20NumGl/Spickzettel/Spickzettel.pdf
[16:40:05] Handle data type: open
[16:40:05] Preview PDF file: /home/jast/Documents/Uni/Vorlesungen/Semester4/ss20NumGl/Spickzettel/Spickzettel.pdf
[16:40:05] Handle data type: request_params
[16:40:05] Found root file from active editor: /home/jast/Documents/Uni/Vorlesungen/Semester4/ss20NumGl/Spickzettel/Spickzettel.tex
[16:40:05] Keep using the same root file: /home/jast/Documents/Uni/Vorlesungen/Semester4/ss20NumGl/Spickzettel/Spickzettel.tex.
[16:40:05] Handle data type: loaded
[16:40:53] CLEAN command invoked.
[16:40:53] Found root file from active editor: /home/jast/Documents/Uni/Vorlesungen/Semester4/ss20NumGl/Spickzettel/Spickzettel.tex
[16:40:53] Keep using the same root file: /home/jast/Documents/Uni/Vorlesungen/Semester4/ss20NumGl/Spickzettel/Spickzettel.tex.
[16:40:53] File cleaned: /home/jast/Documents/Uni/Vorlesungen/Semester4/ss20NumGl/Spickzettel/Spickzettel.aux
[16:40:53] File cleaned: /home/jast/Documents/Uni/Vorlesungen/Semester4/ss20NumGl/Spickzettel/Spickzettel.fls
[16:40:53] File cleaned: /home/jast/Documents/Uni/Vorlesungen/Semester4/ss20NumGl/Spickzettel/Spickzettel.toc
[16:40:53] File cleaned: /home/jast/Documents/Uni/Vorlesungen/Semester4/ss20NumGl/Spickzettel/Spickzettel.fdb_latexmk
[16:40:53] File cleaned: /home/jast/Documents/Uni/Vorlesungen/Semester4/ss20NumGl/Spickzettel/Spickzettel.log
