ReadyRc files read:
  NONE
Latexmk: This is Latexmk, John Collins, 17 Apr. 2020, version: 4.69a.
Rule 'pdflatex': The following rules & subrules became out-of-date:
      'pdflatex'
------------
Run number 1 of rule 'pdflatex'
------------
------------
Running 'pdflatex  --shell-escape -synctex=1 -interaction=nonstopmode -file-line-error -recorder -output-directory="/home/jast/Documents/Uni/Vorlesungen/Semester4/ss20NumGl/Spickzettel"  "/home/jast/Documents/Uni/Vorlesungen/Semester4/ss20NumGl/Spickzettel/Spickzettel.tex"'
------------
Latexmk: applying rule 'pdflatex'...
This is pdfTeX, Version 3.14159265-2.6-1.40.21 (TeX Live 2020/Arch Linux) (preloaded format=pdflatex)
 \write18 enabled.
entering extended mode
(/home/jast/Documents/Uni/Vorlesungen/Semester4/ss20NumGl/Spickzettel/Spickzettel.tex
LaTeX2e <2020-02-02> patch level 5
L3 programming layer <2020-06-03> (/usr/share/texmf-dist/tex/latex/base/book.cls
Document Class: book 2019/12/20 v1.4l Standard LaTeX document class
(/usr/share/texmf-dist/tex/latex/base/bk10.clo)) (/home/jast/Documents/Uni/Vorlesungen/Semester4/ss20NumGl/Spickzettel/mystyle.sty (/usr/share/texmf-dist/tex/latex/base/inputenc.sty) (/usr/share/texmf-dist/tex/latex/base/fontenc.sty) (/usr/share/texmf-dist/tex/generic/babel/babel.sty (/usr/share/texmf-dist/tex/generic/babel/babel.def (/usr/share/texmf-dist/tex/generic/babel/txtbabel.def)) (/usr/share/texmf-dist/tex/generic/babel-german/ngerman.ldf (/usr/share/texmf-dist/tex/generic/babel-german/ngermanb.ldf))) (/usr/share/texmf-dist/tex/latex/lm/lmodern.sty) (/usr/share/texmf-dist/tex/latex/geometry/geometry.sty (/usr/share/texmf-dist/tex/latex/graphics/keyval.sty) (/usr/share/texmf-dist/tex/generic/iftex/ifvtex.sty (/usr/share/texmf-dist/tex/generic/iftex/iftex.sty))) (/usr/share/texmf-dist/tex/latex/amsmath/amsmath.sty
For additional information on amsmath, use the `?' option.
(/usr/share/texmf-dist/tex/latex/amsmath/amstext.sty (/usr/share/texmf-dist/tex/latex/amsmath/amsgen.sty)) (/usr/share/texmf-dist/tex/latex/amsmath/amsbsy.sty) (/usr/share/texmf-dist/tex/latex/amsmath/amsopn.sty)) (/usr/share/texmf-dist/tex/latex/amsfonts/amssymb.sty (/usr/share/texmf-dist/tex/latex/amsfonts/amsfonts.sty)) (/usr/share/texmf-dist/tex/latex/amscls/amsthm.sty) (/usr/share/texmf-dist/tex/latex/enumitem/enumitem.sty) (/usr/share/texmf-dist/tex/latex/parskip/parskip.sty (/usr/share/texmf-dist/tex/latex/kvoptions/kvoptions.sty (/usr/share/texmf-dist/tex/generic/ltxcmds/ltxcmds.sty) (/usr/share/texmf-dist/tex/generic/kvsetkeys/kvsetkeys.sty)) (/usr/share/texmf-dist/tex/latex/etoolbox/etoolbox.sty)) (/usr/share/texmf-dist/tex/latex/microtype/microtype.sty (/usr/share/texmf-dist/tex/latex/microtype/microtype-pdftex.def) (/usr/share/texmf-dist/tex/latex/microtype/microtype.cfg)) (/usr/share/texmf-dist/tex/latex/physics/physics.sty (/usr/share/texmf-dist/tex/latex/l3packages/xparse/xparse.sty (/usr/share/texmf-dist/tex/latex/l3kernel/expl3.sty (/usr/share/texmf-dist/tex/latex/l3backend/l3backend-pdfmode.def)) (/usr/share/texmf-dist/tex/latex/l3packages/xparse/xparse-generic.tex))) (/usr/share/texmf-dist/tex/latex/braket/braket.sty) (/usr/share/texmf-dist/tex/latex/titling/titling.sty) (/usr/share/texmf-dist/tex/latex/float/float.sty) (/usr/share/texmf-dist/tex/latex/pgf/frontendlayer/tikz.sty (/usr/share/texmf-dist/tex/latex/pgf/basiclayer/pgf.sty (/usr/share/texmf-dist/tex/latex/pgf/utilities/pgfrcs.sty (/usr/share/texmf-dist/tex/generic/pgf/utilities/pgfutil-common.tex (/usr/share/texmf-dist/tex/generic/pgf/utilities/pgfutil-common-lists.tex)) (/usr/share/texmf-dist/tex/generic/pgf/utilities/pgfutil-latex.def (/usr/share/texmf-dist/tex/latex/ms/everyshi.sty)) (/usr/share/texmf-dist/tex/generic/pgf/utilities/pgfrcs.code.tex (/usr/share/texmf-dist/tex/generic/pgf/pgf.revision.tex))) (/usr/share/texmf-dist/tex/latex/pgf/basiclayer/pgfcore.sty (/usr/share/texmf-dist/tex/latex/graphics/graphicx.sty (/usr/share/texmf-dist/tex/latex/graphics/graphics.sty (/usr/share/texmf-dist/tex/latex/graphics/trig.sty) (/usr/share/texmf-dist/tex/latex/graphics-cfg/graphics.cfg) (/usr/share/texmf-dist/tex/latex/graphics-def/pdftex.def))) (/usr/share/texmf-dist/tex/latex/pgf/systemlayer/pgfsys.sty (/usr/share/texmf-dist/tex/generic/pgf/systemlayer/pgfsys.code.tex (/usr/share/texmf-dist/tex/generic/pgf/utilities/pgfkeys.code.tex (/usr/share/texmf-dist/tex/generic/pgf/utilities/pgfkeysfiltered.code.tex)) (/usr/share/texmf-dist/tex/generic/pgf/systemlayer/pgf.cfg) (/usr/share/texmf-dist/tex/generic/pgf/systemlayer/pgfsys-pdftex.def (/usr/share/texmf-dist/tex/generic/pgf/systemlayer/pgfsys-common-pdf.def))) (/usr/share/texmf-dist/tex/generic/pgf/systemlayer/pgfsyssoftpath.code.tex) (/usr/share/texmf-dist/tex/generic/pgf/systemlayer/pgfsysprotocol.code.tex)) (/usr/share/texmf-dist/tex/latex/xcolor/xcolor.sty (/usr/share/texmf-dist/tex/latex/graphics-cfg/color.cfg)) (/usr/share/texmf-dist/tex/generic/pgf/basiclayer/pgfcore.code.tex (/usr/share/texmf-dist/tex/generic/pgf/math/pgfmath.code.tex (/usr/share/texmf-dist/tex/generic/pgf/math/pgfmathcalc.code.tex (/usr/share/texmf-dist/tex/generic/pgf/math/pgfmathutil.code.tex) (/usr/share/texmf-dist/tex/generic/pgf/math/pgfmathparser.code.tex) (/usr/share/texmf-dist/tex/generic/pgf/math/pgfmathfunctions.code.tex (/usr/share/texmf-dist/tex/generic/pgf/math/pgfmathfunctions.basic.code.tex) (/usr/share/texmf-dist/tex/generic/pgf/math/pgfmathfunctions.trigonometric.code.tex) (/usr/share/texmf-dist/tex/generic/pgf/math/pgfmathfunctions.random.code.tex) (/usr/share/texmf-dist/tex/generic/pgf/math/pgfmathfunctions.comparison.code.tex) (/usr/share/texmf-dist/tex/generic/pgf/math/pgfmathfunctions.base.code.tex) (/usr/share/texmf-dist/tex/generic/pgf/math/pgfmathfunctions.round.code.tex) (/usr/share/texmf-dist/tex/generic/pgf/math/pgfmathfunctions.misc.code.tex) (/usr/share/texmf-dist/tex/generic/pgf/math/pgfmathfunctions.integerarithmetics.code.tex))) (/usr/share/texmf-dist/tex/generic/pgf/math/pgfmathfloat.code.tex)) (/usr/share/texmf-dist/tex/generic/pgf/math/pgfint.code.tex) (/usr/share/texmf-dist/tex/generic/pgf/basiclayer/pgfcorepoints.code.tex) (/usr/share/texmf-dist/tex/generic/pgf/basiclayer/pgfcorepathconstruct.code.tex) (/usr/share/texmf-dist/tex/generic/pgf/basiclayer/pgfcorepathusage.code.tex) (/usr/share/texmf-dist/tex/generic/pgf/basiclayer/pgfcorescopes.code.tex) (/usr/share/texmf-dist/tex/generic/pgf/basiclayer/pgfcoregraphicstate.code.tex) (/usr/share/texmf-dist/tex/generic/pgf/basiclayer/pgfcoretransformations.code.tex) (/usr/share/texmf-dist/tex/generic/pgf/basiclayer/pgfcorequick.code.tex) (/usr/share/texmf-dist/tex/generic/pgf/basiclayer/pgfcoreobjects.code.tex) (/usr/share/texmf-dist/tex/generic/pgf/basiclayer/pgfcorepathprocessing.code.tex) (/usr/share/texmf-dist/tex/generic/pgf/basiclayer/pgfcorearrows.code.tex) (/usr/share/texmf-dist/tex/generic/pgf/basiclayer/pgfcoreshade.code.tex) (/usr/share/texmf-dist/tex/generic/pgf/basiclayer/pgfcoreimage.code.tex (/usr/share/texmf-dist/tex/generic/pgf/basiclayer/pgfcoreexternal.code.tex)) (/usr/share/texmf-dist/tex/generic/pgf/basiclayer/pgfcorelayers.code.tex) (/usr/share/texmf-dist/tex/generic/pgf/basiclayer/pgfcoretransparency.code.tex) (/usr/share/texmf-dist/tex/generic/pgf/basiclayer/pgfcorepatterns.code.tex) (/usr/share/texmf-dist/tex/generic/pgf/basiclayer/pgfcorerdf.code.tex))) (/usr/share/texmf-dist/tex/generic/pgf/modules/pgfmoduleshapes.code.tex) (/usr/share/texmf-dist/tex/generic/pgf/modules/pgfmoduleplot.code.tex) (/usr/share/texmf-dist/tex/latex/pgf/compatibility/pgfcomp-version-0-65.sty) (/usr/share/texmf-dist/tex/latex/pgf/compatibility/pgfcomp-version-1-18.sty)) (/usr/share/texmf-dist/tex/latex/pgf/utilities/pgffor.sty (/usr/share/texmf-dist/tex/latex/pgf/utilities/pgfkeys.sty (/usr/share/texmf-dist/tex/generic/pgf/utilities/pgfkeys.code.tex)) (/usr/share/texmf-dist/tex/latex/pgf/math/pgfmath.sty (/usr/share/texmf-dist/tex/generic/pgf/math/pgfmath.code.tex)) (/usr/share/texmf-dist/tex/generic/pgf/utilities/pgffor.code.tex (/usr/share/texmf-dist/tex/generic/pgf/math/pgfmath.code.tex))) (/usr/share/texmf-dist/tex/generic/pgf/frontendlayer/tikz/tikz.code.tex (/usr/share/texmf-dist/tex/generic/pgf/libraries/pgflibraryplothandlers.code.tex) (/usr/share/texmf-dist/tex/generic/pgf/modules/pgfmodulematrix.code.tex) (/usr/share/texmf-dist/tex/generic/pgf/frontendlayer/tikz/libraries/tikzlibrarytopaths.code.tex))) (/usr/share/texmf-dist/tex/latex/tkz-euclide/tkz-euclide.sty
2020/03/18 3.06c tkz-euclide.sty
(/usr/share/texmf-dist/tex/latex/tkz-base/tkz-base.sty
2020/03/18 3.06c tkz-base.sty
(/usr/share/texmf-dist/tex/generic/pgf/frontendlayer/tikz/libraries/tikzlibraryangles.code.tex) (/usr/share/texmf-dist/tex/generic/pgf/frontendlayer/tikz/libraries/tikzlibraryarrows.code.tex (/usr/share/texmf-dist/tex/generic/pgf/libraries/pgflibraryarrows.code.tex)) (/usr/share/texmf-dist/tex/generic/pgf/libraries/pgflibraryarrows.meta.code.tex) (/usr/share/texmf-dist/tex/generic/pgf/frontendlayer/tikz/libraries/tikzlibrarybabel.code.tex) (/usr/share/texmf-dist/tex/generic/pgf/frontendlayer/tikz/libraries/tikzlibrarycalc.code.tex) (/usr/share/texmf-dist/tex/generic/pgf/frontendlayer/tikz/libraries/tikzlibrarydecorations.code.tex (/usr/share/texmf-dist/tex/generic/pgf/modules/pgfmoduledecorations.code.tex)) (/usr/share/texmf-dist/tex/generic/pgf/frontendlayer/tikz/libraries/tikzlibrarydecorations.markings.code.tex (/usr/share/texmf-dist/tex/generic/pgf/libraries/decorations/pgflibrarydecorations.markings.code.tex)) (/usr/share/texmf-dist/tex/generic/pgf/frontendlayer/tikz/libraries/tikzlibrarydecorations.pathreplacing.code.tex (/usr/share/texmf-dist/tex/generic/pgf/libraries/decorations/pgflibrarydecorations.pathreplacing.code.tex)) (/usr/share/texmf-dist/tex/generic/pgf/frontendlayer/tikz/libraries/tikzlibrarydecorations.shapes.code.tex (/usr/share/texmf-dist/tex/generic/pgf/libraries/decorations/pgflibrarydecorations.shapes.code.tex)) (/usr/share/texmf-dist/tex/generic/pgf/frontendlayer/tikz/libraries/tikzlibrarydecorations.text.code.tex (/usr/share/texmf-dist/tex/generic/pgf/libraries/decorations/pgflibrarydecorations.text.code.tex)) (/usr/share/texmf-dist/tex/generic/pgf/frontendlayer/tikz/libraries/tikzlibrarydecorations.pathmorphing.code.tex (/usr/share/texmf-dist/tex/generic/pgf/libraries/decorations/pgflibrarydecorations.pathmorphing.code.tex)) (/usr/share/texmf-dist/tex/generic/pgf/frontendlayer/tikz/libraries/tikzlibraryintersections.code.tex (/usr/share/texmf-dist/tex/generic/pgf/libraries/pgflibraryintersections.code.tex (/usr/share/texmf-dist/tex/generic/pgf/libraries/pgflibraryfpu.code.tex))) (/usr/share/texmf-dist/tex/generic/pgf/frontendlayer/tikz/libraries/tikzlibrarypatterns.code.tex (/usr/share/texmf-dist/tex/generic/pgf/libraries/pgflibrarypatterns.code.tex)) (/usr/share/texmf-dist/tex/generic/pgf/frontendlayer/tikz/libraries/tikzlibraryplotmarks.code.tex (/usr/share/texmf-dist/tex/generic/pgf/libraries/pgflibraryplotmarks.code.tex)) (/usr/share/texmf-dist/tex/generic/pgf/frontendlayer/tikz/libraries/tikzlibrarypositioning.code.tex) (/usr/share/texmf-dist/tex/generic/pgf/frontendlayer/tikz/libraries/tikzlibraryquotes.code.tex) (/usr/share/texmf-dist/tex/generic/pgf/frontendlayer/tikz/libraries/tikzlibraryshadows.code.tex (/usr/share/texmf-dist/tex/generic/pgf/frontendlayer/tikz/libraries/tikzlibraryfadings.code.tex (/usr/share/texmf-dist/tex/generic/pgf/libraries/pgflibraryfadings.code.tex))) (/usr/share/texmf-dist/tex/generic/pgf/frontendlayer/tikz/libraries/tikzlibraryshapes.misc.code.tex (/usr/share/texmf-dist/tex/generic/pgf/libraries/shapes/pgflibraryshapes.misc.code.tex)) (/usr/share/texmf-dist/tex/generic/pgf/frontendlayer/tikz/libraries/tikzlibrarythrough.code.tex) (/usr/share/texmf-dist/tex/latex/numprint/numprint.sty (/usr/share/texmf-dist/tex/latex/tools/array.sty) No configuration file `numprint.cfg' found.) (/usr/share/texmf-dist/tex/latex/l3packages/xfp/xfp.sty) (/usr/share/texmf-dist/tex/latex/fp/fp.sty `Fixed Point Package', Version 0.8, April 2, 1995 (C) Michael Mehlich (/usr/share/texmf-dist/tex/latex/fp/defpattern.sty) (/usr/share/texmf-dist/tex/latex/fp/fp-basic.sty) (/usr/share/texmf-dist/tex/latex/fp/fp-addons.sty) (/usr/share/texmf-dist/tex/latex/fp/fp-snap.sty) (/usr/share/texmf-dist/tex/latex/fp/fp-exp.sty) (/usr/share/texmf-dist/tex/latex/fp/fp-trigo.sty) (/usr/share/texmf-dist/tex/latex/fp/fp-pas.sty) (/usr/share/texmf-dist/tex/latex/fp/fp-random.sty) (/usr/share/texmf-dist/tex/latex/fp/fp-eqn.sty) (/usr/share/texmf-dist/tex/latex/fp/fp-upn.sty) (/usr/share/texmf-dist/tex/latex/fp/fp-eval.sty))
Local configuration file tkz-base.cfg found and used
(/usr/share/texmf-dist/tex/latex/tkz-base/tkz-base.cfg
2020/03/18 3.06c tkz-base.cfg
) (/usr/share/texmf-dist/tex/latex/tkz-base/tkz-tools-modules.tex
2020/03/18 3.06c tkz-tools-utilities.tex
) (/usr/share/texmf-dist/tex/latex/tkz-base/tkz-lib-marks.tex
2020/03/18 3.06c tkz-lib-symbols.tex
) (/usr/share/texmf-dist/tex/latex/tkz-base/tkz-tools-base.tex
2020/03/18 3.06c tkz-tools-base.tex
) (/usr/share/texmf-dist/tex/latex/tkz-base/tkz-tools-utilities.tex
2020/03/18 3.06c tkz-tools-utilities.tex
) (/usr/share/texmf-dist/tex/latex/tkz-euclide/tkz-tools-math.tex
2020/03/18 3.06c tkz-tools-math.tex
) (/usr/share/texmf-dist/tex/latex/tkz-base/tkz-tools-text.tex
2020/03/18 3.06c tkz-tools-text.tex
) (/usr/share/texmf-dist/tex/latex/tkz-base/tkz-tools-BB.tex
2020/03/18 3.06c tkz-obj-BB.tex
) (/usr/share/texmf-dist/tex/latex/tkz-base/tkz-tools-arith.tex
2020/03/18 3.06c tkz-tools-arith.tex
) (/usr/share/texmf-dist/tex/latex/tkz-base/tkz-tools-print.tex
2020/03/18 3.06c tkz-tools-print.tex
) (/usr/share/texmf-dist/tex/latex/tkz-base/tkz-tools-misc.tex
2020/03/18 3.06c tkz-tools-misc.tex
) (/usr/share/texmf-dist/tex/latex/tkz-base/tkz-obj-axes.tex
2020/03/18 3.06c tkz-obj-axes.tex
) (/usr/share/texmf-dist/tex/latex/tkz-base/tkz-obj-grids.tex
2020/03/18 3.06c tkz-obj-grids.tex
) (/usr/share/texmf-dist/tex/latex/tkz-base/tkz-obj-marks.tex
2020/03/18 3.07c tkz-obj-marks.tex
) (/usr/share/texmf-dist/tex/latex/tkz-base/tkz-obj-points.tex
2020/03/18 3.06c tkz-obj-points.tex
) (/usr/share/texmf-dist/tex/latex/tkz-base/tkz-obj-rep.tex
2020/03/18 3.06c tkz-obj-rep.tex
)) (/usr/share/texmf-dist/tex/latex/tkz-euclide/tkz-tools-intersections.tex
2020/03/18 3.06c tkz-tools-intersections.tex
) (/usr/share/texmf-dist/tex/latex/tkz-euclide/tkz-tools-angles.tex
2020/03/18 3.06c tkz-tools-angles.tex
) (/usr/share/texmf-dist/tex/latex/tkz-euclide/tkz-obj-eu-angles.tex
2020/03/18 3.06c tkz-tool-eu-angles.tex
) (/usr/share/texmf-dist/tex/latex/tkz-euclide/tkz-obj-eu-arcs.tex
2020/03/23 3.06c tkz-obj-eu-arcs.tex
) (/usr/share/texmf-dist/tex/latex/tkz-euclide/tkz-obj-eu-compass.tex
2020/03/18 3.06c tkz-obj-eu-compass.tex
) (/usr/share/texmf-dist/tex/latex/tkz-euclide/tkz-obj-eu-circles.tex
2020/03/18 3.06c tkz-obj-eu-circles.tex
) (/usr/share/texmf-dist/tex/latex/tkz-euclide/tkz-obj-eu-draw-circles.tex
2020/03/18 3.06c tkz-obj-eu-draw-circles.tex
) (/usr/share/texmf-dist/tex/latex/tkz-euclide/tkz-obj-eu-draw-lines.tex
2020/03/18 3.06c tkz-obj-eu-draw-lines.tex
) (/usr/share/texmf-dist/tex/latex/tkz-euclide/tkz-obj-eu-draw-polygons.tex
2020/03/18 3.06c tkz-obj-eu-polygons.tex
) (/usr/share/texmf-dist/tex/latex/tkz-euclide/tkz-obj-eu-draw-triangles.tex) (/usr/share/texmf-dist/tex/latex/tkz-euclide/tkz-obj-eu-lines.tex
2020/03/18 3.06c tkz-obj-eu-lines.tex
) (/usr/share/texmf-dist/tex/latex/tkz-euclide/tkz-obj-eu-points.tex
2020/03/18 3.06c tkz-obj-eu-points.tex
) (/usr/share/texmf-dist/tex/latex/tkz-euclide/tkz-obj-eu-points-by.tex
2020/03/18 3.06c tkz-tools-eu-points-by.tex
) (/usr/share/texmf-dist/tex/latex/tkz-euclide/tkz-obj-eu-points-rnd.tex
2020/03/18 3.06c tkz-obj-eu-points-rnd.tex
) (/usr/share/texmf-dist/tex/latex/tkz-euclide/tkz-obj-eu-points-with.tex
2020/03/18 3.06c tkz-obj-eu-points-with.tex
) (/usr/share/texmf-dist/tex/latex/tkz-euclide/tkz-obj-eu-polygons.tex
2020/03/18 3.06c tkz-obj-eu-polygons.tex
) (/usr/share/texmf-dist/tex/latex/tkz-euclide/tkz-obj-eu-protractor.tex
2020/03/18 3.06c tkz-obj-eu-protractor.tex
) (/usr/share/texmf-dist/tex/latex/tkz-euclide/tkz-obj-eu-sectors.tex
2020/03/18 3.06c tkz-obj-eu-sectors.tex
) (/usr/share/texmf-dist/tex/latex/tkz-euclide/tkz-obj-eu-show.tex
2020/03/18 3.06c tkz-obj-eu-show.tex
) (/usr/share/texmf-dist/tex/latex/tkz-euclide/tkz-obj-eu-triangles.tex
2020/03/18 3.06c tkz-obj-eu-triangles.tex
)) (/usr/share/texmf-dist/tex/latex/lastpage/lastpage.sty) (/usr/share/texmf-dist/tex/latex/datetime/datetime.sty (/usr/share/texmf-dist/tex/latex/fmtcount/fmtcount.sty (/usr/share/texmf-dist/tex/latex/base/ifthen.sty) (/usr/share/texmf-dist/tex/latex/xkeyval/xkeyval.sty (/usr/share/texmf-dist/tex/generic/xkeyval/xkeyval.tex (/usr/share/texmf-dist/tex/generic/xkeyval/xkvutils.tex))) (/usr/share/texmf-dist/tex/latex/fmtcount/fcprefix.sty (/usr/share/texmf-dist/tex/latex/fmtcount/fcnumparser.sty)) (/usr/share/texmf-dist/tex/latex/fmtcount/fc-ngerman.def (/usr/share/texmf-dist/tex/latex/fmtcount/fc-german.def (/usr/share/texmf-dist/tex/latex/fmtcount/fc-germanb.def)) (/usr/share/texmf-dist/tex/latex/fmtcount/fc-ngermanb.def))) (/usr/share/texmf-dist/tex/latex/datetime/datetime-defaults.sty) (/usr/share/texmf-dist/tex/latex/datetime/dt-ngerman.def)) (/usr/share/texmf-dist/tex/latex/fancyhdr/fancyhdr.sty) (/usr/share/texmf-dist/tex/latex/mathtools/mathtools.sty (/usr/share/texmf-dist/tex/latex/tools/calc.sty) (/usr/share/texmf-dist/tex/latex/mathtools/mhsetup.sty)) (/usr/share/texmf-dist/tex/latex/aligned-overset/aligned-overset.sty) (/usr/share/texmf-dist/tex/latex/tikz-qtree/tikz-qtree.sty (/usr/share/texmf-dist/tex/latex/tikz-qtree/pgftree.sty (/usr/share/texmf-dist/tex/latex/tikz-qtree/pgfsubpic.sty (/usr/share/texmf-dist/tex/latex/tikz-qtree/pgfsubpic.tex)) (/usr/share/texmf-dist/tex/latex/tikz-qtree/pgftree.tex)) (/usr/share/texmf-dist/tex/latex/tikz-qtree/tikz-qtree.tex)) (/usr/share/texmf-dist/tex/generic/pgf/frontendlayer/tikz/libraries/tikzlibraryautomata.code.tex (/usr/share/texmf-dist/tex/generic/pgf/frontendlayer/tikz/libraries/tikzlibraryshapes.multipart.code.tex (/usr/share/texmf-dist/tex/generic/pgf/libraries/shapes/pgflibraryshapes.multipart.code.tex))) (/usr/share/texmf-dist/tex/generic/pgf/frontendlayer/tikz/libraries/tikzlibrarymatrix.code.tex) (/usr/share/texmf-dist/tex/generic/pgf/frontendlayer/tikz/libraries/tikzlibraryfit.code.tex) (/usr/share/texmf-dist/tex/generic/pgf/frontendlayer/tikz/libraries/tikzlibraryshapes.code.tex (/usr/share/texmf-dist/tex/generic/pgf/frontendlayer/tikz/libraries/tikzlibraryshapes.geometric.code.tex (/usr/share/texmf-dist/tex/generic/pgf/libraries/shapes/pgflibraryshapes.geometric.code.tex)) (/usr/share/texmf-dist/tex/generic/pgf/frontendlayer/tikz/libraries/tikzlibraryshapes.symbols.code.tex (/usr/share/texmf-dist/tex/generic/pgf/libraries/shapes/pgflibraryshapes.symbols.code.tex)) (/usr/share/texmf-dist/tex/generic/pgf/frontendlayer/tikz/libraries/tikzlibraryshapes.arrows.code.tex (/usr/share/texmf-dist/tex/generic/pgf/libraries/shapes/pgflibraryshapes.arrows.code.tex)) (/usr/share/texmf-dist/tex/generic/pgf/frontendlayer/tikz/libraries/tikzlibraryshapes.callouts.code.tex (/usr/share/texmf-dist/tex/generic/pgf/libraries/shapes/pgflibraryshapes.callouts.code.tex))) (/usr/share/texmf-dist/tex/latex/csquotes/csquotes.sty (/usr/share/texmf-dist/tex/latex/csquotes/csquotes.def) (/usr/share/texmf-dist/tex/latex/csquotes/csquotes.cfg)) (/usr/share/texmf-dist/tex/latex/pgfplots/pgfplots.sty (/usr/share/texmf-dist/tex/generic/pgfplots/pgfplots.revision.tex) (/usr/share/texmf-dist/tex/generic/pgfplots/pgfplots.code.tex (/usr/share/texmf-dist/tex/generic/pgfplots/pgfplotscore.code.tex (/usr/share/texmf-dist/tex/generic/pgfplots/sys/pgfplotssysgeneric.code.tex)) (/usr/share/texmf-dist/tex/generic/pgfplots/libs/pgfplotslibrary.code.tex) (/usr/share/texmf-dist/tex/generic/pgfplots/oldpgfcompatib/pgfplotsoldpgfsupp_loader.code.tex) (/usr/share/texmf-dist/tex/generic/pgfplots/util/pgfplotsutil.code.tex (/usr/share/texmf-dist/tex/generic/pgfplots/liststructure/pgfplotsliststructure.code.tex) (/usr/share/texmf-dist/tex/generic/pgfplots/liststructure/pgfplotsliststructureext.code.tex) (/usr/share/texmf-dist/tex/generic/pgfplots/liststructure/pgfplotsarray.code.tex) (/usr/share/texmf-dist/tex/generic/pgfplots/liststructure/pgfplotsmatrix.code.tex) (/usr/share/texmf-dist/tex/generic/pgfplots/numtable/pgfplotstableshared.code.tex) (/usr/share/texmf-dist/tex/generic/pgfplots/liststructure/pgfplotsdeque.code.tex) (/usr/share/texmf-dist/tex/generic/pgfplots/util/pgfplotsbinary.code.tex (/usr/share/texmf-dist/tex/generic/pgfplots/util/pgfplotsbinary.data.code.tex)) (/usr/share/texmf-dist/tex/generic/pgfplots/util/pgfplotsutil.verb.code.tex) (/usr/share/texmf-dist/tex/generic/pgfplots/libs/pgflibrarypgfplots.surfshading.code.tex (/usr/share/texmf-dist/tex/generic/pgfplots/sys/pgflibrarypgfplots.surfshading.pgfsys-pdftex.def))) (/usr/share/texmf-dist/tex/generic/pgfplots/util/pgfplotscolormap.code.tex (/usr/share/texmf-dist/tex/generic/pgfplots/util/pgfplotscolor.code.tex)) (/usr/share/texmf-dist/tex/generic/pgfplots/pgfplotsstackedplots.code.tex) (/usr/share/texmf-dist/tex/generic/pgfplots/pgfplotsplothandlers.code.tex (/usr/share/texmf-dist/tex/generic/pgfplots/pgfplotsmeshplothandler.code.tex (/usr/share/texmf-dist/tex/generic/pgfplots/pgfplotsmeshplotimage.code.tex))) (/usr/share/texmf-dist/tex/generic/pgfplots/pgfplots.scaling.code.tex) (/usr/share/texmf-dist/tex/generic/pgfplots/pgfplotscoordprocessing.code.tex) (/usr/share/texmf-dist/tex/generic/pgfplots/pgfplots.errorbars.code.tex) (/usr/share/texmf-dist/tex/generic/pgfplots/pgfplots.markers.code.tex) (/usr/share/texmf-dist/tex/generic/pgfplots/pgfplotsticks.code.tex) (/usr/share/texmf-dist/tex/generic/pgfplots/pgfplots.paths.code.tex))) (/usr/share/texmf-dist/tex/latex/doublestroke/dsfont.sty) (/usr/share/texmf-dist/tex/latex/multirow/multirow.sty) (/usr/share/texmf-dist/tex/latex/pgf/frontendlayer/libraries/tikzlibraryexternal.code.tex (/usr/share/texmf-dist/tex/latex/pdftexcmds/pdftexcmds.sty (/usr/share/texmf-dist/tex/generic/infwarerr/infwarerr.sty)) (/usr/share/texmf-dist/tex/latex/atveryend/atveryend.sty) (/usr/share/texmf-dist/tex/generic/pgf/frontendlayer/tikz/libraries/tikzexternalshared.code.tex)) (/usr/share/texmf-dist/tex/latex/listings/listings.sty (/usr/share/texmf-dist/tex/latex/listings/lstmisc.sty) (/usr/share/texmf-dist/tex/latex/listings/listings.cfg)) (/usr/share/texmf-dist/tex/latex/siunitx/siunitx.sty (/usr/share/texmf-dist/tex/latex/l3packages/l3keys2e/l3keys2e.sty) (/usr/share/texmf-dist/tex/latex/translator/translator.sty)) (/usr/share/texmf-dist/tex/latex/caption/caption.sty (/usr/share/texmf-dist/tex/latex/caption/caption3.sty)) (/usr/share/texmf-dist/tex/latex/booktabs/booktabs.sty) (/usr/share/texmf-dist/tex/latex/algorithm2e/algorithm2e.sty (/usr/share/texmf-dist/tex/latex/ifoddpage/ifoddpage.sty) (/usr/share/texmf-dist/tex/latex/tools/xspace.sty) (/usr/share/texmf-dist/tex/latex/relsize/relsize.sty)) (/usr/share/texmf-dist/tex/latex/titlesec/titlesec.sty)) (/home/jast/Documents/Uni/Vorlesungen/Semester4/ss20NumGl/Spickzettel/Spickzettel.aux) (/usr/share/texmf-dist/tex/latex/lm/t1lmr.fd)
*geometry* driver: auto-detecting
*geometry* detected driver: pdftex
(/usr/share/texmf-dist/tex/latex/microtype/mt-cmr.cfg) ABD: EveryShipout initializing macros (/usr/share/texmf-dist/tex/context/base/mkii/supp-pdf.mkii
[Loading MPS to PDF converter (version 2006.09.02).]
) (/usr/share/texmf-dist/tex/latex/epstopdf-pkg/epstopdf-base.sty (/usr/share/texmf-dist/tex/latex/latexconfig/epstopdf-sys.cfg))
Package pgfplots notification 'compat/show suggested version=true': document has been generated with the most recent feature set (\pgfplotsset{compat=1.17}).

(/usr/share/texmf-dist/tex/latex/translator/translator-basic-dictionary-English.dict) (/usr/share/texmf-dist/tex/latex/siunitx/siunitx-abbreviations.cfg) (/usr/share/texmf-dist/tex/latex/lm/ot1lmr.fd) (/usr/share/texmf-dist/tex/latex/lm/omllmm.fd) (/usr/share/texmf-dist/tex/latex/lm/omslmsy.fd) (/usr/share/texmf-dist/tex/latex/lm/omxlmex.fd) (/usr/share/texmf-dist/tex/latex/amsfonts/umsa.fd) (/usr/share/texmf-dist/tex/latex/microtype/mt-msa.cfg) (/usr/share/texmf-dist/tex/latex/amsfonts/umsb.fd) (/usr/share/texmf-dist/tex/latex/microtype/mt-msb.cfg) (/usr/share/texmf-dist/tex/latex/lm/ot1lmss.fd) (/usr/share/texmf-dist/tex/latex/lm/ot1lmtt.fd) [1{/var/lib/texmf/fonts/map/pdftex/updmap/pdftex.map}] [2]
No file Spickzettel.toc.
[3] [4] (/home/jast/Documents/Uni/Vorlesungen/Semester4/ss20NumGl/Spickzettel/tex/NormEinheitskugel.tex
Kapitel 1.
[1] [2] [3]) [4]

Package lastpage Warning: Rerun to get the references right on input line 19.


AED: lastpage setting LastPage
(/home/jast/Documents/Uni/Vorlesungen/Semester4/ss20NumGl/Spickzettel/Spickzettel.aux (/home/jast/Documents/Uni/Vorlesungen/Semester4/ss20NumGl/Spickzettel/tex/NormEinheitskugel.aux))

LaTeX Warning: Label(s) may have changed. Rerun to get cross-references right.

 ){/usr/share/texmf-dist/fonts/enc/dvips/lm/lm-ec.enc}</usr/share/texmf-dist/fonts/type1/public/lm/lmbx12.pfb></usr/share/texmf-dist/fonts/type1/public/lm/lmcsc10.pfb></usr/share/texmf-dist/fonts/type1/public/lm/lmr10.pfb></usr/share/texmf-dist/fonts/type1/public/lm/lmr12.pfb></usr/share/texmf-dist/fonts/type1/public/lm/lmr17.pfb>
Output written on /home/jast/Documents/Uni/Vorlesungen/Semester4/ss20NumGl/Spickzettel/Spickzettel.pdf (8 pages, 130356 bytes).
SyncTeX written on /home/jast/Documents/Uni/Vorlesungen/Semester4/ss20NumGl/Spickzettel/Spickzettel.synctex.gz.
Transcript written on /home/jast/Documents/Uni/Vorlesungen/Semester4/ss20NumGl/Spickzettel/Spickzettel.log.
Latexmk: Missing input file: 'Spickzettel.toc' from line
  'No file Spickzettel.toc.'
Latexmk: References changed.
Latexmk: References changed.
Latexmk: Log file says output to 'Spickzettel.pdf'
Rule 'pdflatex': File changes, etc:
   Changed files, or newly in use since previous run(s):
      '/home/jast/Documents/Uni/Vorlesungen/Semester4/ss20NumGl/Spickzettel/Spickzettel.aux'
      '/home/jast/Documents/Uni/Vorlesungen/Semester4/ss20NumGl/Spickzettel/Spickzettel.toc'
      'Spickzettel.aux'
      'Spickzettel.toc'
      'tex/NormEinheitskugel.aux'
------------
Run number 2 of rule 'pdflatex'
------------
------------
Running 'pdflatex  --shell-escape -synctex=1 -interaction=nonstopmode -file-line-error -recorder -output-directory="/home/jast/Documents/Uni/Vorlesungen/Semester4/ss20NumGl/Spickzettel"  "/home/jast/Documents/Uni/Vorlesungen/Semester4/ss20NumGl/Spickzettel/Spickzettel.tex"'
------------
=== TeX engine is 'pdfTeX'
Latexmk: applying rule 'pdflatex'...
This is pdfTeX, Version 3.14159265-2.6-1.40.21 (TeX Live 2020/Arch Linux) (preloaded format=pdflatex)
 \write18 enabled.
entering extended mode
(/home/jast/Documents/Uni/Vorlesungen/Semester4/ss20NumGl/Spickzettel/Spickzettel.tex
LaTeX2e <2020-02-02> patch level 5
L3 programming layer <2020-06-03> (/usr/share/texmf-dist/tex/latex/base/book.cls
Document Class: book 2019/12/20 v1.4l Standard LaTeX document class
(/usr/share/texmf-dist/tex/latex/base/bk10.clo)) (/home/jast/Documents/Uni/Vorlesungen/Semester4/ss20NumGl/Spickzettel/mystyle.sty (/usr/share/texmf-dist/tex/latex/base/inputenc.sty) (/usr/share/texmf-dist/tex/latex/base/fontenc.sty) (/usr/share/texmf-dist/tex/generic/babel/babel.sty (/usr/share/texmf-dist/tex/generic/babel/babel.def (/usr/share/texmf-dist/tex/generic/babel/txtbabel.def)) (/usr/share/texmf-dist/tex/generic/babel-german/ngerman.ldf (/usr/share/texmf-dist/tex/generic/babel-german/ngermanb.ldf))) (/usr/share/texmf-dist/tex/latex/lm/lmodern.sty) (/usr/share/texmf-dist/tex/latex/geometry/geometry.sty (/usr/share/texmf-dist/tex/latex/graphics/keyval.sty) (/usr/share/texmf-dist/tex/generic/iftex/ifvtex.sty (/usr/share/texmf-dist/tex/generic/iftex/iftex.sty))) (/usr/share/texmf-dist/tex/latex/amsmath/amsmath.sty
For additional information on amsmath, use the `?' option.
(/usr/share/texmf-dist/tex/latex/amsmath/amstext.sty (/usr/share/texmf-dist/tex/latex/amsmath/amsgen.sty)) (/usr/share/texmf-dist/tex/latex/amsmath/amsbsy.sty) (/usr/share/texmf-dist/tex/latex/amsmath/amsopn.sty)) (/usr/share/texmf-dist/tex/latex/amsfonts/amssymb.sty (/usr/share/texmf-dist/tex/latex/amsfonts/amsfonts.sty)) (/usr/share/texmf-dist/tex/latex/amscls/amsthm.sty) (/usr/share/texmf-dist/tex/latex/enumitem/enumitem.sty) (/usr/share/texmf-dist/tex/latex/parskip/parskip.sty (/usr/share/texmf-dist/tex/latex/kvoptions/kvoptions.sty (/usr/share/texmf-dist/tex/generic/ltxcmds/ltxcmds.sty) (/usr/share/texmf-dist/tex/generic/kvsetkeys/kvsetkeys.sty)) (/usr/share/texmf-dist/tex/latex/etoolbox/etoolbox.sty)) (/usr/share/texmf-dist/tex/latex/microtype/microtype.sty (/usr/share/texmf-dist/tex/latex/microtype/microtype-pdftex.def) (/usr/share/texmf-dist/tex/latex/microtype/microtype.cfg)) (/usr/share/texmf-dist/tex/latex/physics/physics.sty (/usr/share/texmf-dist/tex/latex/l3packages/xparse/xparse.sty (/usr/share/texmf-dist/tex/latex/l3kernel/expl3.sty (/usr/share/texmf-dist/tex/latex/l3backend/l3backend-pdfmode.def)) (/usr/share/texmf-dist/tex/latex/l3packages/xparse/xparse-generic.tex))) (/usr/share/texmf-dist/tex/latex/braket/braket.sty) (/usr/share/texmf-dist/tex/latex/titling/titling.sty) (/usr/share/texmf-dist/tex/latex/float/float.sty) (/usr/share/texmf-dist/tex/latex/pgf/frontendlayer/tikz.sty (/usr/share/texmf-dist/tex/latex/pgf/basiclayer/pgf.sty (/usr/share/texmf-dist/tex/latex/pgf/utilities/pgfrcs.sty (/usr/share/texmf-dist/tex/generic/pgf/utilities/pgfutil-common.tex (/usr/share/texmf-dist/tex/generic/pgf/utilities/pgfutil-common-lists.tex)) (/usr/share/texmf-dist/tex/generic/pgf/utilities/pgfutil-latex.def (/usr/share/texmf-dist/tex/latex/ms/everyshi.sty)) (/usr/share/texmf-dist/tex/generic/pgf/utilities/pgfrcs.code.tex (/usr/share/texmf-dist/tex/generic/pgf/pgf.revision.tex))) (/usr/share/texmf-dist/tex/latex/pgf/basiclayer/pgfcore.sty (/usr/share/texmf-dist/tex/latex/graphics/graphicx.sty (/usr/share/texmf-dist/tex/latex/graphics/graphics.sty (/usr/share/texmf-dist/tex/latex/graphics/trig.sty) (/usr/share/texmf-dist/tex/latex/graphics-cfg/graphics.cfg) (/usr/share/texmf-dist/tex/latex/graphics-def/pdftex.def))) (/usr/share/texmf-dist/tex/latex/pgf/systemlayer/pgfsys.sty (/usr/share/texmf-dist/tex/generic/pgf/systemlayer/pgfsys.code.tex (/usr/share/texmf-dist/tex/generic/pgf/utilities/pgfkeys.code.tex (/usr/share/texmf-dist/tex/generic/pgf/utilities/pgfkeysfiltered.code.tex)) (/usr/share/texmf-dist/tex/generic/pgf/systemlayer/pgf.cfg) (/usr/share/texmf-dist/tex/generic/pgf/systemlayer/pgfsys-pdftex.def (/usr/share/texmf-dist/tex/generic/pgf/systemlayer/pgfsys-common-pdf.def))) (/usr/share/texmf-dist/tex/generic/pgf/systemlayer/pgfsyssoftpath.code.tex) (/usr/share/texmf-dist/tex/generic/pgf/systemlayer/pgfsysprotocol.code.tex)) (/usr/share/texmf-dist/tex/latex/xcolor/xcolor.sty (/usr/share/texmf-dist/tex/latex/graphics-cfg/color.cfg)) (/usr/share/texmf-dist/tex/generic/pgf/basiclayer/pgfcore.code.tex (/usr/share/texmf-dist/tex/generic/pgf/math/pgfmath.code.tex (/usr/share/texmf-dist/tex/generic/pgf/math/pgfmathcalc.code.tex (/usr/share/texmf-dist/tex/generic/pgf/math/pgfmathutil.code.tex) (/usr/share/texmf-dist/tex/generic/pgf/math/pgfmathparser.code.tex) (/usr/share/texmf-dist/tex/generic/pgf/math/pgfmathfunctions.code.tex (/usr/share/texmf-dist/tex/generic/pgf/math/pgfmathfunctions.basic.code.tex) (/usr/share/texmf-dist/tex/generic/pgf/math/pgfmathfunctions.trigonometric.code.tex) (/usr/share/texmf-dist/tex/generic/pgf/math/pgfmathfunctions.random.code.tex) (/usr/share/texmf-dist/tex/generic/pgf/math/pgfmathfunctions.comparison.code.tex) (/usr/share/texmf-dist/tex/generic/pgf/math/pgfmathfunctions.base.code.tex) (/usr/share/texmf-dist/tex/generic/pgf/math/pgfmathfunctions.round.code.tex) (/usr/share/texmf-dist/tex/generic/pgf/math/pgfmathfunctions.misc.code.tex) (/usr/share/texmf-dist/tex/generic/pgf/math/pgfmathfunctions.integerarithmetics.code.tex))) (/usr/share/texmf-dist/tex/generic/pgf/math/pgfmathfloat.code.tex)) (/usr/share/texmf-dist/tex/generic/pgf/math/pgfint.code.tex) (/usr/share/texmf-dist/tex/generic/pgf/basiclayer/pgfcorepoints.code.tex) (/usr/share/texmf-dist/tex/generic/pgf/basiclayer/pgfcorepathconstruct.code.tex) (/usr/share/texmf-dist/tex/generic/pgf/basiclayer/pgfcorepathusage.code.tex) (/usr/share/texmf-dist/tex/generic/pgf/basiclayer/pgfcorescopes.code.tex) (/usr/share/texmf-dist/tex/generic/pgf/basiclayer/pgfcoregraphicstate.code.tex) (/usr/share/texmf-dist/tex/generic/pgf/basiclayer/pgfcoretransformations.code.tex) (/usr/share/texmf-dist/tex/generic/pgf/basiclayer/pgfcorequick.code.tex) (/usr/share/texmf-dist/tex/generic/pgf/basiclayer/pgfcoreobjects.code.tex) (/usr/share/texmf-dist/tex/generic/pgf/basiclayer/pgfcorepathprocessing.code.tex) (/usr/share/texmf-dist/tex/generic/pgf/basiclayer/pgfcorearrows.code.tex) (/usr/share/texmf-dist/tex/generic/pgf/basiclayer/pgfcoreshade.code.tex) (/usr/share/texmf-dist/tex/generic/pgf/basiclayer/pgfcoreimage.code.tex (/usr/share/texmf-dist/tex/generic/pgf/basiclayer/pgfcoreexternal.code.tex)) (/usr/share/texmf-dist/tex/generic/pgf/basiclayer/pgfcorelayers.code.tex) (/usr/share/texmf-dist/tex/generic/pgf/basiclayer/pgfcoretransparency.code.tex) (/usr/share/texmf-dist/tex/generic/pgf/basiclayer/pgfcorepatterns.code.tex) (/usr/share/texmf-dist/tex/generic/pgf/basiclayer/pgfcorerdf.code.tex))) (/usr/share/texmf-dist/tex/generic/pgf/modules/pgfmoduleshapes.code.tex) (/usr/share/texmf-dist/tex/generic/pgf/modules/pgfmoduleplot.code.tex) (/usr/share/texmf-dist/tex/latex/pgf/compatibility/pgfcomp-version-0-65.sty) (/usr/share/texmf-dist/tex/latex/pgf/compatibility/pgfcomp-version-1-18.sty)) (/usr/share/texmf-dist/tex/latex/pgf/utilities/pgffor.sty (/usr/share/texmf-dist/tex/latex/pgf/utilities/pgfkeys.sty (/usr/share/texmf-dist/tex/generic/pgf/utilities/pgfkeys.code.tex)) (/usr/share/texmf-dist/tex/latex/pgf/math/pgfmath.sty (/usr/share/texmf-dist/tex/generic/pgf/math/pgfmath.code.tex)) (/usr/share/texmf-dist/tex/generic/pgf/utilities/pgffor.code.tex (/usr/share/texmf-dist/tex/generic/pgf/math/pgfmath.code.tex))) (/usr/share/texmf-dist/tex/generic/pgf/frontendlayer/tikz/tikz.code.tex (/usr/share/texmf-dist/tex/generic/pgf/libraries/pgflibraryplothandlers.code.tex) (/usr/share/texmf-dist/tex/generic/pgf/modules/pgfmodulematrix.code.tex) (/usr/share/texmf-dist/tex/generic/pgf/frontendlayer/tikz/libraries/tikzlibrarytopaths.code.tex))) (/usr/share/texmf-dist/tex/latex/tkz-euclide/tkz-euclide.sty
2020/03/18 3.06c tkz-euclide.sty
(/usr/share/texmf-dist/tex/latex/tkz-base/tkz-base.sty
2020/03/18 3.06c tkz-base.sty
(/usr/share/texmf-dist/tex/generic/pgf/frontendlayer/tikz/libraries/tikzlibraryangles.code.tex) (/usr/share/texmf-dist/tex/generic/pgf/frontendlayer/tikz/libraries/tikzlibraryarrows.code.tex (/usr/share/texmf-dist/tex/generic/pgf/libraries/pgflibraryarrows.code.tex)) (/usr/share/texmf-dist/tex/generic/pgf/libraries/pgflibraryarrows.meta.code.tex) (/usr/share/texmf-dist/tex/generic/pgf/frontendlayer/tikz/libraries/tikzlibrarybabel.code.tex) (/usr/share/texmf-dist/tex/generic/pgf/frontendlayer/tikz/libraries/tikzlibrarycalc.code.tex) (/usr/share/texmf-dist/tex/generic/pgf/frontendlayer/tikz/libraries/tikzlibrarydecorations.code.tex (/usr/share/texmf-dist/tex/generic/pgf/modules/pgfmoduledecorations.code.tex)) (/usr/share/texmf-dist/tex/generic/pgf/frontendlayer/tikz/libraries/tikzlibrarydecorations.markings.code.tex (/usr/share/texmf-dist/tex/generic/pgf/libraries/decorations/pgflibrarydecorations.markings.code.tex)) (/usr/share/texmf-dist/tex/generic/pgf/frontendlayer/tikz/libraries/tikzlibrarydecorations.pathreplacing.code.tex (/usr/share/texmf-dist/tex/generic/pgf/libraries/decorations/pgflibrarydecorations.pathreplacing.code.tex)) (/usr/share/texmf-dist/tex/generic/pgf/frontendlayer/tikz/libraries/tikzlibrarydecorations.shapes.code.tex (/usr/share/texmf-dist/tex/generic/pgf/libraries/decorations/pgflibrarydecorations.shapes.code.tex)) (/usr/share/texmf-dist/tex/generic/pgf/frontendlayer/tikz/libraries/tikzlibrarydecorations.text.code.tex (/usr/share/texmf-dist/tex/generic/pgf/libraries/decorations/pgflibrarydecorations.text.code.tex)) (/usr/share/texmf-dist/tex/generic/pgf/frontendlayer/tikz/libraries/tikzlibrarydecorations.pathmorphing.code.tex (/usr/share/texmf-dist/tex/generic/pgf/libraries/decorations/pgflibrarydecorations.pathmorphing.code.tex)) (/usr/share/texmf-dist/tex/generic/pgf/frontendlayer/tikz/libraries/tikzlibraryintersections.code.tex (/usr/share/texmf-dist/tex/generic/pgf/libraries/pgflibraryintersections.code.tex (/usr/share/texmf-dist/tex/generic/pgf/libraries/pgflibraryfpu.code.tex))) (/usr/share/texmf-dist/tex/generic/pgf/frontendlayer/tikz/libraries/tikzlibrarypatterns.code.tex (/usr/share/texmf-dist/tex/generic/pgf/libraries/pgflibrarypatterns.code.tex)) (/usr/share/texmf-dist/tex/generic/pgf/frontendlayer/tikz/libraries/tikzlibraryplotmarks.code.tex (/usr/share/texmf-dist/tex/generic/pgf/libraries/pgflibraryplotmarks.code.tex)) (/usr/share/texmf-dist/tex/generic/pgf/frontendlayer/tikz/libraries/tikzlibrarypositioning.code.tex) (/usr/share/texmf-dist/tex/generic/pgf/frontendlayer/tikz/libraries/tikzlibraryquotes.code.tex) (/usr/share/texmf-dist/tex/generic/pgf/frontendlayer/tikz/libraries/tikzlibraryshadows.code.tex (/usr/share/texmf-dist/tex/generic/pgf/frontendlayer/tikz/libraries/tikzlibraryfadings.code.tex (/usr/share/texmf-dist/tex/generic/pgf/libraries/pgflibraryfadings.code.tex))) (/usr/share/texmf-dist/tex/generic/pgf/frontendlayer/tikz/libraries/tikzlibraryshapes.misc.code.tex (/usr/share/texmf-dist/tex/generic/pgf/libraries/shapes/pgflibraryshapes.misc.code.tex)) (/usr/share/texmf-dist/tex/generic/pgf/frontendlayer/tikz/libraries/tikzlibrarythrough.code.tex) (/usr/share/texmf-dist/tex/latex/numprint/numprint.sty (/usr/share/texmf-dist/tex/latex/tools/array.sty) No configuration file `numprint.cfg' found.) (/usr/share/texmf-dist/tex/latex/l3packages/xfp/xfp.sty) (/usr/share/texmf-dist/tex/latex/fp/fp.sty `Fixed Point Package', Version 0.8, April 2, 1995 (C) Michael Mehlich (/usr/share/texmf-dist/tex/latex/fp/defpattern.sty) (/usr/share/texmf-dist/tex/latex/fp/fp-basic.sty) (/usr/share/texmf-dist/tex/latex/fp/fp-addons.sty) (/usr/share/texmf-dist/tex/latex/fp/fp-snap.sty) (/usr/share/texmf-dist/tex/latex/fp/fp-exp.sty) (/usr/share/texmf-dist/tex/latex/fp/fp-trigo.sty) (/usr/share/texmf-dist/tex/latex/fp/fp-pas.sty) (/usr/share/texmf-dist/tex/latex/fp/fp-random.sty) (/usr/share/texmf-dist/tex/latex/fp/fp-eqn.sty) (/usr/share/texmf-dist/tex/latex/fp/fp-upn.sty) (/usr/share/texmf-dist/tex/latex/fp/fp-eval.sty))
Local configuration file tkz-base.cfg found and used
(/usr/share/texmf-dist/tex/latex/tkz-base/tkz-base.cfg
2020/03/18 3.06c tkz-base.cfg
) (/usr/share/texmf-dist/tex/latex/tkz-base/tkz-tools-modules.tex
2020/03/18 3.06c tkz-tools-utilities.tex
) (/usr/share/texmf-dist/tex/latex/tkz-base/tkz-lib-marks.tex
2020/03/18 3.06c tkz-lib-symbols.tex
) (/usr/share/texmf-dist/tex/latex/tkz-base/tkz-tools-base.tex
2020/03/18 3.06c tkz-tools-base.tex
) (/usr/share/texmf-dist/tex/latex/tkz-base/tkz-tools-utilities.tex
2020/03/18 3.06c tkz-tools-utilities.tex
) (/usr/share/texmf-dist/tex/latex/tkz-euclide/tkz-tools-math.tex
2020/03/18 3.06c tkz-tools-math.tex
) (/usr/share/texmf-dist/tex/latex/tkz-base/tkz-tools-text.tex
2020/03/18 3.06c tkz-tools-text.tex
) (/usr/share/texmf-dist/tex/latex/tkz-base/tkz-tools-BB.tex
2020/03/18 3.06c tkz-obj-BB.tex
) (/usr/share/texmf-dist/tex/latex/tkz-base/tkz-tools-arith.tex
2020/03/18 3.06c tkz-tools-arith.tex
) (/usr/share/texmf-dist/tex/latex/tkz-base/tkz-tools-print.tex
2020/03/18 3.06c tkz-tools-print.tex
) (/usr/share/texmf-dist/tex/latex/tkz-base/tkz-tools-misc.tex
2020/03/18 3.06c tkz-tools-misc.tex
) (/usr/share/texmf-dist/tex/latex/tkz-base/tkz-obj-axes.tex
2020/03/18 3.06c tkz-obj-axes.tex
) (/usr/share/texmf-dist/tex/latex/tkz-base/tkz-obj-grids.tex
2020/03/18 3.06c tkz-obj-grids.tex
) (/usr/share/texmf-dist/tex/latex/tkz-base/tkz-obj-marks.tex
2020/03/18 3.07c tkz-obj-marks.tex
) (/usr/share/texmf-dist/tex/latex/tkz-base/tkz-obj-points.tex
2020/03/18 3.06c tkz-obj-points.tex
) (/usr/share/texmf-dist/tex/latex/tkz-base/tkz-obj-rep.tex
2020/03/18 3.06c tkz-obj-rep.tex
)) (/usr/share/texmf-dist/tex/latex/tkz-euclide/tkz-tools-intersections.tex
2020/03/18 3.06c tkz-tools-intersections.tex
) (/usr/share/texmf-dist/tex/latex/tkz-euclide/tkz-tools-angles.tex
2020/03/18 3.06c tkz-tools-angles.tex
) (/usr/share/texmf-dist/tex/latex/tkz-euclide/tkz-obj-eu-angles.tex
2020/03/18 3.06c tkz-tool-eu-angles.tex
) (/usr/share/texmf-dist/tex/latex/tkz-euclide/tkz-obj-eu-arcs.tex
2020/03/23 3.06c tkz-obj-eu-arcs.tex
) (/usr/share/texmf-dist/tex/latex/tkz-euclide/tkz-obj-eu-compass.tex
2020/03/18 3.06c tkz-obj-eu-compass.tex
) (/usr/share/texmf-dist/tex/latex/tkz-euclide/tkz-obj-eu-circles.tex
2020/03/18 3.06c tkz-obj-eu-circles.tex
) (/usr/share/texmf-dist/tex/latex/tkz-euclide/tkz-obj-eu-draw-circles.tex
2020/03/18 3.06c tkz-obj-eu-draw-circles.tex
) (/usr/share/texmf-dist/tex/latex/tkz-euclide/tkz-obj-eu-draw-lines.tex
2020/03/18 3.06c tkz-obj-eu-draw-lines.tex
) (/usr/share/texmf-dist/tex/latex/tkz-euclide/tkz-obj-eu-draw-polygons.tex
2020/03/18 3.06c tkz-obj-eu-polygons.tex
) (/usr/share/texmf-dist/tex/latex/tkz-euclide/tkz-obj-eu-draw-triangles.tex) (/usr/share/texmf-dist/tex/latex/tkz-euclide/tkz-obj-eu-lines.tex
2020/03/18 3.06c tkz-obj-eu-lines.tex
) (/usr/share/texmf-dist/tex/latex/tkz-euclide/tkz-obj-eu-points.tex
2020/03/18 3.06c tkz-obj-eu-points.tex
) (/usr/share/texmf-dist/tex/latex/tkz-euclide/tkz-obj-eu-points-by.tex
2020/03/18 3.06c tkz-tools-eu-points-by.tex
) (/usr/share/texmf-dist/tex/latex/tkz-euclide/tkz-obj-eu-points-rnd.tex
2020/03/18 3.06c tkz-obj-eu-points-rnd.tex
) (/usr/share/texmf-dist/tex/latex/tkz-euclide/tkz-obj-eu-points-with.tex
2020/03/18 3.06c tkz-obj-eu-points-with.tex
) (/usr/share/texmf-dist/tex/latex/tkz-euclide/tkz-obj-eu-polygons.tex
2020/03/18 3.06c tkz-obj-eu-polygons.tex
) (/usr/share/texmf-dist/tex/latex/tkz-euclide/tkz-obj-eu-protractor.tex
2020/03/18 3.06c tkz-obj-eu-protractor.tex
) (/usr/share/texmf-dist/tex/latex/tkz-euclide/tkz-obj-eu-sectors.tex
2020/03/18 3.06c tkz-obj-eu-sectors.tex
) (/usr/share/texmf-dist/tex/latex/tkz-euclide/tkz-obj-eu-show.tex
2020/03/18 3.06c tkz-obj-eu-show.tex
) (/usr/share/texmf-dist/tex/latex/tkz-euclide/tkz-obj-eu-triangles.tex
2020/03/18 3.06c tkz-obj-eu-triangles.tex
)) (/usr/share/texmf-dist/tex/latex/lastpage/lastpage.sty) (/usr/share/texmf-dist/tex/latex/datetime/datetime.sty (/usr/share/texmf-dist/tex/latex/fmtcount/fmtcount.sty (/usr/share/texmf-dist/tex/latex/base/ifthen.sty) (/usr/share/texmf-dist/tex/latex/xkeyval/xkeyval.sty (/usr/share/texmf-dist/tex/generic/xkeyval/xkeyval.tex (/usr/share/texmf-dist/tex/generic/xkeyval/xkvutils.tex))) (/usr/share/texmf-dist/tex/latex/fmtcount/fcprefix.sty (/usr/share/texmf-dist/tex/latex/fmtcount/fcnumparser.sty)) (/usr/share/texmf-dist/tex/latex/fmtcount/fc-ngerman.def (/usr/share/texmf-dist/tex/latex/fmtcount/fc-german.def (/usr/share/texmf-dist/tex/latex/fmtcount/fc-germanb.def)) (/usr/share/texmf-dist/tex/latex/fmtcount/fc-ngermanb.def))) (/usr/share/texmf-dist/tex/latex/datetime/datetime-defaults.sty) (/usr/share/texmf-dist/tex/latex/datetime/dt-ngerman.def)) (/usr/share/texmf-dist/tex/latex/fancyhdr/fancyhdr.sty) (/usr/share/texmf-dist/tex/latex/mathtools/mathtools.sty (/usr/share/texmf-dist/tex/latex/tools/calc.sty) (/usr/share/texmf-dist/tex/latex/mathtools/mhsetup.sty)) (/usr/share/texmf-dist/tex/latex/aligned-overset/aligned-overset.sty) (/usr/share/texmf-dist/tex/latex/tikz-qtree/tikz-qtree.sty (/usr/share/texmf-dist/tex/latex/tikz-qtree/pgftree.sty (/usr/share/texmf-dist/tex/latex/tikz-qtree/pgfsubpic.sty (/usr/share/texmf-dist/tex/latex/tikz-qtree/pgfsubpic.tex)) (/usr/share/texmf-dist/tex/latex/tikz-qtree/pgftree.tex)) (/usr/share/texmf-dist/tex/latex/tikz-qtree/tikz-qtree.tex)) (/usr/share/texmf-dist/tex/generic/pgf/frontendlayer/tikz/libraries/tikzlibraryautomata.code.tex (/usr/share/texmf-dist/tex/generic/pgf/frontendlayer/tikz/libraries/tikzlibraryshapes.multipart.code.tex (/usr/share/texmf-dist/tex/generic/pgf/libraries/shapes/pgflibraryshapes.multipart.code.tex))) (/usr/share/texmf-dist/tex/generic/pgf/frontendlayer/tikz/libraries/tikzlibrarymatrix.code.tex) (/usr/share/texmf-dist/tex/generic/pgf/frontendlayer/tikz/libraries/tikzlibraryfit.code.tex) (/usr/share/texmf-dist/tex/generic/pgf/frontendlayer/tikz/libraries/tikzlibraryshapes.code.tex (/usr/share/texmf-dist/tex/generic/pgf/frontendlayer/tikz/libraries/tikzlibraryshapes.geometric.code.tex (/usr/share/texmf-dist/tex/generic/pgf/libraries/shapes/pgflibraryshapes.geometric.code.tex)) (/usr/share/texmf-dist/tex/generic/pgf/frontendlayer/tikz/libraries/tikzlibraryshapes.symbols.code.tex (/usr/share/texmf-dist/tex/generic/pgf/libraries/shapes/pgflibraryshapes.symbols.code.tex)) (/usr/share/texmf-dist/tex/generic/pgf/frontendlayer/tikz/libraries/tikzlibraryshapes.arrows.code.tex (/usr/share/texmf-dist/tex/generic/pgf/libraries/shapes/pgflibraryshapes.arrows.code.tex)) (/usr/share/texmf-dist/tex/generic/pgf/frontendlayer/tikz/libraries/tikzlibraryshapes.callouts.code.tex (/usr/share/texmf-dist/tex/generic/pgf/libraries/shapes/pgflibraryshapes.callouts.code.tex))) (/usr/share/texmf-dist/tex/latex/csquotes/csquotes.sty (/usr/share/texmf-dist/tex/latex/csquotes/csquotes.def) (/usr/share/texmf-dist/tex/latex/csquotes/csquotes.cfg)) (/usr/share/texmf-dist/tex/latex/pgfplots/pgfplots.sty (/usr/share/texmf-dist/tex/generic/pgfplots/pgfplots.revision.tex) (/usr/share/texmf-dist/tex/generic/pgfplots/pgfplots.code.tex (/usr/share/texmf-dist/tex/generic/pgfplots/pgfplotscore.code.tex (/usr/share/texmf-dist/tex/generic/pgfplots/sys/pgfplotssysgeneric.code.tex)) (/usr/share/texmf-dist/tex/generic/pgfplots/libs/pgfplotslibrary.code.tex) (/usr/share/texmf-dist/tex/generic/pgfplots/oldpgfcompatib/pgfplotsoldpgfsupp_loader.code.tex) (/usr/share/texmf-dist/tex/generic/pgfplots/util/pgfplotsutil.code.tex (/usr/share/texmf-dist/tex/generic/pgfplots/liststructure/pgfplotsliststructure.code.tex) (/usr/share/texmf-dist/tex/generic/pgfplots/liststructure/pgfplotsliststructureext.code.tex) (/usr/share/texmf-dist/tex/generic/pgfplots/liststructure/pgfplotsarray.code.tex) (/usr/share/texmf-dist/tex/generic/pgfplots/liststructure/pgfplotsmatrix.code.tex) (/usr/share/texmf-dist/tex/generic/pgfplots/numtable/pgfplotstableshared.code.tex) (/usr/share/texmf-dist/tex/generic/pgfplots/liststructure/pgfplotsdeque.code.tex) (/usr/share/texmf-dist/tex/generic/pgfplots/util/pgfplotsbinary.code.tex (/usr/share/texmf-dist/tex/generic/pgfplots/util/pgfplotsbinary.data.code.tex)) (/usr/share/texmf-dist/tex/generic/pgfplots/util/pgfplotsutil.verb.code.tex) (/usr/share/texmf-dist/tex/generic/pgfplots/libs/pgflibrarypgfplots.surfshading.code.tex (/usr/share/texmf-dist/tex/generic/pgfplots/sys/pgflibrarypgfplots.surfshading.pgfsys-pdftex.def))) (/usr/share/texmf-dist/tex/generic/pgfplots/util/pgfplotscolormap.code.tex (/usr/share/texmf-dist/tex/generic/pgfplots/util/pgfplotscolor.code.tex)) (/usr/share/texmf-dist/tex/generic/pgfplots/pgfplotsstackedplots.code.tex) (/usr/share/texmf-dist/tex/generic/pgfplots/pgfplotsplothandlers.code.tex (/usr/share/texmf-dist/tex/generic/pgfplots/pgfplotsmeshplothandler.code.tex (/usr/share/texmf-dist/tex/generic/pgfplots/pgfplotsmeshplotimage.code.tex))) (/usr/share/texmf-dist/tex/generic/pgfplots/pgfplots.scaling.code.tex) (/usr/share/texmf-dist/tex/generic/pgfplots/pgfplotscoordprocessing.code.tex) (/usr/share/texmf-dist/tex/generic/pgfplots/pgfplots.errorbars.code.tex) (/usr/share/texmf-dist/tex/generic/pgfplots/pgfplots.markers.code.tex) (/usr/share/texmf-dist/tex/generic/pgfplots/pgfplotsticks.code.tex) (/usr/share/texmf-dist/tex/generic/pgfplots/pgfplots.paths.code.tex))) (/usr/share/texmf-dist/tex/latex/doublestroke/dsfont.sty) (/usr/share/texmf-dist/tex/latex/multirow/multirow.sty) (/usr/share/texmf-dist/tex/latex/pgf/frontendlayer/libraries/tikzlibraryexternal.code.tex (/usr/share/texmf-dist/tex/latex/pdftexcmds/pdftexcmds.sty (/usr/share/texmf-dist/tex/generic/infwarerr/infwarerr.sty)) (/usr/share/texmf-dist/tex/latex/atveryend/atveryend.sty) (/usr/share/texmf-dist/tex/generic/pgf/frontendlayer/tikz/libraries/tikzexternalshared.code.tex)) (/usr/share/texmf-dist/tex/latex/listings/listings.sty (/usr/share/texmf-dist/tex/latex/listings/lstmisc.sty) (/usr/share/texmf-dist/tex/latex/listings/listings.cfg)) (/usr/share/texmf-dist/tex/latex/siunitx/siunitx.sty (/usr/share/texmf-dist/tex/latex/l3packages/l3keys2e/l3keys2e.sty) (/usr/share/texmf-dist/tex/latex/translator/translator.sty)) (/usr/share/texmf-dist/tex/latex/caption/caption.sty (/usr/share/texmf-dist/tex/latex/caption/caption3.sty)) (/usr/share/texmf-dist/tex/latex/booktabs/booktabs.sty) (/usr/share/texmf-dist/tex/latex/algorithm2e/algorithm2e.sty (/usr/share/texmf-dist/tex/latex/ifoddpage/ifoddpage.sty) (/usr/share/texmf-dist/tex/latex/tools/xspace.sty) (/usr/share/texmf-dist/tex/latex/relsize/relsize.sty)) (/usr/share/texmf-dist/tex/latex/titlesec/titlesec.sty)) (/home/jast/Documents/Uni/Vorlesungen/Semester4/ss20NumGl/Spickzettel/Spickzettel.aux (/home/jast/Documents/Uni/Vorlesungen/Semester4/ss20NumGl/Spickzettel/tex/NormEinheitskugel.aux)) (/usr/share/texmf-dist/tex/latex/lm/t1lmr.fd)
*geometry* driver: auto-detecting
*geometry* detected driver: pdftex
(/usr/share/texmf-dist/tex/latex/microtype/mt-cmr.cfg) ABD: EveryShipout initializing macros (/usr/share/texmf-dist/tex/context/base/mkii/supp-pdf.mkii
[Loading MPS to PDF converter (version 2006.09.02).]
) (/usr/share/texmf-dist/tex/latex/epstopdf-pkg/epstopdf-base.sty (/usr/share/texmf-dist/tex/latex/latexconfig/epstopdf-sys.cfg))
Package pgfplots notification 'compat/show suggested version=true': document has been generated with the most recent feature set (\pgfplotsset{compat=1.17}).

(/usr/share/texmf-dist/tex/latex/translator/translator-basic-dictionary-English.dict) (/usr/share/texmf-dist/tex/latex/siunitx/siunitx-abbreviations.cfg) (/usr/share/texmf-dist/tex/latex/lm/ot1lmr.fd) (/usr/share/texmf-dist/tex/latex/lm/omllmm.fd) (/usr/share/texmf-dist/tex/latex/lm/omslmsy.fd) (/usr/share/texmf-dist/tex/latex/lm/omxlmex.fd) (/usr/share/texmf-dist/tex/latex/amsfonts/umsa.fd) (/usr/share/texmf-dist/tex/latex/microtype/mt-msa.cfg) (/usr/share/texmf-dist/tex/latex/amsfonts/umsb.fd) (/usr/share/texmf-dist/tex/latex/microtype/mt-msb.cfg) (/usr/share/texmf-dist/tex/latex/lm/ot1lmss.fd) (/usr/share/texmf-dist/tex/latex/lm/ot1lmtt.fd) [1{/var/lib/texmf/fonts/map/pdftex/updmap/pdftex.map}] [2] (/home/jast/Documents/Uni/Vorlesungen/Semester4/ss20NumGl/Spickzettel/Spickzettel.toc) [3] [4] (/home/jast/Documents/Uni/Vorlesungen/Semester4/ss20NumGl/Spickzettel/tex/NormEinheitskugel.tex
Kapitel 1.
[1] [2] [3]) [4] 
AED: lastpage setting LastPage
(/home/jast/Documents/Uni/Vorlesungen/Semester4/ss20NumGl/Spickzettel/Spickzettel.aux (/home/jast/Documents/Uni/Vorlesungen/Semester4/ss20NumGl/Spickzettel/tex/NormEinheitskugel.aux)) ){/usr/share/texmf-dist/fonts/enc/dvips/lm/lm-ec.enc}</usr/share/texmf-dist/fonts/type1/public/lm/lmbx10.pfb></usr/share/texmf-dist/fonts/type1/public/lm/lmbx12.pfb></usr/share/texmf-dist/fonts/type1/public/lm/lmcsc10.pfb></usr/share/texmf-dist/fonts/type1/public/lm/lmr10.pfb></usr/share/texmf-dist/fonts/type1/public/lm/lmr12.pfb></usr/share/texmf-dist/fonts/type1/public/lm/lmr17.pfb>
Output written on /home/jast/Documents/Uni/Vorlesungen/Semester4/ss20NumGl/Spickzettel/Spickzettel.pdf (8 pages, 151552 bytes).
SyncTeX written on /home/jast/Documents/Uni/Vorlesungen/Semester4/ss20NumGl/Spickzettel/Spickzettel.synctex.gz.
Transcript written on /home/jast/Documents/Uni/Vorlesungen/Semester4/ss20NumGl/Spickzettel/Spickzettel.log.
Latexmk: Log file says output to 'Spickzettel.pdf'
=== TeX engine is 'pdfTeX'
Latexmk: All targets (/home/jast/Documents/Uni/Vorlesungen/Semester4/ss20NumGl/Spickzettel/Spickzettel.pdf) are up-to-date
