[2020-07-21 11:55:11.015] [exthost] [info] extension host started
[2020-07-21 11:55:11.046] [exthost] [info] ExtensionService#_doActivateExtension James-Yu.latex-workshop {"startup":false,"extensionId":{"value":"James-Yu.latex-workshop","_lower":"james-yu.latex-workshop"},"activationEvent":"onLanguage:latex"}
[2020-07-21 11:55:11.047] [exthost] [info] ExtensionService#loadCommonJSModule file:///home/jast/.vscode-oss/extensions/james-yu.latex-workshop-8.11.1/out/src/main.js
[2020-07-21 11:55:11.384] [exthost] [info] ExtensionService#_doActivateExtension vscode.debug-auto-launch {"startup":true,"extensionId":{"value":"vscode.debug-auto-launch","_lower":"vscode.debug-auto-launch"},"activationEvent":"*"}
[2020-07-21 11:55:11.384] [exthost] [info] ExtensionService#loadCommonJSModule file:///usr/lib/code/extensions/debug-auto-launch/dist/extension
[2020-07-21 11:55:11.387] [exthost] [info] ExtensionService#_doActivateExtension vscode.emmet {"startup":true,"extensionId":{"value":"vscode.emmet","_lower":"vscode.emmet"},"activationEvent":"*"}
[2020-07-21 11:55:11.387] [exthost] [info] ExtensionService#loadCommonJSModule file:///usr/lib/code/extensions/emmet/dist/extension
[2020-07-21 11:55:11.403] [exthost] [info] ExtensionService#_doActivateExtension vscode.git {"startup":true,"extensionId":{"value":"vscode.github","_lower":"vscode.github"},"activationEvent":"*"}
[2020-07-21 11:55:11.403] [exthost] [info] ExtensionService#loadCommonJSModule file:///usr/lib/code/extensions/git/dist/main
[2020-07-21 11:55:11.435] [exthost] [info] ExtensionService#_doActivateExtension vscode.github-authentication {"startup":true,"extensionId":{"value":"vscode.github-authentication","_lower":"vscode.github-authentication"},"activationEvent":"*"}
[2020-07-21 11:55:11.435] [exthost] [info] ExtensionService#loadCommonJSModule file:///usr/lib/code/extensions/github-authentication/dist/extension.js
[2020-07-21 11:55:11.446] [exthost] [info] ExtensionService#_doActivateExtension vscode.merge-conflict {"startup":true,"extensionId":{"value":"vscode.merge-conflict","_lower":"vscode.merge-conflict"},"activationEvent":"*"}
[2020-07-21 11:55:11.446] [exthost] [info] ExtensionService#loadCommonJSModule file:///usr/lib/code/extensions/merge-conflict/dist/mergeConflictMain
[2020-07-21 11:55:11.453] [exthost] [info] ExtensionService#_doActivateExtension vscode.microsoft-authentication {"startup":true,"extensionId":{"value":"vscode.microsoft-authentication","_lower":"vscode.microsoft-authentication"},"activationEvent":"*"}
[2020-07-21 11:55:11.453] [exthost] [info] ExtensionService#loadCommonJSModule file:///usr/lib/code/extensions/microsoft-authentication/dist/extension.js
[2020-07-21 11:55:11.461] [exthost] [info] ExtensionService#_doActivateExtension vscode.search-result {"startup":true,"extensionId":{"value":"vscode.search-result","_lower":"vscode.search-result"},"activationEvent":"*"}
[2020-07-21 11:55:11.462] [exthost] [info] ExtensionService#loadCommonJSModule file:///usr/lib/code/extensions/search-result/dist/extension.js
[2020-07-21 11:55:11.463] [exthost] [info] ExtensionService#_doActivateExtension PKief.material-icon-theme {"startup":true,"extensionId":{"value":"PKief.material-icon-theme","_lower":"pkief.material-icon-theme"},"activationEvent":"*"}
[2020-07-21 11:55:11.463] [exthost] [info] ExtensionService#loadCommonJSModule file:///home/jast/.vscode-oss/extensions/pkief.material-icon-theme-4.2.0/dist/extension
[2020-07-21 11:55:11.472] [exthost] [info] ExtensionService#_doActivateExtension zhuangtongfa.material-theme {"startup":true,"extensionId":{"value":"zhuangtongfa.material-theme","_lower":"zhuangtongfa.material-theme"},"activationEvent":"*"}
[2020-07-21 11:55:11.472] [exthost] [info] ExtensionService#loadCommonJSModule file:///home/jast/.vscode-oss/extensions/zhuangtongfa.material-theme-3.8.3/out/extension.js
[2020-07-21 11:55:11.732] [exthost] [info] ExtensionService#_doActivateExtension vscode.github {"startup":true,"extensionId":{"value":"vscode.github","_lower":"vscode.github"},"activationEvent":"*"}
[2020-07-21 11:55:11.732] [exthost] [info] ExtensionService#loadCommonJSModule file:///usr/lib/code/extensions/github/dist/extension.js
[2020-07-21 11:55:11.833] [exthost] [info] eager extensions activated
[2020-07-21 11:55:22.441] [exthost] [info] extension host started
[2020-07-21 11:55:22.455] [exthost] [info] ExtensionService#_doActivateExtension vscode.debug-auto-launch {"startup":true,"extensionId":{"value":"vscode.debug-auto-launch","_lower":"vscode.debug-auto-launch"},"activationEvent":"*"}
[2020-07-21 11:55:22.455] [exthost] [info] ExtensionService#loadCommonJSModule file:///usr/lib/code/extensions/debug-auto-launch/dist/extension
[2020-07-21 11:55:22.461] [exthost] [info] ExtensionService#_doActivateExtension vscode.emmet {"startup":true,"extensionId":{"value":"vscode.emmet","_lower":"vscode.emmet"},"activationEvent":"*"}
[2020-07-21 11:55:22.461] [exthost] [info] ExtensionService#loadCommonJSModule file:///usr/lib/code/extensions/emmet/dist/extension
[2020-07-21 11:55:22.467] [exthost] [info] ExtensionService#_doActivateExtension vscode.git {"startup":true,"extensionId":{"value":"vscode.github","_lower":"vscode.github"},"activationEvent":"*"}
[2020-07-21 11:55:22.467] [exthost] [info] ExtensionService#loadCommonJSModule file:///usr/lib/code/extensions/git/dist/main
[2020-07-21 11:55:22.496] [exthost] [info] ExtensionService#_doActivateExtension vscode.github-authentication {"startup":true,"extensionId":{"value":"vscode.github-authentication","_lower":"vscode.github-authentication"},"activationEvent":"*"}
[2020-07-21 11:55:22.496] [exthost] [info] ExtensionService#loadCommonJSModule file:///usr/lib/code/extensions/github-authentication/dist/extension.js
[2020-07-21 11:55:22.505] [exthost] [info] ExtensionService#_doActivateExtension vscode.merge-conflict {"startup":true,"extensionId":{"value":"vscode.merge-conflict","_lower":"vscode.merge-conflict"},"activationEvent":"*"}
[2020-07-21 11:55:22.505] [exthost] [info] ExtensionService#loadCommonJSModule file:///usr/lib/code/extensions/merge-conflict/dist/mergeConflictMain
[2020-07-21 11:55:22.506] [exthost] [info] ExtensionService#_doActivateExtension vscode.microsoft-authentication {"startup":true,"extensionId":{"value":"vscode.microsoft-authentication","_lower":"vscode.microsoft-authentication"},"activationEvent":"*"}
[2020-07-21 11:55:22.506] [exthost] [info] ExtensionService#loadCommonJSModule file:///usr/lib/code/extensions/microsoft-authentication/dist/extension.js
[2020-07-21 11:55:22.513] [exthost] [info] ExtensionService#_doActivateExtension vscode.search-result {"startup":true,"extensionId":{"value":"vscode.search-result","_lower":"vscode.search-result"},"activationEvent":"*"}
[2020-07-21 11:55:22.513] [exthost] [info] ExtensionService#loadCommonJSModule file:///usr/lib/code/extensions/search-result/dist/extension.js
[2020-07-21 11:55:22.517] [exthost] [info] ExtensionService#_doActivateExtension PKief.material-icon-theme {"startup":true,"extensionId":{"value":"PKief.material-icon-theme","_lower":"pkief.material-icon-theme"},"activationEvent":"*"}
[2020-07-21 11:55:22.517] [exthost] [info] ExtensionService#loadCommonJSModule file:///home/jast/.vscode-oss/extensions/pkief.material-icon-theme-4.2.0/dist/extension
[2020-07-21 11:55:22.520] [exthost] [info] ExtensionService#_doActivateExtension zhuangtongfa.material-theme {"startup":true,"extensionId":{"value":"zhuangtongfa.material-theme","_lower":"zhuangtongfa.material-theme"},"activationEvent":"*"}
[2020-07-21 11:55:22.520] [exthost] [info] ExtensionService#loadCommonJSModule file:///home/jast/.vscode-oss/extensions/zhuangtongfa.material-theme-3.8.5/out/extension.js
[2020-07-21 11:55:22.630] [exthost] [info] ExtensionService#_doActivateExtension vscode.github {"startup":true,"extensionId":{"value":"vscode.github","_lower":"vscode.github"},"activationEvent":"*"}
[2020-07-21 11:55:22.630] [exthost] [info] ExtensionService#loadCommonJSModule file:///usr/lib/code/extensions/github/dist/extension.js
[2020-07-21 11:55:22.662] [exthost] [info] ExtensionService#_doActivateExtension ms-vscode-remote.remote-containers {"startup":false,"extensionId":{"value":"ms-vscode-remote.remote-containers","_lower":"ms-vscode-remote.remote-containers"},"activationEvent":"onStartupFinished"}
[2020-07-21 11:55:22.662] [exthost] [info] ExtensionService#loadCommonJSModule file:///home/jast/.vscode-oss/extensions/ms-vscode-remote.remote-containers-0.128.0/dist/extension
[2020-07-21 11:55:22.698] [exthost] [info] eager extensions activated
[2020-07-21 11:55:22.709] [exthost] [error] Activating extension ms-vscode-remote.remote-containers failed due to an error:
[2020-07-21 11:55:22.711] [exthost] [error] Error: [ms-vscode-remote.remote-containers]: Proposed API is only available when running out of dev or with the following command line switch: --enable-proposed-api ms-vscode-remote.remote-containers
	at a (/usr/lib/code/out/vs/workbench/services/extensions/node/extensionHostProcess.js:594:75)
	at Object.t.checkProposedApiEnabled (/usr/lib/code/out/vs/workbench/services/extensions/node/extensionHostProcess.js:594:437)
	at Object.registerRemoteAuthorityResolver (/usr/lib/code/out/vs/workbench/services/extensions/node/extensionHostProcess.js:922:143)
	at t.activate (/home/jast/.vscode-oss/extensions/ms-vscode-remote.remote-containers-0.128.0/dist/extension.js:1:262176)
	at Function._callActivateOptional (/usr/lib/code/out/vs/workbench/services/extensions/node/extensionHostProcess.js:837:509)
	at Function._callActivate (/usr/lib/code/out/vs/workbench/services/extensions/node/extensionHostProcess.js:837:160)
	at /usr/lib/code/out/vs/workbench/services/extensions/node/extensionHostProcess.js:835:703
	at async Promise.all (index 0)
[2020-07-21 11:55:24.742] [exthost] [info] ExtensionService#_doActivateExtension James-Yu.latex-workshop {"startup":false,"extensionId":{"value":"James-Yu.latex-workshop","_lower":"james-yu.latex-workshop"},"activationEvent":"onLanguage:latex"}
[2020-07-21 11:55:24.743] [exthost] [info] ExtensionService#loadCommonJSModule file:///home/jast/.vscode-oss/extensions/james-yu.latex-workshop-8.11.1/out/src/main.js
