[10:25:47] Initializing LaTeX Workshop.
[10:25:47] Creating PDF file watcher.
[10:25:47] Creating LaTeX Workshop http and websocket server.
[10:25:48] LaTeX Workshop initialized.
[10:25:48] Server created on 127.0.0.1:42533
[10:25:48] Snippet data loaded.
[10:25:48] LaTeX Workshop version: 8.11.1
[10:25:48] Found root file from parent: /home/jast/Documents/Uni/Vorlesungen/Semester4/ss20NumGl/Spickzettel/Spickzettel.tex
[10:25:48] Root file changed: from undefined to /home/jast/Documents/Uni/Vorlesungen/Semester4/ss20NumGl/Spickzettel/Spickzettel.tex
[10:25:48] Start to find all dependencies.
[10:25:48] Instantiating a new file watcher for /home/jast/Documents/Uni/Vorlesungen/Semester4/ss20NumGl/Spickzettel/Spickzettel.tex
[10:25:48] Creating Bib file watcher.
[10:25:48] Parsing a file and its subfiles: /home/jast/Documents/Uni/Vorlesungen/Semester4/ss20NumGl/Spickzettel/Spickzettel.tex
[10:25:48] Parsing a file and its subfiles: /home/jast/Documents/Uni/Vorlesungen/Semester4/ss20NumGl/Spickzettel/tex/ZahlenUndSo.tex
[10:25:48] Parse fls file.
[10:25:48] Cannot find fls file: /home/jast/Documents/Uni/Vorlesungen/Semester4/ss20NumGl/Spickzettel/tex/ZahlenUndSo.fls
[10:25:48] Parsing a file and its subfiles: /home/jast/Documents/Uni/Vorlesungen/Semester4/ss20NumGl/Spickzettel/tex/MatrixUndSo.tex
[10:25:48] Parse fls file.
[10:25:48] Cannot find fls file: /home/jast/Documents/Uni/Vorlesungen/Semester4/ss20NumGl/Spickzettel/tex/MatrixUndSo.fls
[10:25:48] Parsing a file and its subfiles: /home/jast/Documents/Uni/Vorlesungen/Semester4/ss20NumGl/Spickzettel/tex/IntegrationUndSo.tex
[10:25:48] Parse fls file.
[10:25:48] Cannot find fls file: /home/jast/Documents/Uni/Vorlesungen/Semester4/ss20NumGl/Spickzettel/tex/IntegrationUndSo.fls
[10:25:48] Parsing a file and its subfiles: /home/jast/Documents/Uni/Vorlesungen/Semester4/ss20NumGl/Spickzettel/tex/InterpolationUndSo.tex
[10:25:48] Parse fls file.
[10:25:48] Cannot find fls file: /home/jast/Documents/Uni/Vorlesungen/Semester4/ss20NumGl/Spickzettel/tex/InterpolationUndSo.fls
[10:25:48] Parse fls file.
[10:25:48] Cannot find fls file: /home/jast/Documents/Uni/Vorlesungen/Semester4/ss20NumGl/Spickzettel/Spickzettel.fls
[10:25:48] Added to file watcher: /home/jast/Documents/Uni/Vorlesungen/Semester4/ss20NumGl/Spickzettel/Spickzettel.tex
[10:25:48] Added to file watcher: /home/jast/Documents/Uni/Vorlesungen/Semester4/ss20NumGl/Spickzettel/tex/ZahlenUndSo.tex
[10:25:48] Added to file watcher: /home/jast/Documents/Uni/Vorlesungen/Semester4/ss20NumGl/Spickzettel/tex/MatrixUndSo.tex
[10:25:48] Added to file watcher: /home/jast/Documents/Uni/Vorlesungen/Semester4/ss20NumGl/Spickzettel/tex/IntegrationUndSo.tex
[10:25:48] Added to file watcher: /home/jast/Documents/Uni/Vorlesungen/Semester4/ss20NumGl/Spickzettel/tex/InterpolationUndSo.tex
[10:25:48] Handle data type: open
[10:25:48] Preview PDF file: /home/jast/Documents/Uni/Vorlesungen/Semester4/ss20NumGl/Spickzettel/Spickzettel.pdf
[10:25:48] Handle data type: request_params
[10:25:48] Handle data type: loaded
