[2020-07-21 11:55:12.232] [sharedprocess] [info] main {"machineId":"5ddfb5290b8242505cf1942e671dab8d77c31100df702bbd055cbc6c4f78191c","windowId":2}
[2020-07-21 11:55:13.939] [sharedprocess] [info] Installing extension: ms-vscode-remote.remote-containers
[2020-07-21 11:55:13.939] [sharedprocess] [info] Installing extension: vscodevim.vim
[2020-07-21 11:55:13.940] [sharedprocess] [info] Installing extension: zhuangtongfa.material-theme
[2020-07-21 11:55:14.242] [sharedprocess] [info] Downloaded extension: ms-vscode-remote.remote-containers /home/jast/.config/Code - OSS/CachedExtensionVSIXs/ms-vscode-remote.remote-containers-0.128.0
[2020-07-21 11:55:14.304] [sharedprocess] [info] Downloaded extension: vscodevim.vim /home/jast/.config/Code - OSS/CachedExtensionVSIXs/vscodevim.vim-1.16.0
[2020-07-21 11:55:14.359] [sharedprocess] [info] Extracted extension to /home/jast/.vscode-oss/extensions/.vscodevim.vim-1.16.0: vscodevim.vim
[2020-07-21 11:55:14.359] [sharedprocess] [info] Renamed to /home/jast/.vscode-oss/extensions/vscodevim.vim-1.16.0
[2020-07-21 11:55:14.359] [sharedprocess] [info] Downloaded extension: zhuangtongfa.material-theme /home/jast/.config/Code - OSS/CachedExtensionVSIXs/zhuangtongfa.material-theme-3.8.5
[2020-07-21 11:55:14.360] [sharedprocess] [info] Installation completed. vscodevim.vim
[2020-07-21 11:55:14.367] [sharedprocess] [info] Extensions installed successfully: vscodevim.vim
[2020-07-21 11:55:14.501] [sharedprocess] [info] Extracted extension to /home/jast/.vscode-oss/extensions/.zhuangtongfa.material-theme-3.8.5: zhuangtongfa.material-theme
[2020-07-21 11:55:14.501] [sharedprocess] [info] Renamed to /home/jast/.vscode-oss/extensions/zhuangtongfa.material-theme-3.8.5
[2020-07-21 11:55:14.502] [sharedprocess] [info] Installation completed. zhuangtongfa.material-theme
[2020-07-21 11:55:14.510] [sharedprocess] [info] Extensions installed successfully: zhuangtongfa.material-theme
[2020-07-21 11:55:14.567] [sharedprocess] [info] Extracted extension to /home/jast/.vscode-oss/extensions/.ms-vscode-remote.remote-containers-0.128.0: ms-vscode-remote.remote-containers
[2020-07-21 11:55:14.567] [sharedprocess] [info] Renamed to /home/jast/.vscode-oss/extensions/ms-vscode-remote.remote-containers-0.128.0
[2020-07-21 11:55:14.568] [sharedprocess] [info] Installation completed. ms-vscode-remote.remote-containers
[2020-07-21 11:55:14.575] [sharedprocess] [info] Extensions installed successfully: ms-vscode-remote.remote-containers
[2020-07-21 11:55:52.250] [sharedprocess] [info] Starting to clean up unused language packs.
