[16:39:51] Initializing LaTeX Workshop.
[16:39:51] Creating PDF file watcher.
[16:39:51] Creating LaTeX Workshop http and websocket server.
[16:39:51] LaTeX Workshop initialized.
[16:39:51] Server created on 127.0.0.1:40619
[16:39:51] Snippet data loaded.
[16:39:51] LaTeX Workshop version: 8.11.1
[16:39:51] Found files that might be root, choose the first one: /home/jast/Documents/Uni/Vorlesungen/Semester4/ss20NumGl/NumGl_Blatt06/numGl_Blatt06.tex
[16:39:51] Root file changed: from undefined to /home/jast/Documents/Uni/Vorlesungen/Semester4/ss20NumGl/NumGl_Blatt06/numGl_Blatt06.tex
[16:39:51] Start to find all dependencies.
[16:39:51] Instantiating a new file watcher for /home/jast/Documents/Uni/Vorlesungen/Semester4/ss20NumGl/NumGl_Blatt06/numGl_Blatt06.tex
[16:39:51] Creating Bib file watcher.
[16:39:51] Parsing a file and its subfiles: /home/jast/Documents/Uni/Vorlesungen/Semester4/ss20NumGl/NumGl_Blatt06/numGl_Blatt06.tex
[16:39:51] Parsing a file and its subfiles: /home/jast/Documents/Uni/Vorlesungen/Semester4/ss20NumGl/NumGl_Blatt06/tex/B6A1.tex
[16:39:51] Parsing a file and its subfiles: /home/jast/Documents/Uni/Vorlesungen/Semester4/ss20NumGl/NumGl_Blatt06/tex/a.tex
[16:39:51] Parse fls file.
[16:39:51] Cannot find fls file: /home/jast/Documents/Uni/Vorlesungen/Semester4/ss20NumGl/NumGl_Blatt06/tex/a.fls
[16:39:51] Parsing a file and its subfiles: /home/jast/Documents/Uni/Vorlesungen/Semester4/ss20NumGl/NumGl_Blatt06/tex/b.tex
[16:39:51] Parse fls file.
[16:39:51] Cannot find fls file: /home/jast/Documents/Uni/Vorlesungen/Semester4/ss20NumGl/NumGl_Blatt06/tex/b.fls
[16:39:51] Parsing a file and its subfiles: /home/jast/Documents/Uni/Vorlesungen/Semester4/ss20NumGl/NumGl_Blatt06/tex/c.tex
[16:39:51] Parse fls file.
[16:39:51] Cannot find fls file: /home/jast/Documents/Uni/Vorlesungen/Semester4/ss20NumGl/NumGl_Blatt06/tex/c.fls
[16:39:51] Parsing a file and its subfiles: /home/jast/Documents/Uni/Vorlesungen/Semester4/ss20NumGl/NumGl_Blatt06/tex/d.tex
[16:39:51] Parse fls file.
[16:39:51] Cannot find fls file: /home/jast/Documents/Uni/Vorlesungen/Semester4/ss20NumGl/NumGl_Blatt06/tex/d.fls
[16:39:51] Parse fls file.
[16:39:51] Cannot find fls file: /home/jast/Documents/Uni/Vorlesungen/Semester4/ss20NumGl/NumGl_Blatt06/tex/B6A1.fls
[16:39:51] Parse fls file.
[16:39:51] Cannot find fls file: /home/jast/Documents/Uni/Vorlesungen/Semester4/ss20NumGl/NumGl_Blatt06/numGl_Blatt06.fls
[16:39:51] Added to file watcher: /home/jast/Documents/Uni/Vorlesungen/Semester4/ss20NumGl/NumGl_Blatt06/numGl_Blatt06.tex
[16:39:51] Added to file watcher: /home/jast/Documents/Uni/Vorlesungen/Semester4/ss20NumGl/NumGl_Blatt06/tex/B6A1.tex
[16:39:51] Added to file watcher: /home/jast/Documents/Uni/Vorlesungen/Semester4/ss20NumGl/NumGl_Blatt06/tex/a.tex
[16:39:51] Added to file watcher: /home/jast/Documents/Uni/Vorlesungen/Semester4/ss20NumGl/NumGl_Blatt06/tex/b.tex
[16:39:51] Added to file watcher: /home/jast/Documents/Uni/Vorlesungen/Semester4/ss20NumGl/NumGl_Blatt06/tex/c.tex
[16:39:51] Added to file watcher: /home/jast/Documents/Uni/Vorlesungen/Semester4/ss20NumGl/NumGl_Blatt06/tex/d.tex
