Looking for git in: git
Using git 2.27.0 from git
> git rev-parse --show-toplevel
> git rev-parse --git-dir
Open repository: /home/jast/Documents/Uni/Vorlesungen/Semester4/ss20NumGl
> git fetch
> git status -z -u
> git symbolic-ref --short HEAD
> git rev-parse master
> git rev-parse --symbolic-full-name master@{u}
> git rev-list --left-right master...refs/remotes/origin/master
> git for-each-ref --sort -committerdate --format %(refname) %(objectname)
> git remote --verbose
> git config --get commit.template
> git show --textconv :NumGl_Blatt06/mystyle.sty
> git ls-files --stage -- /home/jast/Documents/Uni/Vorlesungen/Semester4/ss20NumGl/NumGl_Blatt06/mystyle.sty
> git cat-file -s 31918a7570e2ecddd4baa685023fa9c39d849ed4
> git check-ignore -v -z --stdin
> git status -z -u
> git symbolic-ref --short HEAD
> git rev-parse master
> git rev-parse --symbolic-full-name master@{u}
> git rev-list --left-right master...refs/remotes/origin/master
> git for-each-ref --sort -committerdate --format %(refname) %(objectname)
> git remote --verbose
> git config --get commit.template
> git ls-files --stage -- /home/jast/Documents/Uni/Vorlesungen/Semester4/ss20NumGl/NumGl_Blatt06/mystyle.sty
> git cat-file -s 31918a7570e2ecddd4baa685023fa9c39d849ed4
> git show --textconv :NumGl_Blatt06/mystyle.sty
