00:00:00.004024 VirtualBox DHCP Server 6.1.6 r137129 linux.amd64 (Apr 15 2020 10:13:28) release log
00:00:00.004026 Log opened 2020-05-10T11:50:48.220966000Z
00:00:00.004027 Build Type: release
00:00:00.004029 OS Product: Linux
00:00:00.004030 OS Release: 5.6.11-arch1-1
00:00:00.004031 OS Version: #1 SMP PREEMPT Wed, 06 May 2020 17:32:37 +0000
00:00:00.004048 DMI Product Name: X470 AORUS ULTRA GAMING
00:00:00.004056 DMI Product Version: Default string
00:00:00.004060 Firmware type: UEFI
00:00:00.004641 Secure Boot: Disabled
00:00:00.004674 Host RAM: 16027MB (15.6GB) total, 13807MB (13.4GB) available
00:00:00.004677 Executable: /usr/lib/virtualbox/VBoxNetDHCP
00:00:00.004677 Process ID: 51986
00:00:00.004678 Package type: LINUX_64BITS_GENERIC (OSE)
00:00:00.004695 --config:  HostInterfaceNetworking-vboxnet0
00:00:00.004698 --comment: HostInterfaceNetworking-vboxnet0
00:00:00.004787 IP address:   192.168.56.1/24
00:00:00.004793 Address pool: 192.168.56.10 - 192.168.56.20
00:00:00.004819 MAC address is not specified: will use generated MAC 08:00:27:34:97:fd
00:00:00.004824 Db::i_enterFixedAddressAssignment: 08:00:27:34:97:fd: 192.168.56.1
00:00:00.004829 loading leases from /home/jast/.config/VirtualBox/HostInterfaceNetworking-vboxnet0-Dhcpd.leases
00:00:00.005432 > LOAD: EXPIRED lease 192.168.56.10 to 08:00:27:07:68:d7, expired, valid from 2020-05-03T15:53:04Z for 600s until 2020-05-03T16:03:04Z
00:00:10.908565 DISCOVER xid 0x096bc1cb chaddr 08:00:27:07:68:d7
00:00:10.908601  ciaddr 0.0.0.0
00:00:10.908608  requested address 192.168.56.10
00:00:10.908616  params { 1 28 2 3 15 6 12 42 }
00:00:10.908646 > allocateAddress 192.168.56.10 to client 08:00:27:07:68:d7
00:00:10.908652 > ... found existing binding 192.168.56.10 to 08:00:27:07:68:d7, expired, valid from 2020-05-03T15:53:04Z for 600s until 2020-05-03T16:03:04Z
00:00:10.908663 Lease time 600 secs (default)
00:00:10.908668 >>> requested option 1 (SubnetMask)
00:00:10.908672 ... always supplied
00:00:10.908674 >>> requested option 28 (BroadcastAddress)
00:00:10.908677 ... not found
00:00:10.908680 >>> requested option 2 (TimeOffset)
00:00:10.908683 ... not found
00:00:10.908686 >>> requested option 3 (Routers)
00:00:10.908688 ... not found
00:00:10.908691 >>> requested option 15 (DomainName)
00:00:10.908694 ... not found
00:00:10.908697 >>> requested option 6 (DNSes)
00:00:10.908699 ... not found
00:00:10.908702 >>> requested option 12 (HostName)
00:00:10.908705 ... not found
00:00:10.908708 >>> requested option 42 (NTPServers)
00:00:10.908710 ... not found
00:00:10.908715 encoding option 1 (SubnetMask)
00:00:10.908718 encoding option 51 (LeaseTime)
00:00:10.908721 OFFER xid 0x096bc1cb chaddr 08:00:27:07:68:d7
00:00:10.908730  ciaddr 0.0.0.0 yiaddr 192.168.56.10
00:00:10.908738 encoded message: 548 bytes
00:00:10.908740 00007f786c001510/0000: 02 01 06 00 cb c1 6b 09-00 00 00 00 00 00 00 00 ......k.........
00:00:10.908743 00007f786c001520/0010: c0 a8 38 0a 00 00 00 00-00 00 00 00 08 00 27 07 ..8...........'.
00:00:10.908746 00007f786c001530/0020: 68 d7 00 00 00 00 00 00-00 00 00 00 00 00 00 00 h...............
00:00:10.908749 00007f786c001540/0030: 00 00 00 00 00 00 00 00-00 00 00 00 00 00 00 00 ................
00:00:10.908751 00007f786c001550/0040: 00 00 00 00 00 00 00 00-00 00 00 00 00 00 00 00 ................
00:00:10.908753 00007f786c001560/0050: 00 00 00 00 00 00 00 00-00 00 00 00 00 00 00 00 ................
00:00:10.908756 00007f786c001570/0060: 00 00 00 00 00 00 00 00-00 00 00 00 00 00 00 00 ................
00:00:10.908758 00007f786c001580/0070: 00 00 00 00 00 00 00 00-00 00 00 00 00 00 00 00 ................
00:00:10.908760 00007f786c001590/0080: 00 00 00 00 00 00 00 00-00 00 00 00 00 00 00 00 ................
00:00:10.908763 00007f786c0015a0/0090: 00 00 00 00 00 00 00 00-00 00 00 00 00 00 00 00 ................
00:00:10.908765 00007f786c0015b0/00a0: 00 00 00 00 00 00 00 00-00 00 00 00 00 00 00 00 ................
00:00:10.908767 00007f786c0015c0/00b0: 00 00 00 00 00 00 00 00-00 00 00 00 00 00 00 00 ................
00:00:10.908769 00007f786c0015d0/00c0: 00 00 00 00 00 00 00 00-00 00 00 00 00 00 00 00 ................
00:00:10.908772 00007f786c0015e0/00d0: 00 00 00 00 00 00 00 00-00 00 00 00 00 00 00 00 ................
00:00:10.908774 00007f786c0015f0/00e0: 00 00 00 00 00 00 00 00-00 00 00 00 63 82 53 63 ............c.Sc
00:00:10.908776 00007f786c001600/00f0: 36 04 c0 a8 38 01 35 01-02 01 04 ff ff ff 00 33 6...8.5........3
00:00:10.908779 00007f786c001610/0100: 04 00 00 02 58 ff 00 00-00 00 00 00 00 00 00 00 ....X...........
00:00:10.908781 00007f786c001620/0110: 00 00 00 00 00 00 00 00-00 00 00 00 00 00 00 00 ................
00:00:10.908784 00007f786c001630/0120: 00 00 00 00 00 00 00 00-00 00 00 00 00 00 00 00 ................
00:00:10.908786 00007f786c001640/0130: 00 00 00 00 00 00 00 00-00 00 00 00 00 00 00 00 ................
00:00:10.908788 00007f786c001650/0140: 00 00 00 00 00 00 00 00-00 00 00 00 00 00 00 00 ................
00:00:10.908790 00007f786c001660/0150: 00 00 00 00 00 00 00 00-00 00 00 00 00 00 00 00 ................
00:00:10.908793 00007f786c001670/0160: 00 00 00 00 00 00 00 00-00 00 00 00 00 00 00 00 ................
00:00:10.908795 00007f786c001680/0170: 00 00 00 00 00 00 00 00-00 00 00 00 00 00 00 00 ................
00:00:10.908797 00007f786c001690/0180: 00 00 00 00 00 00 00 00-00 00 00 00 00 00 00 00 ................
00:00:10.908800 00007f786c0016a0/0190: 00 00 00 00 00 00 00 00-00 00 00 00 00 00 00 00 ................
00:00:10.908802 00007f786c0016b0/01a0: 00 00 00 00 00 00 00 00-00 00 00 00 00 00 00 00 ................
00:00:10.908804 00007f786c0016c0/01b0: 00 00 00 00 00 00 00 00-00 00 00 00 00 00 00 00 ................
00:00:10.908807 00007f786c0016d0/01c0: 00 00 00 00 00 00 00 00-00 00 00 00 00 00 00 00 ................
00:00:10.908809 00007f786c0016e0/01d0: 00 00 00 00 00 00 00 00-00 00 00 00 00 00 00 00 ................
00:00:10.908811 00007f786c0016f0/01e0: 00 00 00 00 00 00 00 00-00 00 00 00 00 00 00 00 ................
00:00:10.908813 00007f786c001700/01f0: 00 00 00 00 00 00 00 00-00 00 00 00 00 00 00 00 ................
00:00:10.908816 00007f786c001710/0200: 00 00 00 00 00 00 00 00-00 00 00 00 00 00 00 00 ................
00:00:10.908818 00007f786c001720/0210: 00 00 00 00 00 00 00 00-00 00 00 00 00 00 00 00 ................
00:00:10.908820 00007f786c001730/0220: 00 00 00 00                                     ....
00:00:10.910097 REQUEST xid 0x096bc1cb chaddr 08:00:27:07:68:d7
00:00:10.910113  ciaddr 0.0.0.0
00:00:10.910119  for server 192.168.56.1 requested address 192.168.56.10
00:00:10.910129  params { 1 28 2 3 15 6 12 42 }
00:00:10.910155   54: c0 a8 38 01
00:00:10.910159 > allocateAddress 192.168.56.10 to client 08:00:27:07:68:d7
00:00:10.910163 > ... found existing binding 192.168.56.10 to 08:00:27:07:68:d7, offered, valid from 2020-05-10T11:50:59Z for 600s until 2020-05-10T12:00:59Z
00:00:10.910170 Lease time 600 secs (default)
00:00:10.910173 writing leases to /home/jast/.config/VirtualBox/HostInterfaceNetworking-vboxnet0-Dhcpd.leases
00:00:10.914182 >>> requested option 1 (SubnetMask)
00:00:10.914196 ... always supplied
00:00:10.914199 >>> requested option 28 (BroadcastAddress)
00:00:10.914202 ... not found
00:00:10.914204 >>> requested option 2 (TimeOffset)
00:00:10.914207 ... not found
00:00:10.914210 >>> requested option 3 (Routers)
00:00:10.914212 ... not found
00:00:10.914215 >>> requested option 15 (DomainName)
00:00:10.914217 ... not found
00:00:10.914220 >>> requested option 6 (DNSes)
00:00:10.914222 ... not found
00:00:10.914225 >>> requested option 12 (HostName)
00:00:10.914228 ... not found
00:00:10.914230 >>> requested option 42 (NTPServers)
00:00:10.914233 ... not found
00:00:10.914236 encoding option 1 (SubnetMask)
00:00:10.914239 encoding option 51 (LeaseTime)
00:00:10.914243 ACK xid 0x096bc1cb chaddr 08:00:27:07:68:d7
00:00:10.914252  ciaddr 0.0.0.0 yiaddr 192.168.56.10
00:00:10.914260 encoded message: 548 bytes
00:00:10.914262 00007f786c001510/0000: 02 01 06 00 cb c1 6b 09-00 00 00 00 00 00 00 00 ......k.........
00:00:10.914266 00007f786c001520/0010: c0 a8 38 0a 00 00 00 00-00 00 00 00 08 00 27 07 ..8...........'.
00:00:10.914269 00007f786c001530/0020: 68 d7 00 00 00 00 00 00-00 00 00 00 00 00 00 00 h...............
00:00:10.914272 00007f786c001540/0030: 00 00 00 00 00 00 00 00-00 00 00 00 00 00 00 00 ................
00:00:10.914274 00007f786c001550/0040: 00 00 00 00 00 00 00 00-00 00 00 00 00 00 00 00 ................
00:00:10.914277 00007f786c001560/0050: 00 00 00 00 00 00 00 00-00 00 00 00 00 00 00 00 ................
00:00:10.914280 00007f786c001570/0060: 00 00 00 00 00 00 00 00-00 00 00 00 00 00 00 00 ................
00:00:10.914283 00007f786c001580/0070: 00 00 00 00 00 00 00 00-00 00 00 00 00 00 00 00 ................
00:00:10.914286 00007f786c001590/0080: 00 00 00 00 00 00 00 00-00 00 00 00 00 00 00 00 ................
00:00:10.914288 00007f786c0015a0/0090: 00 00 00 00 00 00 00 00-00 00 00 00 00 00 00 00 ................
00:00:10.914291 00007f786c0015b0/00a0: 00 00 00 00 00 00 00 00-00 00 00 00 00 00 00 00 ................
00:00:10.914294 00007f786c0015c0/00b0: 00 00 00 00 00 00 00 00-00 00 00 00 00 00 00 00 ................
00:00:10.914297 00007f786c0015d0/00c0: 00 00 00 00 00 00 00 00-00 00 00 00 00 00 00 00 ................
00:00:10.914299 00007f786c0015e0/00d0: 00 00 00 00 00 00 00 00-00 00 00 00 00 00 00 00 ................
00:00:10.914302 00007f786c0015f0/00e0: 00 00 00 00 00 00 00 00-00 00 00 00 63 82 53 63 ............c.Sc
00:00:10.914304 00007f786c001600/00f0: 36 04 c0 a8 38 01 35 01-05 01 04 ff ff ff 00 33 6...8.5........3
00:00:10.914307 00007f786c001610/0100: 04 00 00 02 58 ff 00 00-00 00 00 00 00 00 00 00 ....X...........
00:00:10.914309 00007f786c001620/0110: 00 00 00 00 00 00 00 00-00 00 00 00 00 00 00 00 ................
00:00:10.914311 00007f786c001630/0120: 00 00 00 00 00 00 00 00-00 00 00 00 00 00 00 00 ................
00:00:10.914314 00007f786c001640/0130: 00 00 00 00 00 00 00 00-00 00 00 00 00 00 00 00 ................
00:00:10.914316 00007f786c001650/0140: 00 00 00 00 00 00 00 00-00 00 00 00 00 00 00 00 ................
00:00:10.914318 00007f786c001660/0150: 00 00 00 00 00 00 00 00-00 00 00 00 00 00 00 00 ................
00:00:10.914321 00007f786c001670/0160: 00 00 00 00 00 00 00 00-00 00 00 00 00 00 00 00 ................
00:00:10.914323 00007f786c001680/0170: 00 00 00 00 00 00 00 00-00 00 00 00 00 00 00 00 ................
00:00:10.914325 00007f786c001690/0180: 00 00 00 00 00 00 00 00-00 00 00 00 00 00 00 00 ................
00:00:10.914328 00007f786c0016a0/0190: 00 00 00 00 00 00 00 00-00 00 00 00 00 00 00 00 ................
00:00:10.914330 00007f786c0016b0/01a0: 00 00 00 00 00 00 00 00-00 00 00 00 00 00 00 00 ................
00:00:10.914333 00007f786c0016c0/01b0: 00 00 00 00 00 00 00 00-00 00 00 00 00 00 00 00 ................
00:00:10.914335 00007f786c0016d0/01c0: 00 00 00 00 00 00 00 00-00 00 00 00 00 00 00 00 ................
00:00:10.914337 00007f786c0016e0/01d0: 00 00 00 00 00 00 00 00-00 00 00 00 00 00 00 00 ................
00:00:10.914340 00007f786c0016f0/01e0: 00 00 00 00 00 00 00 00-00 00 00 00 00 00 00 00 ................
00:00:10.914342 00007f786c001700/01f0: 00 00 00 00 00 00 00 00-00 00 00 00 00 00 00 00 ................
00:00:10.914344 00007f786c001710/0200: 00 00 00 00 00 00 00 00-00 00 00 00 00 00 00 00 ................
00:00:10.914347 00007f786c001720/0210: 00 00 00 00 00 00 00 00-00 00 00 00 00 00 00 00 ................
00:00:10.914349 00007f786c001730/0220: 00 00 00 00                                     ....
00:04:27.770295 REQUEST xid 0x096bc1cb chaddr 08:00:27:07:68:d7
00:04:27.770322  ciaddr 192.168.56.10
00:04:27.770330  params { 1 28 2 3 15 6 12 42 }
00:04:27.770357 > allocateAddress to client 08:00:27:07:68:d7
00:04:27.770363 > ... found existing binding 192.168.56.10 to 08:00:27:07:68:d7, acked, valid from 2020-05-10T11:50:59Z for 600s until 2020-05-10T12:00:59Z
00:04:27.770372 Lease time 600 secs (default)
00:04:27.770376 writing leases to /home/jast/.config/VirtualBox/HostInterfaceNetworking-vboxnet0-Dhcpd.leases
00:04:27.774127 >>> requested option 1 (SubnetMask)
00:04:27.774137 ... always supplied
00:04:27.774140 >>> requested option 28 (BroadcastAddress)
00:04:27.774144 ... not found
00:04:27.774154 >>> requested option 2 (TimeOffset)
00:04:27.774157 ... not found
00:04:27.774159 >>> requested option 3 (Routers)
00:04:27.774162 ... not found
00:04:27.774164 >>> requested option 15 (DomainName)
00:04:27.774166 ... not found
00:04:27.774169 >>> requested option 6 (DNSes)
00:04:27.774171 ... not found
00:04:27.774173 >>> requested option 12 (HostName)
00:04:27.774176 ... not found
00:04:27.774178 >>> requested option 42 (NTPServers)
00:04:27.774180 ... not found
00:04:27.774184 encoding option 1 (SubnetMask)
00:04:27.774187 encoding option 51 (LeaseTime)
00:04:27.774190 ACK xid 0x096bc1cb chaddr 08:00:27:07:68:d7
00:04:27.774198  ciaddr 192.168.56.10 yiaddr 192.168.56.10
00:04:27.774205 encoded message: 548 bytes
00:04:27.774207 00007f786c001510/0000: 02 01 06 00 cb c1 6b 09-00 00 00 00 c0 a8 38 0a ......k.......8.
00:04:27.774211 00007f786c001520/0010: c0 a8 38 0a 00 00 00 00-00 00 00 00 08 00 27 07 ..8...........'.
00:04:27.774214 00007f786c001530/0020: 68 d7 00 00 00 00 00 00-00 00 00 00 00 00 00 00 h...............
00:04:27.774216 00007f786c001540/0030: 00 00 00 00 00 00 00 00-00 00 00 00 00 00 00 00 ................
00:04:27.774219 00007f786c001550/0040: 00 00 00 00 00 00 00 00-00 00 00 00 00 00 00 00 ................
00:04:27.774221 00007f786c001560/0050: 00 00 00 00 00 00 00 00-00 00 00 00 00 00 00 00 ................
00:04:27.774224 00007f786c001570/0060: 00 00 00 00 00 00 00 00-00 00 00 00 00 00 00 00 ................
00:04:27.774226 00007f786c001580/0070: 00 00 00 00 00 00 00 00-00 00 00 00 00 00 00 00 ................
00:04:27.774228 00007f786c001590/0080: 00 00 00 00 00 00 00 00-00 00 00 00 00 00 00 00 ................
00:04:27.774231 00007f786c0015a0/0090: 00 00 00 00 00 00 00 00-00 00 00 00 00 00 00 00 ................
00:04:27.774233 00007f786c0015b0/00a0: 00 00 00 00 00 00 00 00-00 00 00 00 00 00 00 00 ................
00:04:27.774235 00007f786c0015c0/00b0: 00 00 00 00 00 00 00 00-00 00 00 00 00 00 00 00 ................
00:04:27.774238 00007f786c0015d0/00c0: 00 00 00 00 00 00 00 00-00 00 00 00 00 00 00 00 ................
00:04:27.774240 00007f786c0015e0/00d0: 00 00 00 00 00 00 00 00-00 00 00 00 00 00 00 00 ................
00:04:27.774242 00007f786c0015f0/00e0: 00 00 00 00 00 00 00 00-00 00 00 00 63 82 53 63 ............c.Sc
00:04:27.774245 00007f786c001600/00f0: 36 04 c0 a8 38 01 35 01-05 01 04 ff ff ff 00 33 6...8.5........3
00:04:27.774247 00007f786c001610/0100: 04 00 00 02 58 ff 00 00-00 00 00 00 00 00 00 00 ....X...........
00:04:27.774250 00007f786c001620/0110: 00 00 00 00 00 00 00 00-00 00 00 00 00 00 00 00 ................
00:04:27.774252 00007f786c001630/0120: 00 00 00 00 00 00 00 00-00 00 00 00 00 00 00 00 ................
00:04:27.774255 00007f786c001640/0130: 00 00 00 00 00 00 00 00-00 00 00 00 00 00 00 00 ................
00:04:27.774257 00007f786c001650/0140: 00 00 00 00 00 00 00 00-00 00 00 00 00 00 00 00 ................
00:04:27.774259 00007f786c001660/0150: 00 00 00 00 00 00 00 00-00 00 00 00 00 00 00 00 ................
00:04:27.774262 00007f786c001670/0160: 00 00 00 00 00 00 00 00-00 00 00 00 00 00 00 00 ................
00:04:27.774264 00007f786c001680/0170: 00 00 00 00 00 00 00 00-00 00 00 00 00 00 00 00 ................
00:04:27.774266 00007f786c001690/0180: 00 00 00 00 00 00 00 00-00 00 00 00 00 00 00 00 ................
00:04:27.774269 00007f786c0016a0/0190: 00 00 00 00 00 00 00 00-00 00 00 00 00 00 00 00 ................
00:04:27.774271 00007f786c0016b0/01a0: 00 00 00 00 00 00 00 00-00 00 00 00 00 00 00 00 ................
00:04:27.774273 00007f786c0016c0/01b0: 00 00 00 00 00 00 00 00-00 00 00 00 00 00 00 00 ................
00:04:27.774276 00007f786c0016d0/01c0: 00 00 00 00 00 00 00 00-00 00 00 00 00 00 00 00 ................
00:04:27.774278 00007f786c0016e0/01d0: 00 00 00 00 00 00 00 00-00 00 00 00 00 00 00 00 ................
00:04:27.774280 00007f786c0016f0/01e0: 00 00 00 00 00 00 00 00-00 00 00 00 00 00 00 00 ................
00:04:27.774283 00007f786c001700/01f0: 00 00 00 00 00 00 00 00-00 00 00 00 00 00 00 00 ................
00:04:27.774285 00007f786c001710/0200: 00 00 00 00 00 00 00 00-00 00 00 00 00 00 00 00 ................
00:04:27.774287 00007f786c001720/0210: 00 00 00 00 00 00 00 00-00 00 00 00 00 00 00 00 ................
00:04:27.774290 00007f786c001730/0220: 00 00 00 00                                     ....
00:13:17.723391 REQUEST xid 0x096bc1cb chaddr 08:00:27:07:68:d7
00:13:17.723426  ciaddr 192.168.56.10
00:13:17.723434  params { 1 28 2 3 15 6 12 42 }
00:13:17.723465 > allocateAddress to client 08:00:27:07:68:d7
00:13:17.723471 > ... found existing binding 192.168.56.10 to 08:00:27:07:68:d7, acked, valid from 2020-05-10T11:55:15Z for 600s until 2020-05-10T12:05:15Z
00:13:17.723482 Lease time 600 secs (default)
00:13:17.723486 writing leases to /home/jast/.config/VirtualBox/HostInterfaceNetworking-vboxnet0-Dhcpd.leases
00:13:17.727461 >>> requested option 1 (SubnetMask)
00:13:17.727470 ... always supplied
00:13:17.727471 >>> requested option 28 (BroadcastAddress)
00:13:17.727473 ... not found
00:13:17.727475 >>> requested option 2 (TimeOffset)
00:13:17.727476 ... not found
00:13:17.727477 >>> requested option 3 (Routers)
00:13:17.727479 ... not found
00:13:17.727480 >>> requested option 15 (DomainName)
00:13:17.727482 ... not found
00:13:17.727483 >>> requested option 6 (DNSes)
00:13:17.727485 ... not found
00:13:17.727486 >>> requested option 12 (HostName)
00:13:17.727487 ... not found
00:13:17.727489 >>> requested option 42 (NTPServers)
00:13:17.727490 ... not found
00:13:17.727493 encoding option 1 (SubnetMask)
00:13:17.727495 encoding option 51 (LeaseTime)
00:13:17.727497 ACK xid 0x096bc1cb chaddr 08:00:27:07:68:d7
00:13:17.727502  ciaddr 192.168.56.10 yiaddr 192.168.56.10
00:13:17.727507 encoded message: 548 bytes
00:13:17.727509 00007f786c001510/0000: 02 01 06 00 cb c1 6b 09-00 00 00 00 c0 a8 38 0a ......k.......8.
00:13:17.727511 00007f786c001520/0010: c0 a8 38 0a 00 00 00 00-00 00 00 00 08 00 27 07 ..8...........'.
00:13:17.727512 00007f786c001530/0020: 68 d7 00 00 00 00 00 00-00 00 00 00 00 00 00 00 h...............
00:13:17.727513 00007f786c001540/0030: 00 00 00 00 00 00 00 00-00 00 00 00 00 00 00 00 ................
00:13:17.727514 00007f786c001550/0040: 00 00 00 00 00 00 00 00-00 00 00 00 00 00 00 00 ................
00:13:17.727516 00007f786c001560/0050: 00 00 00 00 00 00 00 00-00 00 00 00 00 00 00 00 ................
00:13:17.727517 00007f786c001570/0060: 00 00 00 00 00 00 00 00-00 00 00 00 00 00 00 00 ................
00:13:17.727518 00007f786c001580/0070: 00 00 00 00 00 00 00 00-00 00 00 00 00 00 00 00 ................
00:13:17.727519 00007f786c001590/0080: 00 00 00 00 00 00 00 00-00 00 00 00 00 00 00 00 ................
00:13:17.727520 00007f786c0015a0/0090: 00 00 00 00 00 00 00 00-00 00 00 00 00 00 00 00 ................
00:13:17.727521 00007f786c0015b0/00a0: 00 00 00 00 00 00 00 00-00 00 00 00 00 00 00 00 ................
00:13:17.727523 00007f786c0015c0/00b0: 00 00 00 00 00 00 00 00-00 00 00 00 00 00 00 00 ................
00:13:17.727524 00007f786c0015d0/00c0: 00 00 00 00 00 00 00 00-00 00 00 00 00 00 00 00 ................
00:13:17.727525 00007f786c0015e0/00d0: 00 00 00 00 00 00 00 00-00 00 00 00 00 00 00 00 ................
00:13:17.727526 00007f786c0015f0/00e0: 00 00 00 00 00 00 00 00-00 00 00 00 63 82 53 63 ............c.Sc
00:13:17.727527 00007f786c001600/00f0: 36 04 c0 a8 38 01 35 01-05 01 04 ff ff ff 00 33 6...8.5........3
00:13:17.727529 00007f786c001610/0100: 04 00 00 02 58 ff 00 00-00 00 00 00 00 00 00 00 ....X...........
00:13:17.727530 00007f786c001620/0110: 00 00 00 00 00 00 00 00-00 00 00 00 00 00 00 00 ................
00:13:17.727531 00007f786c001630/0120: 00 00 00 00 00 00 00 00-00 00 00 00 00 00 00 00 ................
00:13:17.727532 00007f786c001640/0130: 00 00 00 00 00 00 00 00-00 00 00 00 00 00 00 00 ................
00:13:17.727533 00007f786c001650/0140: 00 00 00 00 00 00 00 00-00 00 00 00 00 00 00 00 ................
00:13:17.727535 00007f786c001660/0150: 00 00 00 00 00 00 00 00-00 00 00 00 00 00 00 00 ................
00:13:17.727536 00007f786c001670/0160: 00 00 00 00 00 00 00 00-00 00 00 00 00 00 00 00 ................
00:13:17.727537 00007f786c001680/0170: 00 00 00 00 00 00 00 00-00 00 00 00 00 00 00 00 ................
00:13:17.727538 00007f786c001690/0180: 00 00 00 00 00 00 00 00-00 00 00 00 00 00 00 00 ................
00:13:17.727539 00007f786c0016a0/0190: 00 00 00 00 00 00 00 00-00 00 00 00 00 00 00 00 ................
00:13:17.727541 00007f786c0016b0/01a0: 00 00 00 00 00 00 00 00-00 00 00 00 00 00 00 00 ................
00:13:17.727542 00007f786c0016c0/01b0: 00 00 00 00 00 00 00 00-00 00 00 00 00 00 00 00 ................
00:13:17.727543 00007f786c0016d0/01c0: 00 00 00 00 00 00 00 00-00 00 00 00 00 00 00 00 ................
00:13:17.727544 00007f786c0016e0/01d0: 00 00 00 00 00 00 00 00-00 00 00 00 00 00 00 00 ................
00:13:17.727545 00007f786c0016f0/01e0: 00 00 00 00 00 00 00 00-00 00 00 00 00 00 00 00 ................
00:13:17.727546 00007f786c001700/01f0: 00 00 00 00 00 00 00 00-00 00 00 00 00 00 00 00 ................
00:13:17.727548 00007f786c001710/0200: 00 00 00 00 00 00 00 00-00 00 00 00 00 00 00 00 ................
00:13:17.727549 00007f786c001720/0210: 00 00 00 00 00 00 00 00-00 00 00 00 00 00 00 00 ................
00:13:17.727550 00007f786c001730/0220: 00 00 00 00                                     ....
