00:00:00.003162 main     VirtualBox XPCOM Server 6.1.6 r137129 linux.amd64 (Apr 15 2020 10:13:28) release log
00:00:00.003164 main     Log opened 2020-05-10T11:50:45.531411000Z
00:00:00.003164 main     Build Type: release
00:00:00.003165 main     OS Product: Linux
00:00:00.003166 main     OS Release: 5.6.11-arch1-1
00:00:00.003166 main     OS Version: #1 SMP PREEMPT Wed, 06 May 2020 17:32:37 +0000
00:00:00.003179 main     DMI Product Name: X470 AORUS ULTRA GAMING
00:00:00.003186 main     DMI Product Version: Default string
00:00:00.003188 main     Firmware type: UEFI
00:00:00.003701 main     Secure Boot: Disabled
00:00:00.003720 main     Host RAM: 16027MB (15.6GB) total, 13961MB (13.6GB) available
00:00:00.003723 main     Executable: /usr/lib/virtualbox/VBoxSVC
00:00:00.003723 main     Process ID: 51841
00:00:00.003724 main     Package type: LINUX_64BITS_GENERIC (OSE)
00:00:00.004669 main     IPC socket path: /tmp/.vbox-jast-ipc/ipcd
00:00:00.112175 nspr-2   VirtualBox: object creation starts
00:00:00.112219 nspr-2   Home directory: '/home/jast/.config/VirtualBox'
00:00:00.112793 nspr-2   Loading settings file "/home/jast/.config/VirtualBox/VirtualBox.xml" with version "1.12-linux"
00:00:00.120727 nspr-2   HostDnsMonitor: initializing
00:00:00.120898 nspr-2   NAT: resolv.conf: nameserver 192.168.0.1
00:00:00.120918 nspr-2   HostDnsMonitor: updating information
00:00:00.120936 nspr-2   HostDnsMonitor: old information
00:00:00.120940 nspr-2     no server entries
00:00:00.120943 nspr-2     no domain set
00:00:00.120946 nspr-2     no search string entries
00:00:00.120949 nspr-2   HostDnsMonitor: new information
00:00:00.120952 nspr-2     server 1: 192.168.0.1
00:00:00.120956 nspr-2     no domain set
00:00:00.120959 nspr-2     no search string entries
00:00:00.138304 nspr-2   VD: VDInit finished with VINF_SUCCESS
00:00:00.139674 nspr-2   ERROR [COM]: aRC=NS_ERROR_FAILURE (0x80004005) aIID={027bc463-929c-40e8-bf16-fea557cd8e7e} aComponent={SystemPropertiesWrap} aText={Cannot determine default Guest Additions ISO location. Most likely they are not available}, preserve=false aResultDetail=0
00:00:00.147402 nspr-2   Loading settings file "/home/jast/VirtualBoxVMs/System Security VM_1/System Security VM_1.vbox" with version "1.14-linux"
00:00:00.148175 nspr-2   VirtualBox: object created
00:00:00.675505 nspr-3   WARNING [COM]: aRC=NS_ERROR_FAILURE (0x80004005) aIID={16ced992-5fdc-4aba-aff5-6a39bbd7c38b} aComponent={HostWrap} aText={VirtualBox is not currently allowed to access USB devices.  You can change this by adding your user to the 'vboxusers' group.  Please see the user manual for a more detailed explanation}, preserve=true  aResultDetail=0
00:00:00.876796 nspr-2   WARNING [COM]: aRC=NS_ERROR_FAILURE (0x80004005) aIID={16ced992-5fdc-4aba-aff5-6a39bbd7c38b} aComponent={HostWrap} aText={VirtualBox is not currently allowed to access USB devices.  You can change this by adding your user to the 'vboxusers' group.  Please see the user manual for a more detailed explanation}, preserve=true  aResultDetail=0
00:00:00.877978 nspr-2   WARNING [COM]: aRC=NS_ERROR_FAILURE (0x80004005) aIID={16ced992-5fdc-4aba-aff5-6a39bbd7c38b} aComponent={HostWrap} aText={VirtualBox is not currently allowed to access USB devices.  You can change this by adding your user to the 'vboxusers' group.  Please see the user manual for a more detailed explanation}, preserve=true  aResultDetail=0
00:00:01.891894 nspr-4   Launched VM: 1073748704 pid: 51903 (0xcabf) frontend: GUI/Qt name: System Security VM_1
00:00:01.929208 nspr-4   WARNING [COM]: aRC=NS_ERROR_FAILURE (0x80004005) aIID={16ced992-5fdc-4aba-aff5-6a39bbd7c38b} aComponent={HostWrap} aText={VirtualBox is not currently allowed to access USB devices.  You can change this by adding your user to the 'vboxusers' group.  Please see the user manual for a more detailed explanation}, preserve=true  aResultDetail=0
00:00:01.930011 nspr-4   WARNING [COM]: aRC=NS_ERROR_FAILURE (0x80004005) aIID={16ced992-5fdc-4aba-aff5-6a39bbd7c38b} aComponent={HostWrap} aText={VirtualBox is not currently allowed to access USB devices.  You can change this by adding your user to the 'vboxusers' group.  Please see the user manual for a more detailed explanation}, preserve=true  aResultDetail=0
00:00:02.089618 nspr-5   WARNING [COM]: aRC=NS_ERROR_FAILURE (0x80004005) aIID={16ced992-5fdc-4aba-aff5-6a39bbd7c38b} aComponent={HostWrap} aText={VirtualBox is not currently allowed to access USB devices.  You can change this by adding your user to the 'vboxusers' group.  Please see the user manual for a more detailed explanation}, preserve=true  aResultDetail=0
00:00:02.090267 nspr-5   WARNING [COM]: aRC=NS_ERROR_FAILURE (0x80004005) aIID={16ced992-5fdc-4aba-aff5-6a39bbd7c38b} aComponent={HostWrap} aText={VirtualBox is not currently allowed to access USB devices.  You can change this by adding your user to the 'vboxusers' group.  Please see the user manual for a more detailed explanation}, preserve=true  aResultDetail=0
00:00:02.519465 nspr-5   WARNING [COM]: aRC=NS_ERROR_FAILURE (0x80004005) aIID={16ced992-5fdc-4aba-aff5-6a39bbd7c38b} aComponent={HostWrap} aText={VirtualBox is not currently allowed to access USB devices.  You can change this by adding your user to the 'vboxusers' group.  Please see the user manual for a more detailed explanation}, preserve=true  aResultDetail=0
00:00:02.520182 nspr-3   WARNING [COM]: aRC=NS_ERROR_FAILURE (0x80004005) aIID={16ced992-5fdc-4aba-aff5-6a39bbd7c38b} aComponent={HostWrap} aText={VirtualBox is not currently allowed to access USB devices.  You can change this by adding your user to the 'vboxusers' group.  Please see the user manual for a more detailed explanation}, preserve=true  aResultDetail=0
00:00:02.520288 nspr-3   ERROR [COM]: aRC=VBOX_E_OBJECT_NOT_FOUND (0x80bb0001) aIID={70401eef-c8e9-466b-9660-45cb3e9979e4} aComponent={ExtPackManagerWrap} aText={No extension pack by the name 'Oracle VM VirtualBox Extension Pack' was found}, preserve=false aResultDetail=0
00:00:02.551412 nspr-3   WARNING [COM]: aRC=NS_ERROR_FAILURE (0x80004005) aIID={16ced992-5fdc-4aba-aff5-6a39bbd7c38b} aComponent={HostWrap} aText={VirtualBox is not currently allowed to access USB devices.  You can change this by adding your user to the 'vboxusers' group.  Please see the user manual for a more detailed explanation}, preserve=true  aResultDetail=0
00:00:02.551966 nspr-4   WARNING [COM]: aRC=NS_ERROR_FAILURE (0x80004005) aIID={16ced992-5fdc-4aba-aff5-6a39bbd7c38b} aComponent={HostWrap} aText={VirtualBox is not currently allowed to access USB devices.  You can change this by adding your user to the 'vboxusers' group.  Please see the user manual for a more detailed explanation}, preserve=true  aResultDetail=0
00:00:02.570277 nspr-4   ERROR [COM]: aRC=VBOX_E_IPRT_ERROR (0x80bb0005) aIID={85632c68-b5bb-4316-a900-5eb28d3413df} aComponent={SessionMachine} aText={Saved screenshot data is not available (VERR_NOT_SUPPORTED)}, preserve=false aResultDetail=-37
00:00:02.629083 nspr-3   WARNING [COM]: aRC=NS_ERROR_FAILURE (0x80004005) aIID={16ced992-5fdc-4aba-aff5-6a39bbd7c38b} aComponent={HostWrap} aText={VirtualBox is not currently allowed to access USB devices.  You can change this by adding your user to the 'vboxusers' group.  Please see the user manual for a more detailed explanation}, preserve=true  aResultDetail=0
00:00:02.629748 nspr-3   WARNING [COM]: aRC=NS_ERROR_FAILURE (0x80004005) aIID={16ced992-5fdc-4aba-aff5-6a39bbd7c38b} aComponent={HostWrap} aText={VirtualBox is not currently allowed to access USB devices.  You can change this by adding your user to the 'vboxusers' group.  Please see the user manual for a more detailed explanation}, preserve=true  aResultDetail=0
00:00:02.638688 nspr-3   WARNING [COM]: aRC=NS_ERROR_FAILURE (0x80004005) aIID={16ced992-5fdc-4aba-aff5-6a39bbd7c38b} aComponent={HostWrap} aText={VirtualBox is not currently allowed to access USB devices.  You can change this by adding your user to the 'vboxusers' group.  Please see the user manual for a more detailed explanation}, preserve=true  aResultDetail=0
00:00:02.659295 nspr-2   NetworkServiceRunning: started 'VBoxNetDHCP', pid 0000cb12
00:00:03.326929 nspr-8   WARNING [COM]: aRC=NS_ERROR_FAILURE (0x80004005) aIID={16ced992-5fdc-4aba-aff5-6a39bbd7c38b} aComponent={HostWrap} aText={VirtualBox is not currently allowed to access USB devices.  You can change this by adding your user to the 'vboxusers' group.  Please see the user manual for a more detailed explanation}, preserve=true  aResultDetail=0
00:00:03.327768 nspr-7   WARNING [COM]: aRC=NS_ERROR_FAILURE (0x80004005) aIID={16ced992-5fdc-4aba-aff5-6a39bbd7c38b} aComponent={HostWrap} aText={VirtualBox is not currently allowed to access USB devices.  You can change this by adding your user to the 'vboxusers' group.  Please see the user manual for a more detailed explanation}, preserve=true  aResultDetail=0
00:18:39.880195 nspr-2   Saving settings file "/home/jast/.config/VirtualBox/VirtualBox.xml" with version "1.12-linux"
00:18:39.885192 nspr-2   Saving settings file "/home/jast/.config/VirtualBox/VirtualBox.xml" with version "1.12-linux"
00:18:39.898819 nspr-3   Saving settings file "/home/jast/.config/VirtualBox/VirtualBox.xml" with version "1.12-linux"
00:18:39.905535 nspr-5   Saving settings file "/home/jast/.config/VirtualBox/VirtualBox.xml" with version "1.12-linux"
00:18:41.323848 nspr-8   Saving settings file "/home/jast/VirtualBoxVMs/System Security VM_1/System Security VM_1.vbox" with version "1.14-linux"
00:18:41.339170 nspr-9   Saving settings file "/home/jast/VirtualBoxVMs/System Security VM_1/System Security VM_1.vbox" with version "1.14-linux"
00:18:46.850011 main     VirtualBox: object deletion starts
00:18:46.850050 main     ERROR [COM]: aRC=VBOX_E_OBJECT_IN_USE (0x80bb000c) aIID={ad47ad09-787b-44ab-b343-a082a3f2dfb1} aComponent={MediumWrap} aText={Medium '/home/jast/VirtualBoxVMs/System Security VM_1/System Security VM_1-disk1.vdi' cannot be closed because it is still attached to 1 virtual machines}, preserve=false aResultDetail=0
00:18:46.850186 main     NetworkServiceRunning: killing VBoxNetDHCP, pid 0000cb12...
00:18:46.911934 main     HostDnsMonitor: shutting down ...
00:18:46.918130 main     HostDnsMonitor: shut down
00:18:47.329649 Watcher  ERROR [COM]: aRC=E_ACCESSDENIED (0x80070005) aIID={d0a0163f-e254-4e5b-a1f2-011cf991c38d} aComponent={VirtualBoxWrap} aText={The object is not ready}, preserve=false aResultDetail=0
00:18:51.918214 main     {00007f7944017190} HostPowerServiceLinux::~HostPowerServiceLinux: RTThreadWait() for 5000 ms failed with VERR_TIMEOUT
00:18:51.918413 main     VirtualBox: object deleted
