[13:36:09] Initializing LaTeX Workshop.
[13:36:09] Creating PDF file watcher.
[13:36:09] Creating LaTeX Workshop http and websocket server.
[13:36:09] LaTeX Workshop initialized.
[13:36:09] Server created on 127.0.0.1:35187
[13:36:09] Snippet data loaded.
[13:36:09] LaTeX Workshop version: 8.11.1
[13:36:09] Found root file from parent: /home/jast/Documents/Uni/Vorlesungen/Semester4/ss20rn1/Blatt5/Blatt5/RN1_InanRamaStuby_Blatt5.tex
[13:36:09] Root file changed: from undefined to /home/jast/Documents/Uni/Vorlesungen/Semester4/ss20rn1/Blatt5/Blatt5/RN1_InanRamaStuby_Blatt5.tex
[13:36:09] Start to find all dependencies.
[13:36:09] Instantiating a new file watcher for /home/jast/Documents/Uni/Vorlesungen/Semester4/ss20rn1/Blatt5/Blatt5/RN1_InanRamaStuby_Blatt5.tex
[13:36:09] Creating Bib file watcher.
[13:36:09] Parsing a file and its subfiles: /home/jast/Documents/Uni/Vorlesungen/Semester4/ss20rn1/Blatt5/Blatt5/RN1_InanRamaStuby_Blatt5.tex
[13:36:09] Parsing a file and its subfiles: /home/jast/Documents/Uni/Vorlesungen/Semester4/ss20rn1/Blatt5/Blatt5/tex/problem1.tex
[13:36:09] Parse fls file.
[13:36:09] Cannot find fls file: /home/jast/Documents/Uni/Vorlesungen/Semester4/ss20rn1/Blatt5/Blatt5/tex/problem1.fls
[13:36:09] Parsing a file and its subfiles: /home/jast/Documents/Uni/Vorlesungen/Semester4/ss20rn1/Blatt5/Blatt5/tex/problem2.tex
[13:36:09] Parse fls file.
[13:36:09] Cannot find fls file: /home/jast/Documents/Uni/Vorlesungen/Semester4/ss20rn1/Blatt5/Blatt5/tex/problem2.fls
[13:36:09] Parsing a file and its subfiles: /home/jast/Documents/Uni/Vorlesungen/Semester4/ss20rn1/Blatt5/Blatt5/tex/problem3.tex
[13:36:09] Parse fls file.
[13:36:09] Cannot find fls file: /home/jast/Documents/Uni/Vorlesungen/Semester4/ss20rn1/Blatt5/Blatt5/tex/problem3.fls
[13:36:09] Parse fls file.
[13:36:09] Cannot find fls file: /home/jast/Documents/Uni/Vorlesungen/Semester4/ss20rn1/Blatt5/Blatt5/RN1_InanRamaStuby_Blatt5.fls
[13:36:09] Added to file watcher: /home/jast/Documents/Uni/Vorlesungen/Semester4/ss20rn1/Blatt5/Blatt5/RN1_InanRamaStuby_Blatt5.tex
[13:36:09] Added to file watcher: /home/jast/Documents/Uni/Vorlesungen/Semester4/ss20rn1/Blatt5/Blatt5/tex/problem1.tex
[13:36:09] Added to file watcher: /home/jast/Documents/Uni/Vorlesungen/Semester4/ss20rn1/Blatt5/Blatt5/tex/problem2.tex
[13:36:09] Added to file watcher: /home/jast/Documents/Uni/Vorlesungen/Semester4/ss20rn1/Blatt5/Blatt5/tex/problem3.tex
[13:36:09] Handle data type: open
[13:36:10] Preview PDF file: /home/jast/Documents/Uni/Vorlesungen/Semester4/ss20rn1/Blatt5/Blatt5/RN1_InanRamaStuby_Blatt5.pdf
[13:36:10] Handle data type: request_params
[13:36:10] Handle data type: loaded
[13:36:15] Keep using the same root file: /home/jast/Documents/Uni/Vorlesungen/Semester4/ss20rn1/Blatt5/Blatt5/RN1_InanRamaStuby_Blatt5.tex.
[13:36:15] Keep using the same root file: /home/jast/Documents/Uni/Vorlesungen/Semester4/ss20rn1/Blatt5/Blatt5/RN1_InanRamaStuby_Blatt5.tex.
[13:37:25] File watcher - file changed: /home/jast/Documents/Uni/Vorlesungen/Semester4/ss20rn1/Blatt5/Blatt5/tex/problem1.tex
[13:37:25] Parsing a file and its subfiles: /home/jast/Documents/Uni/Vorlesungen/Semester4/ss20rn1/Blatt5/Blatt5/tex/problem1.tex
[13:37:25] Parse fls file.
[13:37:25] Cannot find fls file: /home/jast/Documents/Uni/Vorlesungen/Semester4/ss20rn1/Blatt5/Blatt5/tex/problem1.fls
[13:37:25] Auto build started detecting the change of a file: /home/jast/Documents/Uni/Vorlesungen/Semester4/ss20rn1/Blatt5/Blatt5/tex/problem1.tex
[13:37:25] BUILD command invoked.
[13:37:25] Building root file: /home/jast/Documents/Uni/Vorlesungen/Semester4/ss20rn1/Blatt5/Blatt5/RN1_InanRamaStuby_Blatt5.tex
[13:37:25] Build root file /home/jast/Documents/Uni/Vorlesungen/Semester4/ss20rn1/Blatt5/Blatt5/RN1_InanRamaStuby_Blatt5.tex
[13:37:25] Recipe step 1: latexmk, --shell-escape,-synctex=1,-interaction=nonstopmode,-file-line-error,-pdf,/home/jast/Documents/Uni/Vorlesungen/Semester4/ss20rn1/Blatt5/Blatt5/RN1_InanRamaStuby_Blatt5
[13:37:25] cwd: /home/jast/Documents/Uni/Vorlesungen/Semester4/ss20rn1/Blatt5/Blatt5
[13:37:25] LaTeX build process spawned. PID: 373675.
[13:37:26] LaTeX log parsed with 0 messages.
[13:37:26] Recipe of length 1 finished. PID: 373675.
[13:37:26] Successfully built /home/jast/Documents/Uni/Vorlesungen/Semester4/ss20rn1/Blatt5/Blatt5/RN1_InanRamaStuby_Blatt5.tex.
[13:37:26] Refresh PDF viewer for /home/jast/Documents/Uni/Vorlesungen/Semester4/ss20rn1/Blatt5/Blatt5/RN1_InanRamaStuby_Blatt5.pdf
[13:37:26] Parse fls file.
[13:37:26] Fls file found: /home/jast/Documents/Uni/Vorlesungen/Semester4/ss20rn1/Blatt5/Blatt5/RN1_InanRamaStuby_Blatt5.fls
[13:37:26] Parse aux file: /home/jast/Documents/Uni/Vorlesungen/Semester4/ss20rn1/Blatt5/Blatt5/RN1_InanRamaStuby_Blatt5.aux
[13:37:26] Preview PDF file: /home/jast/Documents/Uni/Vorlesungen/Semester4/ss20rn1/Blatt5/Blatt5/RN1_InanRamaStuby_Blatt5.pdf
[13:37:26] Handle data type: loaded
[13:37:27] Added to file watcher: /home/jast/Documents/Uni/Vorlesungen/Semester4/ss20rn1/Blatt5/Blatt5/mystyle.sty
[13:37:59] File watcher - file changed: /home/jast/Documents/Uni/Vorlesungen/Semester4/ss20rn1/Blatt5/Blatt5/tex/problem1.tex
[13:37:59] Parsing a file and its subfiles: /home/jast/Documents/Uni/Vorlesungen/Semester4/ss20rn1/Blatt5/Blatt5/tex/problem1.tex
[13:37:59] Parse fls file.
[13:37:59] Cannot find fls file: /home/jast/Documents/Uni/Vorlesungen/Semester4/ss20rn1/Blatt5/Blatt5/tex/problem1.fls
[13:37:59] Auto build started detecting the change of a file: /home/jast/Documents/Uni/Vorlesungen/Semester4/ss20rn1/Blatt5/Blatt5/tex/problem1.tex
[13:37:59] BUILD command invoked.
[13:37:59] Building root file: /home/jast/Documents/Uni/Vorlesungen/Semester4/ss20rn1/Blatt5/Blatt5/RN1_InanRamaStuby_Blatt5.tex
[13:37:59] Build root file /home/jast/Documents/Uni/Vorlesungen/Semester4/ss20rn1/Blatt5/Blatt5/RN1_InanRamaStuby_Blatt5.tex
[13:37:59] Recipe step 1: latexmk, --shell-escape,-synctex=1,-interaction=nonstopmode,-file-line-error,-pdf,/home/jast/Documents/Uni/Vorlesungen/Semester4/ss20rn1/Blatt5/Blatt5/RN1_InanRamaStuby_Blatt5
[13:37:59] cwd: /home/jast/Documents/Uni/Vorlesungen/Semester4/ss20rn1/Blatt5/Blatt5
[13:37:59] LaTeX build process spawned. PID: 374406.
[13:38:00] LaTeX log parsed with 0 messages.
[13:38:00] Recipe of length 1 finished. PID: 374406.
[13:38:00] Successfully built /home/jast/Documents/Uni/Vorlesungen/Semester4/ss20rn1/Blatt5/Blatt5/RN1_InanRamaStuby_Blatt5.tex.
[13:38:00] Refresh PDF viewer for /home/jast/Documents/Uni/Vorlesungen/Semester4/ss20rn1/Blatt5/Blatt5/RN1_InanRamaStuby_Blatt5.pdf
[13:38:00] Parse fls file.
[13:38:00] Fls file found: /home/jast/Documents/Uni/Vorlesungen/Semester4/ss20rn1/Blatt5/Blatt5/RN1_InanRamaStuby_Blatt5.fls
[13:38:00] Parse aux file: /home/jast/Documents/Uni/Vorlesungen/Semester4/ss20rn1/Blatt5/Blatt5/RN1_InanRamaStuby_Blatt5.aux
[13:38:00] Preview PDF file: /home/jast/Documents/Uni/Vorlesungen/Semester4/ss20rn1/Blatt5/Blatt5/RN1_InanRamaStuby_Blatt5.pdf
[13:38:00] Handle data type: loaded
[13:39:24] File watcher - file changed: /home/jast/Documents/Uni/Vorlesungen/Semester4/ss20rn1/Blatt5/Blatt5/tex/problem1.tex
[13:39:24] Parsing a file and its subfiles: /home/jast/Documents/Uni/Vorlesungen/Semester4/ss20rn1/Blatt5/Blatt5/tex/problem1.tex
[13:39:24] Parse fls file.
[13:39:24] Cannot find fls file: /home/jast/Documents/Uni/Vorlesungen/Semester4/ss20rn1/Blatt5/Blatt5/tex/problem1.fls
[13:39:24] Auto build started detecting the change of a file: /home/jast/Documents/Uni/Vorlesungen/Semester4/ss20rn1/Blatt5/Blatt5/tex/problem1.tex
[13:39:24] BUILD command invoked.
[13:39:24] Building root file: /home/jast/Documents/Uni/Vorlesungen/Semester4/ss20rn1/Blatt5/Blatt5/RN1_InanRamaStuby_Blatt5.tex
[13:39:24] Build root file /home/jast/Documents/Uni/Vorlesungen/Semester4/ss20rn1/Blatt5/Blatt5/RN1_InanRamaStuby_Blatt5.tex
[13:39:24] Recipe step 1: latexmk, --shell-escape,-synctex=1,-interaction=nonstopmode,-file-line-error,-pdf,/home/jast/Documents/Uni/Vorlesungen/Semester4/ss20rn1/Blatt5/Blatt5/RN1_InanRamaStuby_Blatt5
[13:39:24] cwd: /home/jast/Documents/Uni/Vorlesungen/Semester4/ss20rn1/Blatt5/Blatt5
[13:39:24] LaTeX build process spawned. PID: 376201.
[13:39:24] LaTeX log parsed with 0 messages.
[13:39:24] Recipe of length 1 finished. PID: 376201.
[13:39:24] Successfully built /home/jast/Documents/Uni/Vorlesungen/Semester4/ss20rn1/Blatt5/Blatt5/RN1_InanRamaStuby_Blatt5.tex.
[13:39:24] Refresh PDF viewer for /home/jast/Documents/Uni/Vorlesungen/Semester4/ss20rn1/Blatt5/Blatt5/RN1_InanRamaStuby_Blatt5.pdf
[13:39:24] Parse fls file.
[13:39:24] Fls file found: /home/jast/Documents/Uni/Vorlesungen/Semester4/ss20rn1/Blatt5/Blatt5/RN1_InanRamaStuby_Blatt5.fls
[13:39:24] Parse aux file: /home/jast/Documents/Uni/Vorlesungen/Semester4/ss20rn1/Blatt5/Blatt5/RN1_InanRamaStuby_Blatt5.aux
[13:39:24] Preview PDF file: /home/jast/Documents/Uni/Vorlesungen/Semester4/ss20rn1/Blatt5/Blatt5/RN1_InanRamaStuby_Blatt5.pdf
[13:39:25] Handle data type: loaded
[13:39:40] File watcher - file changed: /home/jast/Documents/Uni/Vorlesungen/Semester4/ss20rn1/Blatt5/Blatt5/tex/problem1.tex
[13:39:40] Parsing a file and its subfiles: /home/jast/Documents/Uni/Vorlesungen/Semester4/ss20rn1/Blatt5/Blatt5/tex/problem1.tex
[13:39:40] Parse fls file.
[13:39:40] Cannot find fls file: /home/jast/Documents/Uni/Vorlesungen/Semester4/ss20rn1/Blatt5/Blatt5/tex/problem1.fls
[13:39:40] Auto build started detecting the change of a file: /home/jast/Documents/Uni/Vorlesungen/Semester4/ss20rn1/Blatt5/Blatt5/tex/problem1.tex
[13:39:40] BUILD command invoked.
[13:39:40] Building root file: /home/jast/Documents/Uni/Vorlesungen/Semester4/ss20rn1/Blatt5/Blatt5/RN1_InanRamaStuby_Blatt5.tex
[13:39:40] Build root file /home/jast/Documents/Uni/Vorlesungen/Semester4/ss20rn1/Blatt5/Blatt5/RN1_InanRamaStuby_Blatt5.tex
[13:39:40] Recipe step 1: latexmk, --shell-escape,-synctex=1,-interaction=nonstopmode,-file-line-error,-pdf,/home/jast/Documents/Uni/Vorlesungen/Semester4/ss20rn1/Blatt5/Blatt5/RN1_InanRamaStuby_Blatt5
[13:39:40] cwd: /home/jast/Documents/Uni/Vorlesungen/Semester4/ss20rn1/Blatt5/Blatt5
[13:39:40] LaTeX build process spawned. PID: 376541.
[13:39:40] Recipe of length 1 finished. PID: 376541.
[13:39:40] Successfully built /home/jast/Documents/Uni/Vorlesungen/Semester4/ss20rn1/Blatt5/Blatt5/RN1_InanRamaStuby_Blatt5.tex.
[13:39:47] CLEAN command invoked.
[13:39:47] Keep using the same root file: /home/jast/Documents/Uni/Vorlesungen/Semester4/ss20rn1/Blatt5/Blatt5/RN1_InanRamaStuby_Blatt5.tex.
[13:39:47] File cleaned: /home/jast/Documents/Uni/Vorlesungen/Semester4/ss20rn1/Blatt5/Blatt5/RN1_InanRamaStuby_Blatt5.aux
[13:39:47] File cleaned: /home/jast/Documents/Uni/Vorlesungen/Semester4/ss20rn1/Blatt5/Blatt5/RN1_InanRamaStuby_Blatt5.fls
[13:39:47] File cleaned: /home/jast/Documents/Uni/Vorlesungen/Semester4/ss20rn1/Blatt5/Blatt5/RN1_InanRamaStuby_Blatt5.log
[13:39:47] File cleaned: /home/jast/Documents/Uni/Vorlesungen/Semester4/ss20rn1/Blatt5/Blatt5/RN1_InanRamaStuby_Blatt5.fdb_latexmk
