Looking for git in: git
Using git 2.27.0 from git
> git rev-parse --show-toplevel
> git rev-parse --git-dir
Open repository: /home/jast/Documents/Uni/Vorlesungen/Semester4/ss20propa
> git fetch
> git status -z -u
> git symbolic-ref --short HEAD
> git rev-parse master
> git rev-parse --symbolic-full-name master@{u}
> git rev-list --left-right master...refs/remotes/origin/master
> git for-each-ref --format %(refname) %(objectname) --sort -committerdate
> git remote --verbose
> git config --get commit.template
> git show :exercise5/task2/expression5.json
> git ls-files --stage -- /home/jast/Documents/Uni/Vorlesungen/Semester4/ss20propa/exercise5/task2/expression5.json
> git cat-file -s e92b5a24274619fe70037553f99a2c978dfe3db3
> git check-ignore -v -z --stdin
> git status -z -u
> git symbolic-ref --short HEAD
> git rev-parse master
> git rev-parse --symbolic-full-name master@{u}
> git rev-list --left-right master...refs/remotes/origin/master
> git for-each-ref --format %(refname) %(objectname) --sort -committerdate
> git remote --verbose
> git config --get commit.template
> git ls-files --stage -- /home/jast/Documents/Uni/Vorlesungen/Semester4/ss20propa/exercise5/task2/expression5.json
> git cat-file -s e92b5a24274619fe70037553f99a2c978dfe3db3
> git show :exercise5/task2/expression5.json
> git status -z -u
> git symbolic-ref --short HEAD
> git rev-parse master
> git rev-parse --symbolic-full-name master@{u}
> git rev-list --left-right master...refs/remotes/origin/master
> git for-each-ref --format %(refname) %(objectname) --sort -committerdate
> git remote --verbose
> git config --get commit.template
