Looking for git in: git
Using git 2.27.0 from git
> git rev-parse --show-toplevel
> git rev-parse --git-dir
Open repository: /home/jast/Documents/Uni/Vorlesungen/Semester4/ss20NumGl
> git fetch
> git status -z -u
> git symbolic-ref --short HEAD
> git rev-parse master
> git rev-parse --symbolic-full-name master@{u}
> git rev-list --left-right master...refs/remotes/origin/master
> git for-each-ref --sort -committerdate --format %(refname) %(objectname)
> git remote --verbose
> git log --format=%H%n%aN%n%aE%n%at%n%ct%n%P%n%B -z -n21 -- /home/jast/Documents/Uni/Vorlesungen/Semester4/ss20NumGl/NumGl_Blatt06/tex/c.tex
Warning: Failed to watch ref '/home/jast/Documents/Uni/Vorlesungen/Semester4/ss20NumGl/.git/refs/remotes/origin/master', is most likely packed.
> git config --get commit.template
> git show --textconv :NumGl_Blatt06/tex/c.tex
> git ls-files --stage -- /home/jast/Documents/Uni/Vorlesungen/Semester4/ss20NumGl/NumGl_Blatt06/tex/c.tex
> git cat-file -s 22d97b0e4309e1b19147c0e4b3b1b83ec13b685a
> git check-ignore -v -z --stdin
> git ls-files --stage -- /home/jast/Documents/Uni/Vorlesungen/Semester4/ss20NumGl/NumGl_Blatt06/tex/c.tex
> git cat-file -s 22d97b0e4309e1b19147c0e4b3b1b83ec13b685a
> git show --textconv :NumGl_Blatt06/tex/c.tex
From https://github.com/chrishaxalot/ss20NumGl
   8b9a5a5..152f0e5  master     -> origin/master
> git status -z -u
> git symbolic-ref --short HEAD
> git rev-parse master
> git rev-parse --symbolic-full-name master@{u}
> git rev-list --left-right master...refs/remotes/origin/master
> git for-each-ref --sort -committerdate --format %(refname) %(objectname)
> git remote --verbose
> git config --get commit.template
> git ls-files --stage -- /home/jast/Documents/Uni/Vorlesungen/Semester4/ss20NumGl/NumGl_Blatt06/tex/c.tex
> git cat-file -s 22d97b0e4309e1b19147c0e4b3b1b83ec13b685a
> git show --textconv :NumGl_Blatt06/tex/c.tex
> git status -z -u
> git symbolic-ref --short HEAD
> git rev-parse master
> git rev-parse --symbolic-full-name master@{u}
> git rev-list --left-right master...refs/remotes/origin/master
> git for-each-ref --sort -committerdate --format %(refname) %(objectname)
> git remote --verbose
> git config --get commit.template
> git status -z -u
> git symbolic-ref --short HEAD
> git rev-parse master
> git rev-parse --symbolic-full-name master@{u}
> git rev-list --left-right master...refs/remotes/origin/master
> git for-each-ref --sort -committerdate --format %(refname) %(objectname)
> git remote --verbose
> git config --get commit.template
> git fetch
> git status -z -u
> git symbolic-ref --short HEAD
> git rev-parse master
> git rev-parse --symbolic-full-name master@{u}
> git rev-list --left-right master...refs/remotes/origin/master
> git for-each-ref --sort -committerdate --format %(refname) %(objectname)
> git remote --verbose
> git config --get commit.template
> git status -z -u
> git symbolic-ref --short HEAD
> git rev-parse master
> git rev-parse --symbolic-full-name master@{u}
> git rev-list --left-right master...refs/remotes/origin/master
> git for-each-ref --sort -committerdate --format %(refname) %(objectname)
> git remote --verbose
> git config --get commit.template
> git show --textconv :NumGl_Blatt06/tex/c.tex
> git ls-files --stage -- /home/jast/Documents/Uni/Vorlesungen/Semester4/ss20NumGl/NumGl_Blatt06/tex/c.tex
> git cat-file -s 22d97b0e4309e1b19147c0e4b3b1b83ec13b685a
> git show --textconv :NumGl_Blatt06/tex/b.tex
> git ls-files --stage -- /home/jast/Documents/Uni/Vorlesungen/Semester4/ss20NumGl/NumGl_Blatt06/tex/b.tex
> git cat-file -s b75c9ea3884076420a9e82ea840710fdaaceb6dc
> git show --textconv :NumGl_Blatt06/tex/c.tex
> git ls-files --stage -- /home/jast/Documents/Uni/Vorlesungen/Semester4/ss20NumGl/NumGl_Blatt06/tex/c.tex
> git cat-file -s 22d97b0e4309e1b19147c0e4b3b1b83ec13b685a
> git status -z -u
> git symbolic-ref --short HEAD
> git rev-parse master
> git rev-parse --symbolic-full-name master@{u}
> git rev-list --left-right master...refs/remotes/origin/master
> git for-each-ref --sort -committerdate --format %(refname) %(objectname)
> git remote --verbose
> git config --get commit.template
> git status -z -u
> git ls-files --stage -- /home/jast/Documents/Uni/Vorlesungen/Semester4/ss20NumGl/NumGl_Blatt06/tex/c.tex
> git cat-file -s cdba9ce722dc69fc65f8068a9f47e68f420f0c20
> git symbolic-ref --short HEAD
> git rev-parse master
> git rev-parse --symbolic-full-name master@{u}
> git show --textconv :NumGl_Blatt06/tex/c.tex
> git rev-list --left-right master...refs/remotes/origin/master
> git for-each-ref --sort -committerdate --format %(refname) %(objectname)
> git remote --verbose
> git config --get commit.template
> git status -z -u
> git symbolic-ref --short HEAD
> git rev-parse master
> git rev-parse --symbolic-full-name master@{u}
> git rev-list --left-right master...refs/remotes/origin/master
> git for-each-ref --sort -committerdate --format %(refname) %(objectname)
> git remote --verbose
> git config --get commit.template
> git status -z -u
> git symbolic-ref --short HEAD
> git rev-parse master
> git rev-parse --symbolic-full-name master@{u}
> git rev-list --left-right master...refs/remotes/origin/master
> git for-each-ref --sort -committerdate --format %(refname) %(objectname)
> git remote --verbose
> git config --get commit.template
> git fetch
> git status -z -u
> git symbolic-ref --short HEAD
> git rev-parse master
> git rev-parse --symbolic-full-name master@{u}
> git rev-list --left-right master...refs/remotes/origin/master
> git for-each-ref --sort -committerdate --format %(refname) %(objectname)
> git remote --verbose
> git config --get commit.template
> git ls-files --stage -- /home/jast/Documents/Uni/Vorlesungen/Semester4/ss20NumGl/NumGl_Blatt06/tex/c.tex
> git cat-file -s cdba9ce722dc69fc65f8068a9f47e68f420f0c20
> git show --textconv :NumGl_Blatt06/tex/c.tex
> git status -z -u
> git symbolic-ref --short HEAD
> git rev-parse master
> git rev-parse --symbolic-full-name master@{u}
> git rev-list --left-right master...refs/remotes/origin/master
> git for-each-ref --sort -committerdate --format %(refname) %(objectname)
> git remote --verbose
> git config --get commit.template
> git show --textconv :NumGl_Blatt06/tex/c.tex
> git ls-files --stage -- /home/jast/Documents/Uni/Vorlesungen/Semester4/ss20NumGl/NumGl_Blatt06/tex/c.tex
> git cat-file -s cdba9ce722dc69fc65f8068a9f47e68f420f0c20
> git status -z -u
> git symbolic-ref --short HEAD
> git rev-parse master
> git rev-parse --symbolic-full-name master@{u}
> git rev-list --left-right master...refs/remotes/origin/master
> git for-each-ref --sort -committerdate --format %(refname) %(objectname)
> git remote --verbose
> git config --get commit.template
> git show --textconv :NumGl_Blatt06/tex/b.tex
> git ls-files --stage -- /home/jast/Documents/Uni/Vorlesungen/Semester4/ss20NumGl/NumGl_Blatt06/tex/b.tex
> git cat-file -s b75c9ea3884076420a9e82ea840710fdaaceb6dc
> git show --textconv :NumGl_Blatt06/tex/c.tex
> git ls-files --stage -- /home/jast/Documents/Uni/Vorlesungen/Semester4/ss20NumGl/NumGl_Blatt06/tex/c.tex
> git cat-file -s cdba9ce722dc69fc65f8068a9f47e68f420f0c20
> git show --textconv :NumGl_Blatt06/tex/b.tex
> git ls-files --stage -- /home/jast/Documents/Uni/Vorlesungen/Semester4/ss20NumGl/NumGl_Blatt06/tex/b.tex
> git cat-file -s b75c9ea3884076420a9e82ea840710fdaaceb6dc
> git status -z -u
> git symbolic-ref --short HEAD
> git rev-parse master
> git rev-parse --symbolic-full-name master@{u}
> git rev-list --left-right master...refs/remotes/origin/master
> git for-each-ref --sort -committerdate --format %(refname) %(objectname)
> git remote --verbose
> git config --get commit.template
> git check-ignore -v -z --stdin
> git check-ignore -v -z --stdin
> git show --textconv :NumGl_Blatt06/tex/a.tex
> git ls-files --stage -- /home/jast/Documents/Uni/Vorlesungen/Semester4/ss20NumGl/NumGl_Blatt06/tex/a.tex
> git cat-file -s d1b6901a5d5615f2294b74e39632a6cdce1a05f6
> git show --textconv :NumGl_Blatt06/tex/B6A1.tex
> git ls-files --stage -- /home/jast/Documents/Uni/Vorlesungen/Semester4/ss20NumGl/NumGl_Blatt06/tex/B6A1.tex
> git cat-file -s 218533fc4c8544905b34d00eea09e2114054b880
> git status -z -u
> git symbolic-ref --short HEAD
> git rev-parse master
> git rev-parse --symbolic-full-name master@{u}
> git rev-list --left-right master...refs/remotes/origin/master
> git for-each-ref --sort -committerdate --format %(refname) %(objectname)
> git remote --verbose
> git config --get commit.template
> git show --textconv :NumGl_Blatt06/tex/b.tex
> git ls-files --stage -- /home/jast/Documents/Uni/Vorlesungen/Semester4/ss20NumGl/NumGl_Blatt06/tex/b.tex
> git cat-file -s b75c9ea3884076420a9e82ea840710fdaaceb6dc
> git show --textconv :NumGl_Blatt06/tex/a.tex
> git ls-files --stage -- /home/jast/Documents/Uni/Vorlesungen/Semester4/ss20NumGl/NumGl_Blatt06/tex/a.tex
> git cat-file -s d1b6901a5d5615f2294b74e39632a6cdce1a05f6
> git fetch
> git check-ignore -v -z --stdin
> git status -z -u
> git symbolic-ref --short HEAD
> git rev-parse master
> git rev-parse --symbolic-full-name master@{u}
> git rev-list --left-right master...refs/remotes/origin/master
> git for-each-ref --sort -committerdate --format %(refname) %(objectname)
> git remote --verbose
> git config --get commit.template
> git ls-files --stage -- /home/jast/Documents/Uni/Vorlesungen/Semester4/ss20NumGl/NumGl_Blatt06/tex/a.tex
> git cat-file -s d1b6901a5d5615f2294b74e39632a6cdce1a05f6
> git show --textconv :NumGl_Blatt06/tex/a.tex
> git status -z -u
> git symbolic-ref --short HEAD
> git rev-parse master
> git rev-parse --symbolic-full-name master@{u}
> git rev-list --left-right master...refs/remotes/origin/master
> git for-each-ref --sort -committerdate --format %(refname) %(objectname)
> git remote --verbose
> git config --get commit.template
> git check-ignore -v -z --stdin
> git status -z -u
> git symbolic-ref --short HEAD
> git rev-parse master
> git rev-parse --symbolic-full-name master@{u}
> git rev-list --left-right master...refs/remotes/origin/master
> git for-each-ref --sort -committerdate --format %(refname) %(objectname)
> git remote --verbose
> git config --get commit.template
> git status -z -u
> git symbolic-ref --short HEAD
> git rev-parse master
> git rev-parse --symbolic-full-name master@{u}
> git rev-list --left-right master...refs/remotes/origin/master
> git for-each-ref --sort -committerdate --format %(refname) %(objectname)
> git remote --verbose
> git config --get commit.template
> git show --textconv :NumGl_Blatt06/numGl_Blatt06.tex
> git ls-files --stage -- /home/jast/Documents/Uni/Vorlesungen/Semester4/ss20NumGl/NumGl_Blatt06/numGl_Blatt06.tex
> git cat-file -s 9ed7e0711b7477427e515308710fbd6eabfb27b7
> git check-ignore -v -z --stdin
> git show --textconv :NumGl_Blatt06/tex/a.tex
> git ls-files --stage -- /home/jast/Documents/Uni/Vorlesungen/Semester4/ss20NumGl/NumGl_Blatt06/tex/a.tex
> git cat-file -s d1b6901a5d5615f2294b74e39632a6cdce1a05f6
> git log --format=%H%n%aN%n%aE%n%at%n%ct%n%P%n%B -z -n21 -- /home/jast/Documents/Uni/Vorlesungen/Semester4/ss20NumGl/NumGl_Blatt06/tex/a.tex
